The target system is: Linux -  - arm
The host system is: Linux - 5.11.16-200.fc33.x86_64 - x86_64
Compiling the C compiler identification source file "CMakeCCompilerId.c" succeeded.
Compiler: /home/henne/usertmp/mbranch/RPOSC-LogicAnalyser/gcc-arm-10.2-2020.11-x86_64-arm-none-linux-gnueabihf/bin/arm-none-linux-gnueabihf-gcc 
Build flags: 
Id flags:  

The output was:
0


Compilation of the C compiler identification source "CMakeCCompilerId.c" produced "a.out"

The C compiler identification is GNU, found in "/home/henne/usertmp/mbranch/RPOSC-LogicAnalyser/build/CMakeFiles/3.19.7/CompilerIdC/a.out"

Compiling the CXX compiler identification source file "CMakeCXXCompilerId.cpp" succeeded.
Compiler: /home/henne/usertmp/mbranch/RPOSC-LogicAnalyser/gcc-arm-10.2-2020.11-x86_64-arm-none-linux-gnueabihf/bin/arm-none-linux-gnueabihf-g++ 
Build flags: -fPIC;-Os;-s
Id flags:  

The output was:
0


Compilation of the CXX compiler identification source "CMakeCXXCompilerId.cpp" produced "a.out"

The CXX compiler identification is GNU, found in "/home/henne/usertmp/mbranch/RPOSC-LogicAnalyser/build/CMakeFiles/3.19.7/CompilerIdCXX/a.out"

Detecting C compiler ABI info compiled with the following output:
Change Dir: /home/henne/usertmp/mbranch/RPOSC-LogicAnalyser/build/CMakeFiles/CMakeTmp

Run Build Command(s):/usr/bin/gmake cmTC_df1db/fast && /usr/bin/gmake  -f CMakeFiles/cmTC_df1db.dir/build.make CMakeFiles/cmTC_df1db.dir/build
gmake[1]: Entering directory '/home/henne/usertmp/mbranch/RPOSC-LogicAnalyser/build/CMakeFiles/CMakeTmp'
Building C object CMakeFiles/cmTC_df1db.dir/CMakeCCompilerABI.c.o
/home/henne/usertmp/mbranch/RPOSC-LogicAnalyser/gcc-arm-10.2-2020.11-x86_64-arm-none-linux-gnueabihf/bin/arm-none-linux-gnueabihf-gcc   -v -o CMakeFiles/cmTC_df1db.dir/CMakeCCompilerABI.c.o -c /usr/share/cmake/Modules/CMakeCCompilerABI.c
Using built-in specs.
COLLECT_GCC=/home/henne/usertmp/mbranch/RPOSC-LogicAnalyser/gcc-arm-10.2-2020.11-x86_64-arm-none-linux-gnueabihf/bin/arm-none-linux-gnueabihf-gcc
Target: arm-none-linux-gnueabihf
Configured with: /tmp/dgboter/bbs/build03--cen7x86_64/buildbot/cen7x86_64--arm-none-linux-gnueabihf/build/src/gcc/configure --target=arm-none-linux-gnueabihf --prefix= --with-sysroot=/arm-none-linux-gnueabihf/libc --with-build-sysroot=/tmp/dgboter/bbs/build03--cen7x86_64/buildbot/cen7x86_64--arm-none-linux-gnueabihf/build/build-arm-none-linux-gnueabihf/install//arm-none-linux-gnueabihf/libc --with-bugurl=https://bugs.linaro.org/ --enable-gnu-indirect-function --enable-shared --disable-libssp --disable-libmudflap --enable-checking=release --enable-languages=c,c++,fortran --with-gmp=/tmp/dgboter/bbs/build03--cen7x86_64/buildbot/cen7x86_64--arm-none-linux-gnueabihf/build/build-arm-none-linux-gnueabihf/host-tools --with-mpfr=/tmp/dgboter/bbs/build03--cen7x86_64/buildbot/cen7x86_64--arm-none-linux-gnueabihf/build/build-arm-none-linux-gnueabihf/host-tools --with-mpc=/tmp/dgboter/bbs/build03--cen7x86_64/buildbot/cen7x86_64--arm-none-linux-gnueabihf/build/build-arm-none-linux-gnueabihf/host-tools --with-isl=/tmp/dgboter/bbs/build03--cen7x86_64/buildbot/cen7x86_64--arm-none-linux-gnueabihf/build/build-arm-none-linux-gnueabihf/host-tools --with-arch=armv7-a --with-fpu=neon --with-float=hard --with-mode=thumb --with-arch=armv7-a --with-pkgversion='GNU Toolchain for the A-profile Architecture 10.2-2020.11 (arm-10.16)'
Thread model: posix
Supported LTO compression algorithms: zlib
gcc version 10.2.1 20201103 (GNU Toolchain for the A-profile Architecture 10.2-2020.11 (arm-10.16)) 
COLLECT_GCC_OPTIONS='-v' '-o' 'CMakeFiles/cmTC_df1db.dir/CMakeCCompilerABI.c.o' '-c'  '-mfloat-abi=hard' '-mfpu=neon' '-mthumb' '-mtls-dialect=gnu' '-march=armv7-a+simd'
 /home/henne/usertmp/mbranch/RPOSC-LogicAnalyser/gcc-arm-10.2-2020.11-x86_64-arm-none-linux-gnueabihf/bin/../libexec/gcc/arm-none-linux-gnueabihf/10.2.1/cc1 -quiet -v -iprefix /home/henne/usertmp/mbranch/RPOSC-LogicAnalyser/gcc-arm-10.2-2020.11-x86_64-arm-none-linux-gnueabihf/bin/../lib/gcc/arm-none-linux-gnueabihf/10.2.1/ -isysroot /home/henne/usertmp/mbranch/RPOSC-LogicAnalyser/gcc-arm-10.2-2020.11-x86_64-arm-none-linux-gnueabihf/bin/../arm-none-linux-gnueabihf/libc /usr/share/cmake/Modules/CMakeCCompilerABI.c -quiet -dumpbase CMakeCCompilerABI.c -mfloat-abi=hard -mfpu=neon -mthumb -mtls-dialect=gnu -march=armv7-a+simd -auxbase-strip CMakeFiles/cmTC_df1db.dir/CMakeCCompilerABI.c.o -version -o /tmp/ccZjzkcq.s
GNU C17 (GNU Toolchain for the A-profile Architecture 10.2-2020.11 (arm-10.16)) version 10.2.1 20201103 (arm-none-linux-gnueabihf)
	compiled by GNU C version 4.8.5 20150623 (Red Hat 4.8.5-39), GMP version 4.3.2, MPFR version 3.1.6, MPC version 1.0.3, isl version isl-0.15-1-g835ea3a-GMP

GGC heuristics: --param ggc-min-expand=100 --param ggc-min-heapsize=131072
ignoring duplicate directory "/home/henne/usertmp/mbranch/RPOSC-LogicAnalyser/gcc-arm-10.2-2020.11-x86_64-arm-none-linux-gnueabihf/bin/../lib/gcc/../../lib/gcc/arm-none-linux-gnueabihf/10.2.1/include"
ignoring nonexistent directory "/home/henne/usertmp/mbranch/RPOSC-LogicAnalyser/gcc-arm-10.2-2020.11-x86_64-arm-none-linux-gnueabihf/bin/../arm-none-linux-gnueabihf/libc/usr/local/include"
ignoring duplicate directory "/home/henne/usertmp/mbranch/RPOSC-LogicAnalyser/gcc-arm-10.2-2020.11-x86_64-arm-none-linux-gnueabihf/bin/../lib/gcc/../../lib/gcc/arm-none-linux-gnueabihf/10.2.1/include-fixed"
ignoring duplicate directory "/home/henne/usertmp/mbranch/RPOSC-LogicAnalyser/gcc-arm-10.2-2020.11-x86_64-arm-none-linux-gnueabihf/bin/../lib/gcc/../../lib/gcc/arm-none-linux-gnueabihf/10.2.1/../../../../arm-none-linux-gnueabihf/include"
#include "..." search starts here:
#include <...> search starts here:
 /home/henne/usertmp/mbranch/RPOSC-LogicAnalyser/gcc-arm-10.2-2020.11-x86_64-arm-none-linux-gnueabihf/bin/../lib/gcc/arm-none-linux-gnueabihf/10.2.1/include
 /home/henne/usertmp/mbranch/RPOSC-LogicAnalyser/gcc-arm-10.2-2020.11-x86_64-arm-none-linux-gnueabihf/bin/../lib/gcc/arm-none-linux-gnueabihf/10.2.1/include-fixed
 /home/henne/usertmp/mbranch/RPOSC-LogicAnalyser/gcc-arm-10.2-2020.11-x86_64-arm-none-linux-gnueabihf/bin/../lib/gcc/arm-none-linux-gnueabihf/10.2.1/../../../../arm-none-linux-gnueabihf/include
 /home/henne/usertmp/mbranch/RPOSC-LogicAnalyser/gcc-arm-10.2-2020.11-x86_64-arm-none-linux-gnueabihf/bin/../arm-none-linux-gnueabihf/libc/usr/include
End of search list.
GNU C17 (GNU Toolchain for the A-profile Architecture 10.2-2020.11 (arm-10.16)) version 10.2.1 20201103 (arm-none-linux-gnueabihf)
	compiled by GNU C version 4.8.5 20150623 (Red Hat 4.8.5-39), GMP version 4.3.2, MPFR version 3.1.6, MPC version 1.0.3, isl version isl-0.15-1-g835ea3a-GMP

GGC heuristics: --param ggc-min-expand=100 --param ggc-min-heapsize=131072
Compiler executable checksum: d0d3d75a0e1e99e31899d4d83cf27b91
COLLECT_GCC_OPTIONS='-v' '-o' 'CMakeFiles/cmTC_df1db.dir/CMakeCCompilerABI.c.o' '-c'  '-mfloat-abi=hard' '-mfpu=neon' '-mthumb' '-mtls-dialect=gnu' '-march=armv7-a+simd'
 /home/henne/usertmp/mbranch/RPOSC-LogicAnalyser/gcc-arm-10.2-2020.11-x86_64-arm-none-linux-gnueabihf/bin/../lib/gcc/arm-none-linux-gnueabihf/10.2.1/../../../../arm-none-linux-gnueabihf/bin/as -v -march=armv7-a -mfloat-abi=hard -mfpu=neon -meabi=5 -o CMakeFiles/cmTC_df1db.dir/CMakeCCompilerABI.c.o /tmp/ccZjzkcq.s
GNU assembler version 2.35.1 (arm-none-linux-gnueabihf) using BFD version (GNU Toolchain for the A-profile Architecture 10.2-2020.11 (arm-10.16)) 2.35.1.20201028
COMPILER_PATH=/home/henne/usertmp/mbranch/RPOSC-LogicAnalyser/gcc-arm-10.2-2020.11-x86_64-arm-none-linux-gnueabihf/bin/../libexec/gcc/arm-none-linux-gnueabihf/10.2.1/:/home/henne/usertmp/mbranch/RPOSC-LogicAnalyser/gcc-arm-10.2-2020.11-x86_64-arm-none-linux-gnueabihf/bin/../libexec/gcc/:/home/henne/usertmp/mbranch/RPOSC-LogicAnalyser/gcc-arm-10.2-2020.11-x86_64-arm-none-linux-gnueabihf/bin/../lib/gcc/arm-none-linux-gnueabihf/10.2.1/../../../../arm-none-linux-gnueabihf/bin/
LIBRARY_PATH=/home/henne/usertmp/mbranch/RPOSC-LogicAnalyser/gcc-arm-10.2-2020.11-x86_64-arm-none-linux-gnueabihf/bin/../lib/gcc/arm-none-linux-gnueabihf/10.2.1/:/home/henne/usertmp/mbranch/RPOSC-LogicAnalyser/gcc-arm-10.2-2020.11-x86_64-arm-none-linux-gnueabihf/bin/../lib/gcc/:/home/henne/usertmp/mbranch/RPOSC-LogicAnalyser/gcc-arm-10.2-2020.11-x86_64-arm-none-linux-gnueabihf/bin/../lib/gcc/arm-none-linux-gnueabihf/10.2.1/../../../../arm-none-linux-gnueabihf/lib/:/home/henne/usertmp/mbranch/RPOSC-LogicAnalyser/gcc-arm-10.2-2020.11-x86_64-arm-none-linux-gnueabihf/bin/../arm-none-linux-gnueabihf/libc/lib/:/home/henne/usertmp/mbranch/RPOSC-LogicAnalyser/gcc-arm-10.2-2020.11-x86_64-arm-none-linux-gnueabihf/bin/../arm-none-linux-gnueabihf/libc/usr/lib/
COLLECT_GCC_OPTIONS='-v' '-o' 'CMakeFiles/cmTC_df1db.dir/CMakeCCompilerABI.c.o' '-c'  '-mfloat-abi=hard' '-mfpu=neon' '-mthumb' '-mtls-dialect=gnu' '-march=armv7-a+simd'
Linking C static library libcmTC_df1db.a
/usr/bin/cmake -P CMakeFiles/cmTC_df1db.dir/cmake_clean_target.cmake
/usr/bin/cmake -E cmake_link_script CMakeFiles/cmTC_df1db.dir/link.txt --verbose=1
/home/henne/usertmp/mbranch/RPOSC-LogicAnalyser/gcc-arm-10.2-2020.11-x86_64-arm-none-linux-gnueabihf/bin/arm-none-linux-gnueabihf-ar qc libcmTC_df1db.a CMakeFiles/cmTC_df1db.dir/CMakeCCompilerABI.c.o
/home/henne/usertmp/mbranch/RPOSC-LogicAnalyser/gcc-arm-10.2-2020.11-x86_64-arm-none-linux-gnueabihf/bin/arm-none-linux-gnueabihf-ranlib libcmTC_df1db.a
gmake[1]: Leaving directory '/home/henne/usertmp/mbranch/RPOSC-LogicAnalyser/build/CMakeFiles/CMakeTmp'



Parsed C implicit include dir info from above output: rv=done
  found start of include info
  found start of implicit include info
    add: [/home/henne/usertmp/mbranch/RPOSC-LogicAnalyser/gcc-arm-10.2-2020.11-x86_64-arm-none-linux-gnueabihf/bin/../lib/gcc/arm-none-linux-gnueabihf/10.2.1/include]
    add: [/home/henne/usertmp/mbranch/RPOSC-LogicAnalyser/gcc-arm-10.2-2020.11-x86_64-arm-none-linux-gnueabihf/bin/../lib/gcc/arm-none-linux-gnueabihf/10.2.1/include-fixed]
    add: [/home/henne/usertmp/mbranch/RPOSC-LogicAnalyser/gcc-arm-10.2-2020.11-x86_64-arm-none-linux-gnueabihf/bin/../lib/gcc/arm-none-linux-gnueabihf/10.2.1/../../../../arm-none-linux-gnueabihf/include]
    add: [/home/henne/usertmp/mbranch/RPOSC-LogicAnalyser/gcc-arm-10.2-2020.11-x86_64-arm-none-linux-gnueabihf/bin/../arm-none-linux-gnueabihf/libc/usr/include]
  end of search list found
  collapse include dir [/home/henne/usertmp/mbranch/RPOSC-LogicAnalyser/gcc-arm-10.2-2020.11-x86_64-arm-none-linux-gnueabihf/bin/../lib/gcc/arm-none-linux-gnueabihf/10.2.1/include] ==> [/home/henne/usertmp/mbranch/RPOSC-LogicAnalyser/gcc-arm-10.2-2020.11-x86_64-arm-none-linux-gnueabihf/lib/gcc/arm-none-linux-gnueabihf/10.2.1/include]
  collapse include dir [/home/henne/usertmp/mbranch/RPOSC-LogicAnalyser/gcc-arm-10.2-2020.11-x86_64-arm-none-linux-gnueabihf/bin/../lib/gcc/arm-none-linux-gnueabihf/10.2.1/include-fixed] ==> [/home/henne/usertmp/mbranch/RPOSC-LogicAnalyser/gcc-arm-10.2-2020.11-x86_64-arm-none-linux-gnueabihf/lib/gcc/arm-none-linux-gnueabihf/10.2.1/include-fixed]
  collapse include dir [/home/henne/usertmp/mbranch/RPOSC-LogicAnalyser/gcc-arm-10.2-2020.11-x86_64-arm-none-linux-gnueabihf/bin/../lib/gcc/arm-none-linux-gnueabihf/10.2.1/../../../../arm-none-linux-gnueabihf/include] ==> [/home/henne/usertmp/mbranch/RPOSC-LogicAnalyser/gcc-arm-10.2-2020.11-x86_64-arm-none-linux-gnueabihf/arm-none-linux-gnueabihf/include]
  collapse include dir [/home/henne/usertmp/mbranch/RPOSC-LogicAnalyser/gcc-arm-10.2-2020.11-x86_64-arm-none-linux-gnueabihf/bin/../arm-none-linux-gnueabihf/libc/usr/include] ==> [/home/henne/usertmp/mbranch/RPOSC-LogicAnalyser/gcc-arm-10.2-2020.11-x86_64-arm-none-linux-gnueabihf/arm-none-linux-gnueabihf/libc/usr/include]
  implicit include dirs: [/home/henne/usertmp/mbranch/RPOSC-LogicAnalyser/gcc-arm-10.2-2020.11-x86_64-arm-none-linux-gnueabihf/lib/gcc/arm-none-linux-gnueabihf/10.2.1/include;/home/henne/usertmp/mbranch/RPOSC-LogicAnalyser/gcc-arm-10.2-2020.11-x86_64-arm-none-linux-gnueabihf/lib/gcc/arm-none-linux-gnueabihf/10.2.1/include-fixed;/home/henne/usertmp/mbranch/RPOSC-LogicAnalyser/gcc-arm-10.2-2020.11-x86_64-arm-none-linux-gnueabihf/arm-none-linux-gnueabihf/include;/home/henne/usertmp/mbranch/RPOSC-LogicAnalyser/gcc-arm-10.2-2020.11-x86_64-arm-none-linux-gnueabihf/arm-none-linux-gnueabihf/libc/usr/include]


Parsed C implicit link information from above output:
  link line regex: [^( *|.*[/\])(arm-none-linux-gnueabihf-ld|CMAKE_LINK_STARTFILE-NOTFOUND|([^/\]+-)?ld|collect2)[^/\]*( |$)]
  ignore line: [Change Dir: /home/henne/usertmp/mbranch/RPOSC-LogicAnalyser/build/CMakeFiles/CMakeTmp]
  ignore line: []
  ignore line: [Run Build Command(s):/usr/bin/gmake cmTC_df1db/fast && /usr/bin/gmake  -f CMakeFiles/cmTC_df1db.dir/build.make CMakeFiles/cmTC_df1db.dir/build]
  ignore line: [gmake[1]: Entering directory '/home/henne/usertmp/mbranch/RPOSC-LogicAnalyser/build/CMakeFiles/CMakeTmp']
  ignore line: [Building C object CMakeFiles/cmTC_df1db.dir/CMakeCCompilerABI.c.o]
  ignore line: [/home/henne/usertmp/mbranch/RPOSC-LogicAnalyser/gcc-arm-10.2-2020.11-x86_64-arm-none-linux-gnueabihf/bin/arm-none-linux-gnueabihf-gcc   -v -o CMakeFiles/cmTC_df1db.dir/CMakeCCompilerABI.c.o -c /usr/share/cmake/Modules/CMakeCCompilerABI.c]
  ignore line: [Using built-in specs.]
  ignore line: [COLLECT_GCC=/home/henne/usertmp/mbranch/RPOSC-LogicAnalyser/gcc-arm-10.2-2020.11-x86_64-arm-none-linux-gnueabihf/bin/arm-none-linux-gnueabihf-gcc]
  ignore line: [Target: arm-none-linux-gnueabihf]
  ignore line: [Configured with: /tmp/dgboter/bbs/build03--cen7x86_64/buildbot/cen7x86_64--arm-none-linux-gnueabihf/build/src/gcc/configure --target=arm-none-linux-gnueabihf --prefix= --with-sysroot=/arm-none-linux-gnueabihf/libc --with-build-sysroot=/tmp/dgboter/bbs/build03--cen7x86_64/buildbot/cen7x86_64--arm-none-linux-gnueabihf/build/build-arm-none-linux-gnueabihf/install//arm-none-linux-gnueabihf/libc --with-bugurl=https://bugs.linaro.org/ --enable-gnu-indirect-function --enable-shared --disable-libssp --disable-libmudflap --enable-checking=release --enable-languages=c c++ fortran --with-gmp=/tmp/dgboter/bbs/build03--cen7x86_64/buildbot/cen7x86_64--arm-none-linux-gnueabihf/build/build-arm-none-linux-gnueabihf/host-tools --with-mpfr=/tmp/dgboter/bbs/build03--cen7x86_64/buildbot/cen7x86_64--arm-none-linux-gnueabihf/build/build-arm-none-linux-gnueabihf/host-tools --with-mpc=/tmp/dgboter/bbs/build03--cen7x86_64/buildbot/cen7x86_64--arm-none-linux-gnueabihf/build/build-arm-none-linux-gnueabihf/host-tools --with-isl=/tmp/dgboter/bbs/build03--cen7x86_64/buildbot/cen7x86_64--arm-none-linux-gnueabihf/build/build-arm-none-linux-gnueabihf/host-tools --with-arch=armv7-a --with-fpu=neon --with-float=hard --with-mode=thumb --with-arch=armv7-a --with-pkgversion='GNU Toolchain for the A-profile Architecture 10.2-2020.11 (arm-10.16)']
  ignore line: [Thread model: posix]
  ignore line: [Supported LTO compression algorithms: zlib]
  ignore line: [gcc version 10.2.1 20201103 (GNU Toolchain for the A-profile Architecture 10.2-2020.11 (arm-10.16)) ]
  ignore line: [COLLECT_GCC_OPTIONS='-v' '-o' 'CMakeFiles/cmTC_df1db.dir/CMakeCCompilerABI.c.o' '-c'  '-mfloat-abi=hard' '-mfpu=neon' '-mthumb' '-mtls-dialect=gnu' '-march=armv7-a+simd']
  ignore line: [ /home/henne/usertmp/mbranch/RPOSC-LogicAnalyser/gcc-arm-10.2-2020.11-x86_64-arm-none-linux-gnueabihf/bin/../libexec/gcc/arm-none-linux-gnueabihf/10.2.1/cc1 -quiet -v -iprefix /home/henne/usertmp/mbranch/RPOSC-LogicAnalyser/gcc-arm-10.2-2020.11-x86_64-arm-none-linux-gnueabihf/bin/../lib/gcc/arm-none-linux-gnueabihf/10.2.1/ -isysroot /home/henne/usertmp/mbranch/RPOSC-LogicAnalyser/gcc-arm-10.2-2020.11-x86_64-arm-none-linux-gnueabihf/bin/../arm-none-linux-gnueabihf/libc /usr/share/cmake/Modules/CMakeCCompilerABI.c -quiet -dumpbase CMakeCCompilerABI.c -mfloat-abi=hard -mfpu=neon -mthumb -mtls-dialect=gnu -march=armv7-a+simd -auxbase-strip CMakeFiles/cmTC_df1db.dir/CMakeCCompilerABI.c.o -version -o /tmp/ccZjzkcq.s]
  ignore line: [GNU C17 (GNU Toolchain for the A-profile Architecture 10.2-2020.11 (arm-10.16)) version 10.2.1 20201103 (arm-none-linux-gnueabihf)]
  ignore line: [	compiled by GNU C version 4.8.5 20150623 (Red Hat 4.8.5-39)  GMP version 4.3.2  MPFR version 3.1.6  MPC version 1.0.3  isl version isl-0.15-1-g835ea3a-GMP]
  ignore line: []
  ignore line: [GGC heuristics: --param ggc-min-expand=100 --param ggc-min-heapsize=131072]
  ignore line: [ignoring duplicate directory "/home/henne/usertmp/mbranch/RPOSC-LogicAnalyser/gcc-arm-10.2-2020.11-x86_64-arm-none-linux-gnueabihf/bin/../lib/gcc/../../lib/gcc/arm-none-linux-gnueabihf/10.2.1/include"]
  ignore line: [ignoring nonexistent directory "/home/henne/usertmp/mbranch/RPOSC-LogicAnalyser/gcc-arm-10.2-2020.11-x86_64-arm-none-linux-gnueabihf/bin/../arm-none-linux-gnueabihf/libc/usr/local/include"]
  ignore line: [ignoring duplicate directory "/home/henne/usertmp/mbranch/RPOSC-LogicAnalyser/gcc-arm-10.2-2020.11-x86_64-arm-none-linux-gnueabihf/bin/../lib/gcc/../../lib/gcc/arm-none-linux-gnueabihf/10.2.1/include-fixed"]
  ignore line: [ignoring duplicate directory "/home/henne/usertmp/mbranch/RPOSC-LogicAnalyser/gcc-arm-10.2-2020.11-x86_64-arm-none-linux-gnueabihf/bin/../lib/gcc/../../lib/gcc/arm-none-linux-gnueabihf/10.2.1/../../../../arm-none-linux-gnueabihf/include"]
  ignore line: [#include "..." search starts here:]
  ignore line: [#include <...> search starts here:]
  ignore line: [ /home/henne/usertmp/mbranch/RPOSC-LogicAnalyser/gcc-arm-10.2-2020.11-x86_64-arm-none-linux-gnueabihf/bin/../lib/gcc/arm-none-linux-gnueabihf/10.2.1/include]
  ignore line: [ /home/henne/usertmp/mbranch/RPOSC-LogicAnalyser/gcc-arm-10.2-2020.11-x86_64-arm-none-linux-gnueabihf/bin/../lib/gcc/arm-none-linux-gnueabihf/10.2.1/include-fixed]
  ignore line: [ /home/henne/usertmp/mbranch/RPOSC-LogicAnalyser/gcc-arm-10.2-2020.11-x86_64-arm-none-linux-gnueabihf/bin/../lib/gcc/arm-none-linux-gnueabihf/10.2.1/../../../../arm-none-linux-gnueabihf/include]
  ignore line: [ /home/henne/usertmp/mbranch/RPOSC-LogicAnalyser/gcc-arm-10.2-2020.11-x86_64-arm-none-linux-gnueabihf/bin/../arm-none-linux-gnueabihf/libc/usr/include]
  ignore line: [End of search list.]
  ignore line: [GNU C17 (GNU Toolchain for the A-profile Architecture 10.2-2020.11 (arm-10.16)) version 10.2.1 20201103 (arm-none-linux-gnueabihf)]
  ignore line: [	compiled by GNU C version 4.8.5 20150623 (Red Hat 4.8.5-39)  GMP version 4.3.2  MPFR version 3.1.6  MPC version 1.0.3  isl version isl-0.15-1-g835ea3a-GMP]
  ignore line: []
  ignore line: [GGC heuristics: --param ggc-min-expand=100 --param ggc-min-heapsize=131072]
  ignore line: [Compiler executable checksum: d0d3d75a0e1e99e31899d4d83cf27b91]
  ignore line: [COLLECT_GCC_OPTIONS='-v' '-o' 'CMakeFiles/cmTC_df1db.dir/CMakeCCompilerABI.c.o' '-c'  '-mfloat-abi=hard' '-mfpu=neon' '-mthumb' '-mtls-dialect=gnu' '-march=armv7-a+simd']
  ignore line: [ /home/henne/usertmp/mbranch/RPOSC-LogicAnalyser/gcc-arm-10.2-2020.11-x86_64-arm-none-linux-gnueabihf/bin/../lib/gcc/arm-none-linux-gnueabihf/10.2.1/../../../../arm-none-linux-gnueabihf/bin/as -v -march=armv7-a -mfloat-abi=hard -mfpu=neon -meabi=5 -o CMakeFiles/cmTC_df1db.dir/CMakeCCompilerABI.c.o /tmp/ccZjzkcq.s]
  ignore line: [GNU assembler version 2.35.1 (arm-none-linux-gnueabihf) using BFD version (GNU Toolchain for the A-profile Architecture 10.2-2020.11 (arm-10.16)) 2.35.1.20201028]
  ignore line: [COMPILER_PATH=/home/henne/usertmp/mbranch/RPOSC-LogicAnalyser/gcc-arm-10.2-2020.11-x86_64-arm-none-linux-gnueabihf/bin/../libexec/gcc/arm-none-linux-gnueabihf/10.2.1/:/home/henne/usertmp/mbranch/RPOSC-LogicAnalyser/gcc-arm-10.2-2020.11-x86_64-arm-none-linux-gnueabihf/bin/../libexec/gcc/:/home/henne/usertmp/mbranch/RPOSC-LogicAnalyser/gcc-arm-10.2-2020.11-x86_64-arm-none-linux-gnueabihf/bin/../lib/gcc/arm-none-linux-gnueabihf/10.2.1/../../../../arm-none-linux-gnueabihf/bin/]
  ignore line: [LIBRARY_PATH=/home/henne/usertmp/mbranch/RPOSC-LogicAnalyser/gcc-arm-10.2-2020.11-x86_64-arm-none-linux-gnueabihf/bin/../lib/gcc/arm-none-linux-gnueabihf/10.2.1/:/home/henne/usertmp/mbranch/RPOSC-LogicAnalyser/gcc-arm-10.2-2020.11-x86_64-arm-none-linux-gnueabihf/bin/../lib/gcc/:/home/henne/usertmp/mbranch/RPOSC-LogicAnalyser/gcc-arm-10.2-2020.11-x86_64-arm-none-linux-gnueabihf/bin/../lib/gcc/arm-none-linux-gnueabihf/10.2.1/../../../../arm-none-linux-gnueabihf/lib/:/home/henne/usertmp/mbranch/RPOSC-LogicAnalyser/gcc-arm-10.2-2020.11-x86_64-arm-none-linux-gnueabihf/bin/../arm-none-linux-gnueabihf/libc/lib/:/home/henne/usertmp/mbranch/RPOSC-LogicAnalyser/gcc-arm-10.2-2020.11-x86_64-arm-none-linux-gnueabihf/bin/../arm-none-linux-gnueabihf/libc/usr/lib/]
  ignore line: [COLLECT_GCC_OPTIONS='-v' '-o' 'CMakeFiles/cmTC_df1db.dir/CMakeCCompilerABI.c.o' '-c'  '-mfloat-abi=hard' '-mfpu=neon' '-mthumb' '-mtls-dialect=gnu' '-march=armv7-a+simd']
  ignore line: [Linking C static library libcmTC_df1db.a]
  ignore line: [/usr/bin/cmake -P CMakeFiles/cmTC_df1db.dir/cmake_clean_target.cmake]
  ignore line: [/usr/bin/cmake -E cmake_link_script CMakeFiles/cmTC_df1db.dir/link.txt --verbose=1]
  ignore line: [/home/henne/usertmp/mbranch/RPOSC-LogicAnalyser/gcc-arm-10.2-2020.11-x86_64-arm-none-linux-gnueabihf/bin/arm-none-linux-gnueabihf-ar qc libcmTC_df1db.a CMakeFiles/cmTC_df1db.dir/CMakeCCompilerABI.c.o]
  ignore line: [/home/henne/usertmp/mbranch/RPOSC-LogicAnalyser/gcc-arm-10.2-2020.11-x86_64-arm-none-linux-gnueabihf/bin/arm-none-linux-gnueabihf-ranlib libcmTC_df1db.a]
  ignore line: [gmake[1]: Leaving directory '/home/henne/usertmp/mbranch/RPOSC-LogicAnalyser/build/CMakeFiles/CMakeTmp']
  ignore line: []
  ignore line: []
  implicit libs: []
  implicit dirs: []
  implicit fwks: []


Detecting CXX compiler ABI info compiled with the following output:
Change Dir: /home/henne/usertmp/mbranch/RPOSC-LogicAnalyser/build/CMakeFiles/CMakeTmp

Run Build Command(s):/usr/bin/gmake cmTC_6e0dd/fast && /usr/bin/gmake  -f CMakeFiles/cmTC_6e0dd.dir/build.make CMakeFiles/cmTC_6e0dd.dir/build
gmake[1]: Entering directory '/home/henne/usertmp/mbranch/RPOSC-LogicAnalyser/build/CMakeFiles/CMakeTmp'
Building CXX object CMakeFiles/cmTC_6e0dd.dir/CMakeCXXCompilerABI.cpp.o
/home/henne/usertmp/mbranch/RPOSC-LogicAnalyser/gcc-arm-10.2-2020.11-x86_64-arm-none-linux-gnueabihf/bin/arm-none-linux-gnueabihf-g++   -fPIC -Os -s    -v -std=gnu++14 -o CMakeFiles/cmTC_6e0dd.dir/CMakeCXXCompilerABI.cpp.o -c /usr/share/cmake/Modules/CMakeCXXCompilerABI.cpp
Using built-in specs.
COLLECT_GCC=/home/henne/usertmp/mbranch/RPOSC-LogicAnalyser/gcc-arm-10.2-2020.11-x86_64-arm-none-linux-gnueabihf/bin/arm-none-linux-gnueabihf-g++
Target: arm-none-linux-gnueabihf
Configured with: /tmp/dgboter/bbs/build03--cen7x86_64/buildbot/cen7x86_64--arm-none-linux-gnueabihf/build/src/gcc/configure --target=arm-none-linux-gnueabihf --prefix= --with-sysroot=/arm-none-linux-gnueabihf/libc --with-build-sysroot=/tmp/dgboter/bbs/build03--cen7x86_64/buildbot/cen7x86_64--arm-none-linux-gnueabihf/build/build-arm-none-linux-gnueabihf/install//arm-none-linux-gnueabihf/libc --with-bugurl=https://bugs.linaro.org/ --enable-gnu-indirect-function --enable-shared --disable-libssp --disable-libmudflap --enable-checking=release --enable-languages=c,c++,fortran --with-gmp=/tmp/dgboter/bbs/build03--cen7x86_64/buildbot/cen7x86_64--arm-none-linux-gnueabihf/build/build-arm-none-linux-gnueabihf/host-tools --with-mpfr=/tmp/dgboter/bbs/build03--cen7x86_64/buildbot/cen7x86_64--arm-none-linux-gnueabihf/build/build-arm-none-linux-gnueabihf/host-tools --with-mpc=/tmp/dgboter/bbs/build03--cen7x86_64/buildbot/cen7x86_64--arm-none-linux-gnueabihf/build/build-arm-none-linux-gnueabihf/host-tools --with-isl=/tmp/dgboter/bbs/build03--cen7x86_64/buildbot/cen7x86_64--arm-none-linux-gnueabihf/build/build-arm-none-linux-gnueabihf/host-tools --with-arch=armv7-a --with-fpu=neon --with-float=hard --with-mode=thumb --with-arch=armv7-a --with-pkgversion='GNU Toolchain for the A-profile Architecture 10.2-2020.11 (arm-10.16)'
Thread model: posix
Supported LTO compression algorithms: zlib
gcc version 10.2.1 20201103 (GNU Toolchain for the A-profile Architecture 10.2-2020.11 (arm-10.16)) 
COLLECT_GCC_OPTIONS='-fPIC' '-Os' '-s' '-v' '-std=gnu++14' '-o' 'CMakeFiles/cmTC_6e0dd.dir/CMakeCXXCompilerABI.cpp.o' '-c' '-shared-libgcc'  '-mfloat-abi=hard' '-mfpu=neon' '-mthumb' '-mtls-dialect=gnu' '-march=armv7-a+simd'
 /home/henne/usertmp/mbranch/RPOSC-LogicAnalyser/gcc-arm-10.2-2020.11-x86_64-arm-none-linux-gnueabihf/bin/../libexec/gcc/arm-none-linux-gnueabihf/10.2.1/cc1plus -quiet -v -iprefix /home/henne/usertmp/mbranch/RPOSC-LogicAnalyser/gcc-arm-10.2-2020.11-x86_64-arm-none-linux-gnueabihf/bin/../lib/gcc/arm-none-linux-gnueabihf/10.2.1/ -isysroot /home/henne/usertmp/mbranch/RPOSC-LogicAnalyser/gcc-arm-10.2-2020.11-x86_64-arm-none-linux-gnueabihf/bin/../arm-none-linux-gnueabihf/libc -D_GNU_SOURCE /usr/share/cmake/Modules/CMakeCXXCompilerABI.cpp -quiet -dumpbase CMakeCXXCompilerABI.cpp -mfloat-abi=hard -mfpu=neon -mthumb -mtls-dialect=gnu -march=armv7-a+simd -auxbase-strip CMakeFiles/cmTC_6e0dd.dir/CMakeCXXCompilerABI.cpp.o -Os -std=gnu++14 -version -fPIC -o /tmp/cccM83te.s
GNU C++14 (GNU Toolchain for the A-profile Architecture 10.2-2020.11 (arm-10.16)) version 10.2.1 20201103 (arm-none-linux-gnueabihf)
	compiled by GNU C version 4.8.5 20150623 (Red Hat 4.8.5-39), GMP version 4.3.2, MPFR version 3.1.6, MPC version 1.0.3, isl version isl-0.15-1-g835ea3a-GMP

GGC heuristics: --param ggc-min-expand=100 --param ggc-min-heapsize=131072
ignoring duplicate directory "/home/henne/usertmp/mbranch/RPOSC-LogicAnalyser/gcc-arm-10.2-2020.11-x86_64-arm-none-linux-gnueabihf/bin/../lib/gcc/../../lib/gcc/arm-none-linux-gnueabihf/10.2.1/../../../../arm-none-linux-gnueabihf/include/c++/10.2.1"
ignoring duplicate directory "/home/henne/usertmp/mbranch/RPOSC-LogicAnalyser/gcc-arm-10.2-2020.11-x86_64-arm-none-linux-gnueabihf/bin/../lib/gcc/../../lib/gcc/arm-none-linux-gnueabihf/10.2.1/../../../../arm-none-linux-gnueabihf/include/c++/10.2.1/arm-none-linux-gnueabihf"
ignoring duplicate directory "/home/henne/usertmp/mbranch/RPOSC-LogicAnalyser/gcc-arm-10.2-2020.11-x86_64-arm-none-linux-gnueabihf/bin/../lib/gcc/../../lib/gcc/arm-none-linux-gnueabihf/10.2.1/../../../../arm-none-linux-gnueabihf/include/c++/10.2.1/backward"
ignoring duplicate directory "/home/henne/usertmp/mbranch/RPOSC-LogicAnalyser/gcc-arm-10.2-2020.11-x86_64-arm-none-linux-gnueabihf/bin/../lib/gcc/../../lib/gcc/arm-none-linux-gnueabihf/10.2.1/include"
ignoring nonexistent directory "/home/henne/usertmp/mbranch/RPOSC-LogicAnalyser/gcc-arm-10.2-2020.11-x86_64-arm-none-linux-gnueabihf/bin/../arm-none-linux-gnueabihf/libc/usr/local/include"
ignoring duplicate directory "/home/henne/usertmp/mbranch/RPOSC-LogicAnalyser/gcc-arm-10.2-2020.11-x86_64-arm-none-linux-gnueabihf/bin/../lib/gcc/../../lib/gcc/arm-none-linux-gnueabihf/10.2.1/include-fixed"
ignoring duplicate directory "/home/henne/usertmp/mbranch/RPOSC-LogicAnalyser/gcc-arm-10.2-2020.11-x86_64-arm-none-linux-gnueabihf/bin/../lib/gcc/../../lib/gcc/arm-none-linux-gnueabihf/10.2.1/../../../../arm-none-linux-gnueabihf/include"
#include "..." search starts here:
#include <...> search starts here:
 /home/henne/usertmp/mbranch/RPOSC-LogicAnalyser/gcc-arm-10.2-2020.11-x86_64-arm-none-linux-gnueabihf/bin/../lib/gcc/arm-none-linux-gnueabihf/10.2.1/../../../../arm-none-linux-gnueabihf/include/c++/10.2.1
 /home/henne/usertmp/mbranch/RPOSC-LogicAnalyser/gcc-arm-10.2-2020.11-x86_64-arm-none-linux-gnueabihf/bin/../lib/gcc/arm-none-linux-gnueabihf/10.2.1/../../../../arm-none-linux-gnueabihf/include/c++/10.2.1/arm-none-linux-gnueabihf
 /home/henne/usertmp/mbranch/RPOSC-LogicAnalyser/gcc-arm-10.2-2020.11-x86_64-arm-none-linux-gnueabihf/bin/../lib/gcc/arm-none-linux-gnueabihf/10.2.1/../../../../arm-none-linux-gnueabihf/include/c++/10.2.1/backward
 /home/henne/usertmp/mbranch/RPOSC-LogicAnalyser/gcc-arm-10.2-2020.11-x86_64-arm-none-linux-gnueabihf/bin/../lib/gcc/arm-none-linux-gnueabihf/10.2.1/include
 /home/henne/usertmp/mbranch/RPOSC-LogicAnalyser/gcc-arm-10.2-2020.11-x86_64-arm-none-linux-gnueabihf/bin/../lib/gcc/arm-none-linux-gnueabihf/10.2.1/include-fixed
 /home/henne/usertmp/mbranch/RPOSC-LogicAnalyser/gcc-arm-10.2-2020.11-x86_64-arm-none-linux-gnueabihf/bin/../lib/gcc/arm-none-linux-gnueabihf/10.2.1/../../../../arm-none-linux-gnueabihf/include
 /home/henne/usertmp/mbranch/RPOSC-LogicAnalyser/gcc-arm-10.2-2020.11-x86_64-arm-none-linux-gnueabihf/bin/../arm-none-linux-gnueabihf/libc/usr/include
End of search list.
GNU C++14 (GNU Toolchain for the A-profile Architecture 10.2-2020.11 (arm-10.16)) version 10.2.1 20201103 (arm-none-linux-gnueabihf)
	compiled by GNU C version 4.8.5 20150623 (Red Hat 4.8.5-39), GMP version 4.3.2, MPFR version 3.1.6, MPC version 1.0.3, isl version isl-0.15-1-g835ea3a-GMP

GGC heuristics: --param ggc-min-expand=100 --param ggc-min-heapsize=131072
Compiler executable checksum: c5f02c228245ba51a1e9d6b4452ebf12
COLLECT_GCC_OPTIONS='-fPIC' '-Os' '-s' '-v' '-std=gnu++14' '-o' 'CMakeFiles/cmTC_6e0dd.dir/CMakeCXXCompilerABI.cpp.o' '-c' '-shared-libgcc'  '-mfloat-abi=hard' '-mfpu=neon' '-mthumb' '-mtls-dialect=gnu' '-march=armv7-a+simd'
 /home/henne/usertmp/mbranch/RPOSC-LogicAnalyser/gcc-arm-10.2-2020.11-x86_64-arm-none-linux-gnueabihf/bin/../lib/gcc/arm-none-linux-gnueabihf/10.2.1/../../../../arm-none-linux-gnueabihf/bin/as -v -march=armv7-a -mfloat-abi=hard -mfpu=neon -meabi=5 -o CMakeFiles/cmTC_6e0dd.dir/CMakeCXXCompilerABI.cpp.o /tmp/cccM83te.s
GNU assembler version 2.35.1 (arm-none-linux-gnueabihf) using BFD version (GNU Toolchain for the A-profile Architecture 10.2-2020.11 (arm-10.16)) 2.35.1.20201028
COMPILER_PATH=/home/henne/usertmp/mbranch/RPOSC-LogicAnalyser/gcc-arm-10.2-2020.11-x86_64-arm-none-linux-gnueabihf/bin/../libexec/gcc/arm-none-linux-gnueabihf/10.2.1/:/home/henne/usertmp/mbranch/RPOSC-LogicAnalyser/gcc-arm-10.2-2020.11-x86_64-arm-none-linux-gnueabihf/bin/../libexec/gcc/:/home/henne/usertmp/mbranch/RPOSC-LogicAnalyser/gcc-arm-10.2-2020.11-x86_64-arm-none-linux-gnueabihf/bin/../lib/gcc/arm-none-linux-gnueabihf/10.2.1/../../../../arm-none-linux-gnueabihf/bin/
LIBRARY_PATH=/home/henne/usertmp/mbranch/RPOSC-LogicAnalyser/gcc-arm-10.2-2020.11-x86_64-arm-none-linux-gnueabihf/bin/../lib/gcc/arm-none-linux-gnueabihf/10.2.1/:/home/henne/usertmp/mbranch/RPOSC-LogicAnalyser/gcc-arm-10.2-2020.11-x86_64-arm-none-linux-gnueabihf/bin/../lib/gcc/:/home/henne/usertmp/mbranch/RPOSC-LogicAnalyser/gcc-arm-10.2-2020.11-x86_64-arm-none-linux-gnueabihf/bin/../lib/gcc/arm-none-linux-gnueabihf/10.2.1/../../../../arm-none-linux-gnueabihf/lib/:/home/henne/usertmp/mbranch/RPOSC-LogicAnalyser/gcc-arm-10.2-2020.11-x86_64-arm-none-linux-gnueabihf/bin/../arm-none-linux-gnueabihf/libc/lib/:/home/henne/usertmp/mbranch/RPOSC-LogicAnalyser/gcc-arm-10.2-2020.11-x86_64-arm-none-linux-gnueabihf/bin/../arm-none-linux-gnueabihf/libc/usr/lib/
COLLECT_GCC_OPTIONS='-fPIC' '-Os' '-s' '-v' '-std=gnu++14' '-o' 'CMakeFiles/cmTC_6e0dd.dir/CMakeCXXCompilerABI.cpp.o' '-c' '-shared-libgcc'  '-mfloat-abi=hard' '-mfpu=neon' '-mthumb' '-mtls-dialect=gnu' '-march=armv7-a+simd'
Linking CXX static library libcmTC_6e0dd.a
/usr/bin/cmake -P CMakeFiles/cmTC_6e0dd.dir/cmake_clean_target.cmake
/usr/bin/cmake -E cmake_link_script CMakeFiles/cmTC_6e0dd.dir/link.txt --verbose=1
/home/henne/usertmp/mbranch/RPOSC-LogicAnalyser/gcc-arm-10.2-2020.11-x86_64-arm-none-linux-gnueabihf/bin/arm-none-linux-gnueabihf-ar qc libcmTC_6e0dd.a CMakeFiles/cmTC_6e0dd.dir/CMakeCXXCompilerABI.cpp.o
/home/henne/usertmp/mbranch/RPOSC-LogicAnalyser/gcc-arm-10.2-2020.11-x86_64-arm-none-linux-gnueabihf/bin/arm-none-linux-gnueabihf-ranlib libcmTC_6e0dd.a
gmake[1]: Leaving directory '/home/henne/usertmp/mbranch/RPOSC-LogicAnalyser/build/CMakeFiles/CMakeTmp'



Parsed CXX implicit include dir info from above output: rv=done
  found start of include info
  found start of implicit include info
    add: [/home/henne/usertmp/mbranch/RPOSC-LogicAnalyser/gcc-arm-10.2-2020.11-x86_64-arm-none-linux-gnueabihf/bin/../lib/gcc/arm-none-linux-gnueabihf/10.2.1/../../../../arm-none-linux-gnueabihf/include/c++/10.2.1]
    add: [/home/henne/usertmp/mbranch/RPOSC-LogicAnalyser/gcc-arm-10.2-2020.11-x86_64-arm-none-linux-gnueabihf/bin/../lib/gcc/arm-none-linux-gnueabihf/10.2.1/../../../../arm-none-linux-gnueabihf/include/c++/10.2.1/arm-none-linux-gnueabihf]
    add: [/home/henne/usertmp/mbranch/RPOSC-LogicAnalyser/gcc-arm-10.2-2020.11-x86_64-arm-none-linux-gnueabihf/bin/../lib/gcc/arm-none-linux-gnueabihf/10.2.1/../../../../arm-none-linux-gnueabihf/include/c++/10.2.1/backward]
    add: [/home/henne/usertmp/mbranch/RPOSC-LogicAnalyser/gcc-arm-10.2-2020.11-x86_64-arm-none-linux-gnueabihf/bin/../lib/gcc/arm-none-linux-gnueabihf/10.2.1/include]
    add: [/home/henne/usertmp/mbranch/RPOSC-LogicAnalyser/gcc-arm-10.2-2020.11-x86_64-arm-none-linux-gnueabihf/bin/../lib/gcc/arm-none-linux-gnueabihf/10.2.1/include-fixed]
    add: [/home/henne/usertmp/mbranch/RPOSC-LogicAnalyser/gcc-arm-10.2-2020.11-x86_64-arm-none-linux-gnueabihf/bin/../lib/gcc/arm-none-linux-gnueabihf/10.2.1/../../../../arm-none-linux-gnueabihf/include]
    add: [/home/henne/usertmp/mbranch/RPOSC-LogicAnalyser/gcc-arm-10.2-2020.11-x86_64-arm-none-linux-gnueabihf/bin/../arm-none-linux-gnueabihf/libc/usr/include]
  end of search list found
  collapse include dir [/home/henne/usertmp/mbranch/RPOSC-LogicAnalyser/gcc-arm-10.2-2020.11-x86_64-arm-none-linux-gnueabihf/bin/../lib/gcc/arm-none-linux-gnueabihf/10.2.1/../../../../arm-none-linux-gnueabihf/include/c++/10.2.1] ==> [/home/henne/usertmp/mbranch/RPOSC-LogicAnalyser/gcc-arm-10.2-2020.11-x86_64-arm-none-linux-gnueabihf/arm-none-linux-gnueabihf/include/c++/10.2.1]
  collapse include dir [/home/henne/usertmp/mbranch/RPOSC-LogicAnalyser/gcc-arm-10.2-2020.11-x86_64-arm-none-linux-gnueabihf/bin/../lib/gcc/arm-none-linux-gnueabihf/10.2.1/../../../../arm-none-linux-gnueabihf/include/c++/10.2.1/arm-none-linux-gnueabihf] ==> [/home/henne/usertmp/mbranch/RPOSC-LogicAnalyser/gcc-arm-10.2-2020.11-x86_64-arm-none-linux-gnueabihf/arm-none-linux-gnueabihf/include/c++/10.2.1/arm-none-linux-gnueabihf]
  collapse include dir [/home/henne/usertmp/mbranch/RPOSC-LogicAnalyser/gcc-arm-10.2-2020.11-x86_64-arm-none-linux-gnueabihf/bin/../lib/gcc/arm-none-linux-gnueabihf/10.2.1/../../../../arm-none-linux-gnueabihf/include/c++/10.2.1/backward] ==> [/home/henne/usertmp/mbranch/RPOSC-LogicAnalyser/gcc-arm-10.2-2020.11-x86_64-arm-none-linux-gnueabihf/arm-none-linux-gnueabihf/include/c++/10.2.1/backward]
  collapse include dir [/home/henne/usertmp/mbranch/RPOSC-LogicAnalyser/gcc-arm-10.2-2020.11-x86_64-arm-none-linux-gnueabihf/bin/../lib/gcc/arm-none-linux-gnueabihf/10.2.1/include] ==> [/home/henne/usertmp/mbranch/RPOSC-LogicAnalyser/gcc-arm-10.2-2020.11-x86_64-arm-none-linux-gnueabihf/lib/gcc/arm-none-linux-gnueabihf/10.2.1/include]
  collapse include dir [/home/henne/usertmp/mbranch/RPOSC-LogicAnalyser/gcc-arm-10.2-2020.11-x86_64-arm-none-linux-gnueabihf/bin/../lib/gcc/arm-none-linux-gnueabihf/10.2.1/include-fixed] ==> [/home/henne/usertmp/mbranch/RPOSC-LogicAnalyser/gcc-arm-10.2-2020.11-x86_64-arm-none-linux-gnueabihf/lib/gcc/arm-none-linux-gnueabihf/10.2.1/include-fixed]
  collapse include dir [/home/henne/usertmp/mbranch/RPOSC-LogicAnalyser/gcc-arm-10.2-2020.11-x86_64-arm-none-linux-gnueabihf/bin/../lib/gcc/arm-none-linux-gnueabihf/10.2.1/../../../../arm-none-linux-gnueabihf/include] ==> [/home/henne/usertmp/mbranch/RPOSC-LogicAnalyser/gcc-arm-10.2-2020.11-x86_64-arm-none-linux-gnueabihf/arm-none-linux-gnueabihf/include]
  collapse include dir [/home/henne/usertmp/mbranch/RPOSC-LogicAnalyser/gcc-arm-10.2-2020.11-x86_64-arm-none-linux-gnueabihf/bin/../arm-none-linux-gnueabihf/libc/usr/include] ==> [/home/henne/usertmp/mbranch/RPOSC-LogicAnalyser/gcc-arm-10.2-2020.11-x86_64-arm-none-linux-gnueabihf/arm-none-linux-gnueabihf/libc/usr/include]
  implicit include dirs: [/home/henne/usertmp/mbranch/RPOSC-LogicAnalyser/gcc-arm-10.2-2020.11-x86_64-arm-none-linux-gnueabihf/arm-none-linux-gnueabihf/include/c++/10.2.1;/home/henne/usertmp/mbranch/RPOSC-LogicAnalyser/gcc-arm-10.2-2020.11-x86_64-arm-none-linux-gnueabihf/arm-none-linux-gnueabihf/include/c++/10.2.1/arm-none-linux-gnueabihf;/home/henne/usertmp/mbranch/RPOSC-LogicAnalyser/gcc-arm-10.2-2020.11-x86_64-arm-none-linux-gnueabihf/arm-none-linux-gnueabihf/include/c++/10.2.1/backward;/home/henne/usertmp/mbranch/RPOSC-LogicAnalyser/gcc-arm-10.2-2020.11-x86_64-arm-none-linux-gnueabihf/lib/gcc/arm-none-linux-gnueabihf/10.2.1/include;/home/henne/usertmp/mbranch/RPOSC-LogicAnalyser/gcc-arm-10.2-2020.11-x86_64-arm-none-linux-gnueabihf/lib/gcc/arm-none-linux-gnueabihf/10.2.1/include-fixed;/home/henne/usertmp/mbranch/RPOSC-LogicAnalyser/gcc-arm-10.2-2020.11-x86_64-arm-none-linux-gnueabihf/arm-none-linux-gnueabihf/include;/home/henne/usertmp/mbranch/RPOSC-LogicAnalyser/gcc-arm-10.2-2020.11-x86_64-arm-none-linux-gnueabihf/arm-none-linux-gnueabihf/libc/usr/include]


Parsed CXX implicit link information from above output:
  link line regex: [^( *|.*[/\])(arm-none-linux-gnueabihf-ld|CMAKE_LINK_STARTFILE-NOTFOUND|([^/\]+-)?ld|collect2)[^/\]*( |$)]
  ignore line: [Change Dir: /home/henne/usertmp/mbranch/RPOSC-LogicAnalyser/build/CMakeFiles/CMakeTmp]
  ignore line: []
  ignore line: [Run Build Command(s):/usr/bin/gmake cmTC_6e0dd/fast && /usr/bin/gmake  -f CMakeFiles/cmTC_6e0dd.dir/build.make CMakeFiles/cmTC_6e0dd.dir/build]
  ignore line: [gmake[1]: Entering directory '/home/henne/usertmp/mbranch/RPOSC-LogicAnalyser/build/CMakeFiles/CMakeTmp']
  ignore line: [Building CXX object CMakeFiles/cmTC_6e0dd.dir/CMakeCXXCompilerABI.cpp.o]
  ignore line: [/home/henne/usertmp/mbranch/RPOSC-LogicAnalyser/gcc-arm-10.2-2020.11-x86_64-arm-none-linux-gnueabihf/bin/arm-none-linux-gnueabihf-g++   -fPIC -Os -s    -v -std=gnu++14 -o CMakeFiles/cmTC_6e0dd.dir/CMakeCXXCompilerABI.cpp.o -c /usr/share/cmake/Modules/CMakeCXXCompilerABI.cpp]
  ignore line: [Using built-in specs.]
  ignore line: [COLLECT_GCC=/home/henne/usertmp/mbranch/RPOSC-LogicAnalyser/gcc-arm-10.2-2020.11-x86_64-arm-none-linux-gnueabihf/bin/arm-none-linux-gnueabihf-g++]
  ignore line: [Target: arm-none-linux-gnueabihf]
  ignore line: [Configured with: /tmp/dgboter/bbs/build03--cen7x86_64/buildbot/cen7x86_64--arm-none-linux-gnueabihf/build/src/gcc/configure --target=arm-none-linux-gnueabihf --prefix= --with-sysroot=/arm-none-linux-gnueabihf/libc --with-build-sysroot=/tmp/dgboter/bbs/build03--cen7x86_64/buildbot/cen7x86_64--arm-none-linux-gnueabihf/build/build-arm-none-linux-gnueabihf/install//arm-none-linux-gnueabihf/libc --with-bugurl=https://bugs.linaro.org/ --enable-gnu-indirect-function --enable-shared --disable-libssp --disable-libmudflap --enable-checking=release --enable-languages=c c++ fortran --with-gmp=/tmp/dgboter/bbs/build03--cen7x86_64/buildbot/cen7x86_64--arm-none-linux-gnueabihf/build/build-arm-none-linux-gnueabihf/host-tools --with-mpfr=/tmp/dgboter/bbs/build03--cen7x86_64/buildbot/cen7x86_64--arm-none-linux-gnueabihf/build/build-arm-none-linux-gnueabihf/host-tools --with-mpc=/tmp/dgboter/bbs/build03--cen7x86_64/buildbot/cen7x86_64--arm-none-linux-gnueabihf/build/build-arm-none-linux-gnueabihf/host-tools --with-isl=/tmp/dgboter/bbs/build03--cen7x86_64/buildbot/cen7x86_64--arm-none-linux-gnueabihf/build/build-arm-none-linux-gnueabihf/host-tools --with-arch=armv7-a --with-fpu=neon --with-float=hard --with-mode=thumb --with-arch=armv7-a --with-pkgversion='GNU Toolchain for the A-profile Architecture 10.2-2020.11 (arm-10.16)']
  ignore line: [Thread model: posix]
  ignore line: [Supported LTO compression algorithms: zlib]
  ignore line: [gcc version 10.2.1 20201103 (GNU Toolchain for the A-profile Architecture 10.2-2020.11 (arm-10.16)) ]
  ignore line: [COLLECT_GCC_OPTIONS='-fPIC' '-Os' '-s' '-v' '-std=gnu++14' '-o' 'CMakeFiles/cmTC_6e0dd.dir/CMakeCXXCompilerABI.cpp.o' '-c' '-shared-libgcc'  '-mfloat-abi=hard' '-mfpu=neon' '-mthumb' '-mtls-dialect=gnu' '-march=armv7-a+simd']
  ignore line: [ /home/henne/usertmp/mbranch/RPOSC-LogicAnalyser/gcc-arm-10.2-2020.11-x86_64-arm-none-linux-gnueabihf/bin/../libexec/gcc/arm-none-linux-gnueabihf/10.2.1/cc1plus -quiet -v -iprefix /home/henne/usertmp/mbranch/RPOSC-LogicAnalyser/gcc-arm-10.2-2020.11-x86_64-arm-none-linux-gnueabihf/bin/../lib/gcc/arm-none-linux-gnueabihf/10.2.1/ -isysroot /home/henne/usertmp/mbranch/RPOSC-LogicAnalyser/gcc-arm-10.2-2020.11-x86_64-arm-none-linux-gnueabihf/bin/../arm-none-linux-gnueabihf/libc -D_GNU_SOURCE /usr/share/cmake/Modules/CMakeCXXCompilerABI.cpp -quiet -dumpbase CMakeCXXCompilerABI.cpp -mfloat-abi=hard -mfpu=neon -mthumb -mtls-dialect=gnu -march=armv7-a+simd -auxbase-strip CMakeFiles/cmTC_6e0dd.dir/CMakeCXXCompilerABI.cpp.o -Os -std=gnu++14 -version -fPIC -o /tmp/cccM83te.s]
  ignore line: [GNU C++14 (GNU Toolchain for the A-profile Architecture 10.2-2020.11 (arm-10.16)) version 10.2.1 20201103 (arm-none-linux-gnueabihf)]
  ignore line: [	compiled by GNU C version 4.8.5 20150623 (Red Hat 4.8.5-39)  GMP version 4.3.2  MPFR version 3.1.6  MPC version 1.0.3  isl version isl-0.15-1-g835ea3a-GMP]
  ignore line: []
  ignore line: [GGC heuristics: --param ggc-min-expand=100 --param ggc-min-heapsize=131072]
  ignore line: [ignoring duplicate directory "/home/henne/usertmp/mbranch/RPOSC-LogicAnalyser/gcc-arm-10.2-2020.11-x86_64-arm-none-linux-gnueabihf/bin/../lib/gcc/../../lib/gcc/arm-none-linux-gnueabihf/10.2.1/../../../../arm-none-linux-gnueabihf/include/c++/10.2.1"]
  ignore line: [ignoring duplicate directory "/home/henne/usertmp/mbranch/RPOSC-LogicAnalyser/gcc-arm-10.2-2020.11-x86_64-arm-none-linux-gnueabihf/bin/../lib/gcc/../../lib/gcc/arm-none-linux-gnueabihf/10.2.1/../../../../arm-none-linux-gnueabihf/include/c++/10.2.1/arm-none-linux-gnueabihf"]
  ignore line: [ignoring duplicate directory "/home/henne/usertmp/mbranch/RPOSC-LogicAnalyser/gcc-arm-10.2-2020.11-x86_64-arm-none-linux-gnueabihf/bin/../lib/gcc/../../lib/gcc/arm-none-linux-gnueabihf/10.2.1/../../../../arm-none-linux-gnueabihf/include/c++/10.2.1/backward"]
  ignore line: [ignoring duplicate directory "/home/henne/usertmp/mbranch/RPOSC-LogicAnalyser/gcc-arm-10.2-2020.11-x86_64-arm-none-linux-gnueabihf/bin/../lib/gcc/../../lib/gcc/arm-none-linux-gnueabihf/10.2.1/include"]
  ignore line: [ignoring nonexistent directory "/home/henne/usertmp/mbranch/RPOSC-LogicAnalyser/gcc-arm-10.2-2020.11-x86_64-arm-none-linux-gnueabihf/bin/../arm-none-linux-gnueabihf/libc/usr/local/include"]
  ignore line: [ignoring duplicate directory "/home/henne/usertmp/mbranch/RPOSC-LogicAnalyser/gcc-arm-10.2-2020.11-x86_64-arm-none-linux-gnueabihf/bin/../lib/gcc/../../lib/gcc/arm-none-linux-gnueabihf/10.2.1/include-fixed"]
  ignore line: [ignoring duplicate directory "/home/henne/usertmp/mbranch/RPOSC-LogicAnalyser/gcc-arm-10.2-2020.11-x86_64-arm-none-linux-gnueabihf/bin/../lib/gcc/../../lib/gcc/arm-none-linux-gnueabihf/10.2.1/../../../../arm-none-linux-gnueabihf/include"]
  ignore line: [#include "..." search starts here:]
  ignore line: [#include <...> search starts here:]
  ignore line: [ /home/henne/usertmp/mbranch/RPOSC-LogicAnalyser/gcc-arm-10.2-2020.11-x86_64-arm-none-linux-gnueabihf/bin/../lib/gcc/arm-none-linux-gnueabihf/10.2.1/../../../../arm-none-linux-gnueabihf/include/c++/10.2.1]
  ignore line: [ /home/henne/usertmp/mbranch/RPOSC-LogicAnalyser/gcc-arm-10.2-2020.11-x86_64-arm-none-linux-gnueabihf/bin/../lib/gcc/arm-none-linux-gnueabihf/10.2.1/../../../../arm-none-linux-gnueabihf/include/c++/10.2.1/arm-none-linux-gnueabihf]
  ignore line: [ /home/henne/usertmp/mbranch/RPOSC-LogicAnalyser/gcc-arm-10.2-2020.11-x86_64-arm-none-linux-gnueabihf/bin/../lib/gcc/arm-none-linux-gnueabihf/10.2.1/../../../../arm-none-linux-gnueabihf/include/c++/10.2.1/backward]
  ignore line: [ /home/henne/usertmp/mbranch/RPOSC-LogicAnalyser/gcc-arm-10.2-2020.11-x86_64-arm-none-linux-gnueabihf/bin/../lib/gcc/arm-none-linux-gnueabihf/10.2.1/include]
  ignore line: [ /home/henne/usertmp/mbranch/RPOSC-LogicAnalyser/gcc-arm-10.2-2020.11-x86_64-arm-none-linux-gnueabihf/bin/../lib/gcc/arm-none-linux-gnueabihf/10.2.1/include-fixed]
  ignore line: [ /home/henne/usertmp/mbranch/RPOSC-LogicAnalyser/gcc-arm-10.2-2020.11-x86_64-arm-none-linux-gnueabihf/bin/../lib/gcc/arm-none-linux-gnueabihf/10.2.1/../../../../arm-none-linux-gnueabihf/include]
  ignore line: [ /home/henne/usertmp/mbranch/RPOSC-LogicAnalyser/gcc-arm-10.2-2020.11-x86_64-arm-none-linux-gnueabihf/bin/../arm-none-linux-gnueabihf/libc/usr/include]
  ignore line: [End of search list.]
  ignore line: [GNU C++14 (GNU Toolchain for the A-profile Architecture 10.2-2020.11 (arm-10.16)) version 10.2.1 20201103 (arm-none-linux-gnueabihf)]
  ignore line: [	compiled by GNU C version 4.8.5 20150623 (Red Hat 4.8.5-39)  GMP version 4.3.2  MPFR version 3.1.6  MPC version 1.0.3  isl version isl-0.15-1-g835ea3a-GMP]
  ignore line: []
  ignore line: [GGC heuristics: --param ggc-min-expand=100 --param ggc-min-heapsize=131072]
  ignore line: [Compiler executable checksum: c5f02c228245ba51a1e9d6b4452ebf12]
  ignore line: [COLLECT_GCC_OPTIONS='-fPIC' '-Os' '-s' '-v' '-std=gnu++14' '-o' 'CMakeFiles/cmTC_6e0dd.dir/CMakeCXXCompilerABI.cpp.o' '-c' '-shared-libgcc'  '-mfloat-abi=hard' '-mfpu=neon' '-mthumb' '-mtls-dialect=gnu' '-march=armv7-a+simd']
  ignore line: [ /home/henne/usertmp/mbranch/RPOSC-LogicAnalyser/gcc-arm-10.2-2020.11-x86_64-arm-none-linux-gnueabihf/bin/../lib/gcc/arm-none-linux-gnueabihf/10.2.1/../../../../arm-none-linux-gnueabihf/bin/as -v -march=armv7-a -mfloat-abi=hard -mfpu=neon -meabi=5 -o CMakeFiles/cmTC_6e0dd.dir/CMakeCXXCompilerABI.cpp.o /tmp/cccM83te.s]
  ignore line: [GNU assembler version 2.35.1 (arm-none-linux-gnueabihf) using BFD version (GNU Toolchain for the A-profile Architecture 10.2-2020.11 (arm-10.16)) 2.35.1.20201028]
  ignore line: [COMPILER_PATH=/home/henne/usertmp/mbranch/RPOSC-LogicAnalyser/gcc-arm-10.2-2020.11-x86_64-arm-none-linux-gnueabihf/bin/../libexec/gcc/arm-none-linux-gnueabihf/10.2.1/:/home/henne/usertmp/mbranch/RPOSC-LogicAnalyser/gcc-arm-10.2-2020.11-x86_64-arm-none-linux-gnueabihf/bin/../libexec/gcc/:/home/henne/usertmp/mbranch/RPOSC-LogicAnalyser/gcc-arm-10.2-2020.11-x86_64-arm-none-linux-gnueabihf/bin/../lib/gcc/arm-none-linux-gnueabihf/10.2.1/../../../../arm-none-linux-gnueabihf/bin/]
  ignore line: [LIBRARY_PATH=/home/henne/usertmp/mbranch/RPOSC-LogicAnalyser/gcc-arm-10.2-2020.11-x86_64-arm-none-linux-gnueabihf/bin/../lib/gcc/arm-none-linux-gnueabihf/10.2.1/:/home/henne/usertmp/mbranch/RPOSC-LogicAnalyser/gcc-arm-10.2-2020.11-x86_64-arm-none-linux-gnueabihf/bin/../lib/gcc/:/home/henne/usertmp/mbranch/RPOSC-LogicAnalyser/gcc-arm-10.2-2020.11-x86_64-arm-none-linux-gnueabihf/bin/../lib/gcc/arm-none-linux-gnueabihf/10.2.1/../../../../arm-none-linux-gnueabihf/lib/:/home/henne/usertmp/mbranch/RPOSC-LogicAnalyser/gcc-arm-10.2-2020.11-x86_64-arm-none-linux-gnueabihf/bin/../arm-none-linux-gnueabihf/libc/lib/:/home/henne/usertmp/mbranch/RPOSC-LogicAnalyser/gcc-arm-10.2-2020.11-x86_64-arm-none-linux-gnueabihf/bin/../arm-none-linux-gnueabihf/libc/usr/lib/]
  ignore line: [COLLECT_GCC_OPTIONS='-fPIC' '-Os' '-s' '-v' '-std=gnu++14' '-o' 'CMakeFiles/cmTC_6e0dd.dir/CMakeCXXCompilerABI.cpp.o' '-c' '-shared-libgcc'  '-mfloat-abi=hard' '-mfpu=neon' '-mthumb' '-mtls-dialect=gnu' '-march=armv7-a+simd']
  ignore line: [Linking CXX static library libcmTC_6e0dd.a]
  ignore line: [/usr/bin/cmake -P CMakeFiles/cmTC_6e0dd.dir/cmake_clean_target.cmake]
  ignore line: [/usr/bin/cmake -E cmake_link_script CMakeFiles/cmTC_6e0dd.dir/link.txt --verbose=1]
  ignore line: [/home/henne/usertmp/mbranch/RPOSC-LogicAnalyser/gcc-arm-10.2-2020.11-x86_64-arm-none-linux-gnueabihf/bin/arm-none-linux-gnueabihf-ar qc libcmTC_6e0dd.a CMakeFiles/cmTC_6e0dd.dir/CMakeCXXCompilerABI.cpp.o]
  ignore line: [/home/henne/usertmp/mbranch/RPOSC-LogicAnalyser/gcc-arm-10.2-2020.11-x86_64-arm-none-linux-gnueabihf/bin/arm-none-linux-gnueabihf-ranlib libcmTC_6e0dd.a]
  ignore line: [gmake[1]: Leaving directory '/home/henne/usertmp/mbranch/RPOSC-LogicAnalyser/build/CMakeFiles/CMakeTmp']
  ignore line: []
  ignore line: []
  implicit libs: []
  implicit dirs: []
  implicit fwks: []


