Compiling the C compiler identification source file "CMakeCCompilerId.c" failed.
Compiler: /usr/bin/arm-linux-gnueabihf-gcc-10.2.0 
Build flags: 
Id flags:  

The output was:
1
/usr/bin/arm-linux-gnueabihf-ld: error while loading shared libraries: libctf.so.0: cannot open shared object file: No such file or directory
collect2: error: ld returned 127 exit status


Detecting C compiler ABI info failed to compile with the following output:
Change Dir: /datahdd/Michi/OTH/GIT/HSP-RPOSC-Redpitaya-Oszilloskop/RP-LogicAnalyser/build/CMakeFiles/CMakeTmp

Run Build Command(s):/usr/bin/ninja cmTC_5fd18 && [1/2] Building C object CMakeFiles/cmTC_5fd18.dir/CMakeCCompilerABI.c.o
Using built-in specs.
COLLECT_GCC=/usr/bin/arm-linux-gnueabihf-gcc-10.2.0
Target: arm-linux-gnueabihf
Configured with: /var/tmp/pamac-build-michael/arm-linux-gnueabihf-gcc-stage1/src/gcc/configure --prefix=/usr --program-prefix=arm-linux-gnueabihf- --with-local-prefix=/usr/arm-linux-gnueabihf --with-sysroot=/usr/arm-linux-gnueabihf --with-build-sysroot=/usr/arm-linux-gnueabihf --with-as=/usr/bin/arm-linux-gnueabihf-as --with-ld=/usr/bin/arm-linux-gnueabihf-ld --libdir=/usr/lib --libexecdir=/usr/lib --disable-nls --with-newlib --enable-languages=c,c++ --with-isl --with-linker-hash-style=gnu --with-system-zlib --enable-__cxa_atexit --enable-checking=release --enable-clocale=gnu --enable-default-pie --enable-default-ssp --enable-gnu-indirect-function --enable-gnu-unique-object --enable-install-libiberty --enable-linker-build-id --disable-lto --disable-plugin --disable-shared --disable-threads --disable-libssp --disable-libstdcxx-pch --disable-libunwind-exceptions --disable-multilib --disable-werror --target=arm-linux-gnueabihf --host=x86_64-pc-linux-gnu --build=x86_64-pc-linux-gnu --with-arch=armv6 --with-float=hard --with-fpu=vfp
Thread model: single
Supported LTO compression algorithms: zlib zstd
gcc version 10.2.0 (GCC) 
COLLECT_GCC_OPTIONS='-v' '-o' 'CMakeFiles/cmTC_5fd18.dir/CMakeCCompilerABI.c.o' '-c'  '-mfloat-abi=hard' '-mfpu=vfp' '-mtls-dialect=gnu' '-marm' '-march=armv6+fp'
 /usr/lib/gcc/arm-linux-gnueabihf/10.2.0/cc1 -quiet -v /usr/share/cmake-3.19/Modules/CMakeCCompilerABI.c -quiet -dumpbase CMakeCCompilerABI.c -mfloat-abi=hard -mfpu=vfp -mtls-dialect=gnu -marm -march=armv6+fp -auxbase-strip CMakeFiles/cmTC_5fd18.dir/CMakeCCompilerABI.c.o -version -o /tmp/ccBgtVu0.s
GNU C17 (GCC) version 10.2.0 (arm-linux-gnueabihf)
	compiled by GNU C version 10.2.0, GMP version 6.2.1, MPFR version 4.1.0, MPC version 1.2.1, isl version isl-0.21-GMP

GGC heuristics: --param ggc-min-expand=100 --param ggc-min-heapsize=131072
ignoring nonexistent directory "/usr/arm-linux-gnueabihf/usr/arm-linux-gnueabihf/include"
ignoring nonexistent directory "/usr/arm-linux-gnueabihf/usr/include"
#include "..." search starts here:
#include <...> search starts here:
 /usr/lib/gcc/arm-linux-gnueabihf/10.2.0/include
 /usr/lib/gcc/arm-linux-gnueabihf/10.2.0/include-fixed
 /usr/lib/gcc/arm-linux-gnueabihf/10.2.0/../../../../arm-linux-gnueabihf/include
End of search list.
GNU C17 (GCC) version 10.2.0 (arm-linux-gnueabihf)
	compiled by GNU C version 10.2.0, GMP version 6.2.1, MPFR version 4.1.0, MPC version 1.2.1, isl version isl-0.21-GMP

GGC heuristics: --param ggc-min-expand=100 --param ggc-min-heapsize=131072
Compiler executable checksum: bac3aa4354ab3a70385f8acbbdc87b72
COLLECT_GCC_OPTIONS='-v' '-o' 'CMakeFiles/cmTC_5fd18.dir/CMakeCCompilerABI.c.o' '-c'  '-mfloat-abi=hard' '-mfpu=vfp' '-mtls-dialect=gnu' '-marm' '-march=armv6+fp'
 /usr/bin/arm-linux-gnueabihf-as -v -march=armv6 -mfloat-abi=hard -mfpu=vfp -meabi=5 -o CMakeFiles/cmTC_5fd18.dir/CMakeCCompilerABI.c.o /tmp/ccBgtVu0.s
GNU assembler version 2.35.1 (arm-linux-gnueabihf) using BFD version (GNU Binutils) 2.35.1
COMPILER_PATH=/usr/lib/gcc/arm-linux-gnueabihf/10.2.0/:/usr/lib/gcc/arm-linux-gnueabihf/10.2.0/:/usr/lib/gcc/arm-linux-gnueabihf/:/usr/lib/gcc/arm-linux-gnueabihf/10.2.0/:/usr/lib/gcc/arm-linux-gnueabihf/:/usr/lib/gcc/arm-linux-gnueabihf/10.2.0/../../../../arm-linux-gnueabihf/bin/
LIBRARY_PATH=/usr/lib/gcc/arm-linux-gnueabihf/10.2.0/:/usr/lib/gcc/arm-linux-gnueabihf/10.2.0/../../../../arm-linux-gnueabihf/lib/:/usr/arm-linux-gnueabihf/lib/
COLLECT_GCC_OPTIONS='-v' '-o' 'CMakeFiles/cmTC_5fd18.dir/CMakeCCompilerABI.c.o' '-c'  '-mfloat-abi=hard' '-mfpu=vfp' '-mtls-dialect=gnu' '-marm' '-march=armv6+fp'
[2/2] Linking C executable cmTC_5fd18
FAILED: cmTC_5fd18 
: && /usr/bin/arm-linux-gnueabihf-gcc-10.2.0  -v CMakeFiles/cmTC_5fd18.dir/CMakeCCompilerABI.c.o -o cmTC_5fd18   && :
Using built-in specs.
COLLECT_GCC=/usr/bin/arm-linux-gnueabihf-gcc-10.2.0
COLLECT_LTO_WRAPPER=/usr/lib/gcc/arm-linux-gnueabihf/10.2.0/lto-wrapper
Target: arm-linux-gnueabihf
Configured with: /var/tmp/pamac-build-michael/arm-linux-gnueabihf-gcc-stage1/src/gcc/configure --prefix=/usr --program-prefix=arm-linux-gnueabihf- --with-local-prefix=/usr/arm-linux-gnueabihf --with-sysroot=/usr/arm-linux-gnueabihf --with-build-sysroot=/usr/arm-linux-gnueabihf --with-as=/usr/bin/arm-linux-gnueabihf-as --with-ld=/usr/bin/arm-linux-gnueabihf-ld --libdir=/usr/lib --libexecdir=/usr/lib --disable-nls --with-newlib --enable-languages=c,c++ --with-isl --with-linker-hash-style=gnu --with-system-zlib --enable-__cxa_atexit --enable-checking=release --enable-clocale=gnu --enable-default-pie --enable-default-ssp --enable-gnu-indirect-function --enable-gnu-unique-object --enable-install-libiberty --enable-linker-build-id --disable-lto --disable-plugin --disable-shared --disable-threads --disable-libssp --disable-libstdcxx-pch --disable-libunwind-exceptions --disable-multilib --disable-werror --target=arm-linux-gnueabihf --host=x86_64-pc-linux-gnu --build=x86_64-pc-linux-gnu --with-arch=armv6 --with-float=hard --with-fpu=vfp
Thread model: single
Supported LTO compression algorithms: zlib zstd
gcc version 10.2.0 (GCC) 
COMPILER_PATH=/usr/lib/gcc/arm-linux-gnueabihf/10.2.0/:/usr/lib/gcc/arm-linux-gnueabihf/10.2.0/:/usr/lib/gcc/arm-linux-gnueabihf/:/usr/lib/gcc/arm-linux-gnueabihf/10.2.0/:/usr/lib/gcc/arm-linux-gnueabihf/:/usr/lib/gcc/arm-linux-gnueabihf/10.2.0/../../../../arm-linux-gnueabihf/bin/
LIBRARY_PATH=/usr/lib/gcc/arm-linux-gnueabihf/10.2.0/:/usr/lib/gcc/arm-linux-gnueabihf/10.2.0/../../../../arm-linux-gnueabihf/lib/:/usr/arm-linux-gnueabihf/lib/
COLLECT_GCC_OPTIONS='-v' '-o' 'cmTC_5fd18'  '-mfloat-abi=hard' '-mfpu=vfp' '-mtls-dialect=gnu' '-marm' '-march=armv6+fp'
 /usr/lib/gcc/arm-linux-gnueabihf/10.2.0/collect2 --hash-style=gnu -dynamic-linker /lib/ld-linux-armhf.so.3 -X -m armelf_linux_eabi -o cmTC_5fd18 Scrt1.o crti.o /usr/lib/gcc/arm-linux-gnueabihf/10.2.0/crtbeginS.o -L/usr/lib/gcc/arm-linux-gnueabihf/10.2.0 -L/usr/lib/gcc/arm-linux-gnueabihf/10.2.0/../../../../arm-linux-gnueabihf/lib -L/usr/arm-linux-gnueabihf/lib CMakeFiles/cmTC_5fd18.dir/CMakeCCompilerABI.c.o -lgcc -lc -lgcc /usr/lib/gcc/arm-linux-gnueabihf/10.2.0/crtendS.o crtn.o
/usr/bin/arm-linux-gnueabihf-ld: error while loading shared libraries: libctf.so.0: cannot open shared object file: No such file or directory
collect2: error: ld returned 127 exit status
ninja: build stopped: subcommand failed.




Determining if the C compiler works failed with the following output:
Change Dir: /datahdd/Michi/OTH/GIT/HSP-RPOSC-Redpitaya-Oszilloskop/RP-LogicAnalyser/build/CMakeFiles/CMakeTmp

Run Build Command(s):/usr/bin/ninja cmTC_41309 && [1/2] Building C object CMakeFiles/cmTC_41309.dir/testCCompiler.c.o
[2/2] Linking C executable cmTC_41309
FAILED: cmTC_41309 
: && /usr/bin/arm-linux-gnueabihf-gcc-10.2.0   CMakeFiles/cmTC_41309.dir/testCCompiler.c.o -o cmTC_41309   && :
/usr/bin/arm-linux-gnueabihf-ld: error while loading shared libraries: libctf.so.0: cannot open shared object file: No such file or directory
collect2: error: ld returned 127 exit status
ninja: build stopped: subcommand failed.



Compiling the C compiler identification source file "CMakeCCompilerId.c" failed.
Compiler: /usr/bin/arm-linux-gnueabihf-gcc-10.2.0 
Build flags: 
Id flags:  

The output was:
1
/usr/bin/arm-linux-gnueabihf-ld: error while loading shared libraries: libctf.so.0: cannot open shared object file: No such file or directory
collect2: error: ld returned 127 exit status


Detecting C compiler ABI info failed to compile with the following output:
Change Dir: /datahdd/Michi/OTH/GIT/HSP-RPOSC-Redpitaya-Oszilloskop/RP-LogicAnalyser/build/CMakeFiles/CMakeTmp

Run Build Command(s):/usr/bin/ninja cmTC_d7af2 && [1/2] Building C object CMakeFiles/cmTC_d7af2.dir/CMakeCCompilerABI.c.o
Using built-in specs.
COLLECT_GCC=/usr/bin/arm-linux-gnueabihf-gcc-10.2.0
Target: arm-linux-gnueabihf
Configured with: /var/tmp/pamac-build-michael/arm-linux-gnueabihf-gcc-stage1/src/gcc/configure --prefix=/usr --program-prefix=arm-linux-gnueabihf- --with-local-prefix=/usr/arm-linux-gnueabihf --with-sysroot=/usr/arm-linux-gnueabihf --with-build-sysroot=/usr/arm-linux-gnueabihf --with-as=/usr/bin/arm-linux-gnueabihf-as --with-ld=/usr/bin/arm-linux-gnueabihf-ld --libdir=/usr/lib --libexecdir=/usr/lib --disable-nls --with-newlib --enable-languages=c,c++ --with-isl --with-linker-hash-style=gnu --with-system-zlib --enable-__cxa_atexit --enable-checking=release --enable-clocale=gnu --enable-default-pie --enable-default-ssp --enable-gnu-indirect-function --enable-gnu-unique-object --enable-install-libiberty --enable-linker-build-id --disable-lto --disable-plugin --disable-shared --disable-threads --disable-libssp --disable-libstdcxx-pch --disable-libunwind-exceptions --disable-multilib --disable-werror --target=arm-linux-gnueabihf --host=x86_64-pc-linux-gnu --build=x86_64-pc-linux-gnu --with-arch=armv6 --with-float=hard --with-fpu=vfp
Thread model: single
Supported LTO compression algorithms: zlib zstd
gcc version 10.2.0 (GCC) 
COLLECT_GCC_OPTIONS='-v' '-o' 'CMakeFiles/cmTC_d7af2.dir/CMakeCCompilerABI.c.o' '-c'  '-mfloat-abi=hard' '-mfpu=vfp' '-mtls-dialect=gnu' '-marm' '-march=armv6+fp'
 /usr/lib/gcc/arm-linux-gnueabihf/10.2.0/cc1 -quiet -v /usr/share/cmake-3.19/Modules/CMakeCCompilerABI.c -quiet -dumpbase CMakeCCompilerABI.c -mfloat-abi=hard -mfpu=vfp -mtls-dialect=gnu -marm -march=armv6+fp -auxbase-strip CMakeFiles/cmTC_d7af2.dir/CMakeCCompilerABI.c.o -version -o /tmp/ccfsUlzH.s
GNU C17 (GCC) version 10.2.0 (arm-linux-gnueabihf)
	compiled by GNU C version 10.2.0, GMP version 6.2.1, MPFR version 4.1.0, MPC version 1.2.1, isl version isl-0.21-GMP

GGC heuristics: --param ggc-min-expand=100 --param ggc-min-heapsize=131072
ignoring nonexistent directory "/usr/arm-linux-gnueabihf/usr/arm-linux-gnueabihf/include"
ignoring nonexistent directory "/usr/arm-linux-gnueabihf/usr/include"
#include "..." search starts here:
#include <...> search starts here:
 /usr/lib/gcc/arm-linux-gnueabihf/10.2.0/include
 /usr/lib/gcc/arm-linux-gnueabihf/10.2.0/include-fixed
 /usr/lib/gcc/arm-linux-gnueabihf/10.2.0/../../../../arm-linux-gnueabihf/include
End of search list.
GNU C17 (GCC) version 10.2.0 (arm-linux-gnueabihf)
	compiled by GNU C version 10.2.0, GMP version 6.2.1, MPFR version 4.1.0, MPC version 1.2.1, isl version isl-0.21-GMP

GGC heuristics: --param ggc-min-expand=100 --param ggc-min-heapsize=131072
Compiler executable checksum: bac3aa4354ab3a70385f8acbbdc87b72
COLLECT_GCC_OPTIONS='-v' '-o' 'CMakeFiles/cmTC_d7af2.dir/CMakeCCompilerABI.c.o' '-c'  '-mfloat-abi=hard' '-mfpu=vfp' '-mtls-dialect=gnu' '-marm' '-march=armv6+fp'
 /usr/bin/arm-linux-gnueabihf-as -v -march=armv6 -mfloat-abi=hard -mfpu=vfp -meabi=5 -o CMakeFiles/cmTC_d7af2.dir/CMakeCCompilerABI.c.o /tmp/ccfsUlzH.s
GNU assembler version 2.35.1 (arm-linux-gnueabihf) using BFD version (GNU Binutils) 2.35.1
COMPILER_PATH=/usr/lib/gcc/arm-linux-gnueabihf/10.2.0/:/usr/lib/gcc/arm-linux-gnueabihf/10.2.0/:/usr/lib/gcc/arm-linux-gnueabihf/:/usr/lib/gcc/arm-linux-gnueabihf/10.2.0/:/usr/lib/gcc/arm-linux-gnueabihf/:/usr/lib/gcc/arm-linux-gnueabihf/10.2.0/../../../../arm-linux-gnueabihf/bin/
LIBRARY_PATH=/usr/lib/gcc/arm-linux-gnueabihf/10.2.0/:/usr/lib/gcc/arm-linux-gnueabihf/10.2.0/../../../../arm-linux-gnueabihf/lib/:/usr/arm-linux-gnueabihf/lib/
COLLECT_GCC_OPTIONS='-v' '-o' 'CMakeFiles/cmTC_d7af2.dir/CMakeCCompilerABI.c.o' '-c'  '-mfloat-abi=hard' '-mfpu=vfp' '-mtls-dialect=gnu' '-marm' '-march=armv6+fp'
[2/2] Linking C executable cmTC_d7af2
FAILED: cmTC_d7af2 
: && /usr/bin/arm-linux-gnueabihf-gcc-10.2.0  -v CMakeFiles/cmTC_d7af2.dir/CMakeCCompilerABI.c.o -o cmTC_d7af2   && :
Using built-in specs.
COLLECT_GCC=/usr/bin/arm-linux-gnueabihf-gcc-10.2.0
COLLECT_LTO_WRAPPER=/usr/lib/gcc/arm-linux-gnueabihf/10.2.0/lto-wrapper
Target: arm-linux-gnueabihf
Configured with: /var/tmp/pamac-build-michael/arm-linux-gnueabihf-gcc-stage1/src/gcc/configure --prefix=/usr --program-prefix=arm-linux-gnueabihf- --with-local-prefix=/usr/arm-linux-gnueabihf --with-sysroot=/usr/arm-linux-gnueabihf --with-build-sysroot=/usr/arm-linux-gnueabihf --with-as=/usr/bin/arm-linux-gnueabihf-as --with-ld=/usr/bin/arm-linux-gnueabihf-ld --libdir=/usr/lib --libexecdir=/usr/lib --disable-nls --with-newlib --enable-languages=c,c++ --with-isl --with-linker-hash-style=gnu --with-system-zlib --enable-__cxa_atexit --enable-checking=release --enable-clocale=gnu --enable-default-pie --enable-default-ssp --enable-gnu-indirect-function --enable-gnu-unique-object --enable-install-libiberty --enable-linker-build-id --disable-lto --disable-plugin --disable-shared --disable-threads --disable-libssp --disable-libstdcxx-pch --disable-libunwind-exceptions --disable-multilib --disable-werror --target=arm-linux-gnueabihf --host=x86_64-pc-linux-gnu --build=x86_64-pc-linux-gnu --with-arch=armv6 --with-float=hard --with-fpu=vfp
Thread model: single
Supported LTO compression algorithms: zlib zstd
gcc version 10.2.0 (GCC) 
COMPILER_PATH=/usr/lib/gcc/arm-linux-gnueabihf/10.2.0/:/usr/lib/gcc/arm-linux-gnueabihf/10.2.0/:/usr/lib/gcc/arm-linux-gnueabihf/:/usr/lib/gcc/arm-linux-gnueabihf/10.2.0/:/usr/lib/gcc/arm-linux-gnueabihf/:/usr/lib/gcc/arm-linux-gnueabihf/10.2.0/../../../../arm-linux-gnueabihf/bin/
LIBRARY_PATH=/usr/lib/gcc/arm-linux-gnueabihf/10.2.0/:/usr/lib/gcc/arm-linux-gnueabihf/10.2.0/../../../../arm-linux-gnueabihf/lib/:/usr/arm-linux-gnueabihf/lib/
COLLECT_GCC_OPTIONS='-v' '-o' 'cmTC_d7af2'  '-mfloat-abi=hard' '-mfpu=vfp' '-mtls-dialect=gnu' '-marm' '-march=armv6+fp'
 /usr/lib/gcc/arm-linux-gnueabihf/10.2.0/collect2 --hash-style=gnu -dynamic-linker /lib/ld-linux-armhf.so.3 -X -m armelf_linux_eabi -o cmTC_d7af2 Scrt1.o crti.o /usr/lib/gcc/arm-linux-gnueabihf/10.2.0/crtbeginS.o -L/usr/lib/gcc/arm-linux-gnueabihf/10.2.0 -L/usr/lib/gcc/arm-linux-gnueabihf/10.2.0/../../../../arm-linux-gnueabihf/lib -L/usr/arm-linux-gnueabihf/lib CMakeFiles/cmTC_d7af2.dir/CMakeCCompilerABI.c.o -lgcc -lc -lgcc /usr/lib/gcc/arm-linux-gnueabihf/10.2.0/crtendS.o crtn.o
/usr/bin/arm-linux-gnueabihf-ld: error while loading shared libraries: libctf.so.0: cannot open shared object file: No such file or directory
collect2: error: ld returned 127 exit status
ninja: build stopped: subcommand failed.




Determining if the C compiler works failed with the following output:
Change Dir: /datahdd/Michi/OTH/GIT/HSP-RPOSC-Redpitaya-Oszilloskop/RP-LogicAnalyser/build/CMakeFiles/CMakeTmp

Run Build Command(s):/usr/bin/ninja cmTC_ff458 && [1/2] Building C object CMakeFiles/cmTC_ff458.dir/testCCompiler.c.o
[2/2] Linking C executable cmTC_ff458
FAILED: cmTC_ff458 
: && /usr/bin/arm-linux-gnueabihf-gcc-10.2.0   CMakeFiles/cmTC_ff458.dir/testCCompiler.c.o -o cmTC_ff458   && :
/usr/bin/arm-linux-gnueabihf-ld: error while loading shared libraries: libctf.so.0: cannot open shared object file: No such file or directory
collect2: error: ld returned 127 exit status
ninja: build stopped: subcommand failed.



Compiling the C compiler identification source file "CMakeCCompilerId.c" failed.
Compiler: /usr/bin/arm-linux-gnueabihf-gcc-10.2.0 
Build flags: 
Id flags:  

The output was:
1
/usr/bin/arm-linux-gnueabihf-ld: error while loading shared libraries: libctf.so.0: cannot open shared object file: No such file or directory
collect2: error: ld returned 127 exit status


Detecting C compiler ABI info failed to compile with the following output:
Change Dir: /datahdd/Michi/OTH/GIT/HSP-RPOSC-Redpitaya-Oszilloskop/RP-LogicAnalyser/build/CMakeFiles/CMakeTmp

Run Build Command(s):/usr/bin/ninja cmTC_16ce6 && [1/2] Building C object CMakeFiles/cmTC_16ce6.dir/CMakeCCompilerABI.c.o
Using built-in specs.
COLLECT_GCC=/usr/bin/arm-linux-gnueabihf-gcc-10.2.0
Target: arm-linux-gnueabihf
Configured with: /var/tmp/pamac-build-michael/arm-linux-gnueabihf-gcc-stage1/src/gcc/configure --prefix=/usr --program-prefix=arm-linux-gnueabihf- --with-local-prefix=/usr/arm-linux-gnueabihf --with-sysroot=/usr/arm-linux-gnueabihf --with-build-sysroot=/usr/arm-linux-gnueabihf --with-as=/usr/bin/arm-linux-gnueabihf-as --with-ld=/usr/bin/arm-linux-gnueabihf-ld --libdir=/usr/lib --libexecdir=/usr/lib --disable-nls --with-newlib --enable-languages=c,c++ --with-isl --with-linker-hash-style=gnu --with-system-zlib --enable-__cxa_atexit --enable-checking=release --enable-clocale=gnu --enable-default-pie --enable-default-ssp --enable-gnu-indirect-function --enable-gnu-unique-object --enable-install-libiberty --enable-linker-build-id --disable-lto --disable-plugin --disable-shared --disable-threads --disable-libssp --disable-libstdcxx-pch --disable-libunwind-exceptions --disable-multilib --disable-werror --target=arm-linux-gnueabihf --host=x86_64-pc-linux-gnu --build=x86_64-pc-linux-gnu --with-arch=armv6 --with-float=hard --with-fpu=vfp
Thread model: single
Supported LTO compression algorithms: zlib zstd
gcc version 10.2.0 (GCC) 
COLLECT_GCC_OPTIONS='-v' '-o' 'CMakeFiles/cmTC_16ce6.dir/CMakeCCompilerABI.c.o' '-c'  '-mfloat-abi=hard' '-mfpu=vfp' '-mtls-dialect=gnu' '-marm' '-march=armv6+fp'
 /usr/lib/gcc/arm-linux-gnueabihf/10.2.0/cc1 -quiet -v /usr/share/cmake-3.19/Modules/CMakeCCompilerABI.c -quiet -dumpbase CMakeCCompilerABI.c -mfloat-abi=hard -mfpu=vfp -mtls-dialect=gnu -marm -march=armv6+fp -auxbase-strip CMakeFiles/cmTC_16ce6.dir/CMakeCCompilerABI.c.o -version -o /tmp/ccSbiinl.s
GNU C17 (GCC) version 10.2.0 (arm-linux-gnueabihf)
	compiled by GNU C version 10.2.0, GMP version 6.2.1, MPFR version 4.1.0, MPC version 1.2.1, isl version isl-0.21-GMP

GGC heuristics: --param ggc-min-expand=100 --param ggc-min-heapsize=131072
ignoring nonexistent directory "/usr/arm-linux-gnueabihf/usr/arm-linux-gnueabihf/include"
ignoring nonexistent directory "/usr/arm-linux-gnueabihf/usr/include"
#include "..." search starts here:
#include <...> search starts here:
 /usr/lib/gcc/arm-linux-gnueabihf/10.2.0/include
 /usr/lib/gcc/arm-linux-gnueabihf/10.2.0/include-fixed
 /usr/lib/gcc/arm-linux-gnueabihf/10.2.0/../../../../arm-linux-gnueabihf/include
End of search list.
GNU C17 (GCC) version 10.2.0 (arm-linux-gnueabihf)
	compiled by GNU C version 10.2.0, GMP version 6.2.1, MPFR version 4.1.0, MPC version 1.2.1, isl version isl-0.21-GMP

GGC heuristics: --param ggc-min-expand=100 --param ggc-min-heapsize=131072
Compiler executable checksum: bac3aa4354ab3a70385f8acbbdc87b72
COLLECT_GCC_OPTIONS='-v' '-o' 'CMakeFiles/cmTC_16ce6.dir/CMakeCCompilerABI.c.o' '-c'  '-mfloat-abi=hard' '-mfpu=vfp' '-mtls-dialect=gnu' '-marm' '-march=armv6+fp'
 /usr/bin/arm-linux-gnueabihf-as -v -march=armv6 -mfloat-abi=hard -mfpu=vfp -meabi=5 -o CMakeFiles/cmTC_16ce6.dir/CMakeCCompilerABI.c.o /tmp/ccSbiinl.s
GNU assembler version 2.35.1 (arm-linux-gnueabihf) using BFD version (GNU Binutils) 2.35.1
COMPILER_PATH=/usr/lib/gcc/arm-linux-gnueabihf/10.2.0/:/usr/lib/gcc/arm-linux-gnueabihf/10.2.0/:/usr/lib/gcc/arm-linux-gnueabihf/:/usr/lib/gcc/arm-linux-gnueabihf/10.2.0/:/usr/lib/gcc/arm-linux-gnueabihf/:/usr/lib/gcc/arm-linux-gnueabihf/10.2.0/../../../../arm-linux-gnueabihf/bin/
LIBRARY_PATH=/usr/lib/gcc/arm-linux-gnueabihf/10.2.0/:/usr/lib/gcc/arm-linux-gnueabihf/10.2.0/../../../../arm-linux-gnueabihf/lib/:/usr/arm-linux-gnueabihf/lib/
COLLECT_GCC_OPTIONS='-v' '-o' 'CMakeFiles/cmTC_16ce6.dir/CMakeCCompilerABI.c.o' '-c'  '-mfloat-abi=hard' '-mfpu=vfp' '-mtls-dialect=gnu' '-marm' '-march=armv6+fp'
[2/2] Linking C executable cmTC_16ce6
FAILED: cmTC_16ce6 
: && /usr/bin/arm-linux-gnueabihf-gcc-10.2.0  -v CMakeFiles/cmTC_16ce6.dir/CMakeCCompilerABI.c.o -o cmTC_16ce6   && :
Using built-in specs.
COLLECT_GCC=/usr/bin/arm-linux-gnueabihf-gcc-10.2.0
COLLECT_LTO_WRAPPER=/usr/lib/gcc/arm-linux-gnueabihf/10.2.0/lto-wrapper
Target: arm-linux-gnueabihf
Configured with: /var/tmp/pamac-build-michael/arm-linux-gnueabihf-gcc-stage1/src/gcc/configure --prefix=/usr --program-prefix=arm-linux-gnueabihf- --with-local-prefix=/usr/arm-linux-gnueabihf --with-sysroot=/usr/arm-linux-gnueabihf --with-build-sysroot=/usr/arm-linux-gnueabihf --with-as=/usr/bin/arm-linux-gnueabihf-as --with-ld=/usr/bin/arm-linux-gnueabihf-ld --libdir=/usr/lib --libexecdir=/usr/lib --disable-nls --with-newlib --enable-languages=c,c++ --with-isl --with-linker-hash-style=gnu --with-system-zlib --enable-__cxa_atexit --enable-checking=release --enable-clocale=gnu --enable-default-pie --enable-default-ssp --enable-gnu-indirect-function --enable-gnu-unique-object --enable-install-libiberty --enable-linker-build-id --disable-lto --disable-plugin --disable-shared --disable-threads --disable-libssp --disable-libstdcxx-pch --disable-libunwind-exceptions --disable-multilib --disable-werror --target=arm-linux-gnueabihf --host=x86_64-pc-linux-gnu --build=x86_64-pc-linux-gnu --with-arch=armv6 --with-float=hard --with-fpu=vfp
Thread model: single
Supported LTO compression algorithms: zlib zstd
gcc version 10.2.0 (GCC) 
COMPILER_PATH=/usr/lib/gcc/arm-linux-gnueabihf/10.2.0/:/usr/lib/gcc/arm-linux-gnueabihf/10.2.0/:/usr/lib/gcc/arm-linux-gnueabihf/:/usr/lib/gcc/arm-linux-gnueabihf/10.2.0/:/usr/lib/gcc/arm-linux-gnueabihf/:/usr/lib/gcc/arm-linux-gnueabihf/10.2.0/../../../../arm-linux-gnueabihf/bin/
LIBRARY_PATH=/usr/lib/gcc/arm-linux-gnueabihf/10.2.0/:/usr/lib/gcc/arm-linux-gnueabihf/10.2.0/../../../../arm-linux-gnueabihf/lib/:/usr/arm-linux-gnueabihf/lib/
COLLECT_GCC_OPTIONS='-v' '-o' 'cmTC_16ce6'  '-mfloat-abi=hard' '-mfpu=vfp' '-mtls-dialect=gnu' '-marm' '-march=armv6+fp'
 /usr/lib/gcc/arm-linux-gnueabihf/10.2.0/collect2 --hash-style=gnu -dynamic-linker /lib/ld-linux-armhf.so.3 -X -m armelf_linux_eabi -o cmTC_16ce6 Scrt1.o crti.o /usr/lib/gcc/arm-linux-gnueabihf/10.2.0/crtbeginS.o -L/usr/lib/gcc/arm-linux-gnueabihf/10.2.0 -L/usr/lib/gcc/arm-linux-gnueabihf/10.2.0/../../../../arm-linux-gnueabihf/lib -L/usr/arm-linux-gnueabihf/lib CMakeFiles/cmTC_16ce6.dir/CMakeCCompilerABI.c.o -lgcc -lc -lgcc /usr/lib/gcc/arm-linux-gnueabihf/10.2.0/crtendS.o crtn.o
/usr/bin/arm-linux-gnueabihf-ld: error while loading shared libraries: libctf.so.0: cannot open shared object file: No such file or directory
collect2: error: ld returned 127 exit status
ninja: build stopped: subcommand failed.




Determining if the C compiler works failed with the following output:
Change Dir: /datahdd/Michi/OTH/GIT/HSP-RPOSC-Redpitaya-Oszilloskop/RP-LogicAnalyser/build/CMakeFiles/CMakeTmp

Run Build Command(s):/usr/bin/ninja cmTC_9ff50 && [1/2] Building C object CMakeFiles/cmTC_9ff50.dir/testCCompiler.c.o
[2/2] Linking C executable cmTC_9ff50
FAILED: cmTC_9ff50 
: && /usr/bin/arm-linux-gnueabihf-gcc-10.2.0   CMakeFiles/cmTC_9ff50.dir/testCCompiler.c.o -o cmTC_9ff50   && :
/usr/bin/arm-linux-gnueabihf-ld: error while loading shared libraries: libctf.so.0: cannot open shared object file: No such file or directory
collect2: error: ld returned 127 exit status
ninja: build stopped: subcommand failed.



Compiling the C compiler identification source file "CMakeCCompilerId.c" failed.
Compiler: /usr/bin/arm-linux-gnueabihf-gcc-10.2.0 
Build flags: 
Id flags:  

The output was:
1
/usr/bin/arm-linux-gnueabihf-ld: error while loading shared libraries: libctf.so.0: cannot open shared object file: No such file or directory
collect2: error: ld returned 127 exit status


Detecting C compiler ABI info failed to compile with the following output:
Change Dir: /datahdd/Michi/OTH/GIT/HSP-RPOSC-Redpitaya-Oszilloskop/RP-LogicAnalyser/build/CMakeFiles/CMakeTmp

Run Build Command(s):/usr/bin/ninja cmTC_5c015 && [1/2] Building C object CMakeFiles/cmTC_5c015.dir/CMakeCCompilerABI.c.o
Using built-in specs.
COLLECT_GCC=/usr/bin/arm-linux-gnueabihf-gcc-10.2.0
Target: arm-linux-gnueabihf
Configured with: /var/tmp/pamac-build-michael/arm-linux-gnueabihf-gcc-stage1/src/gcc/configure --prefix=/usr --program-prefix=arm-linux-gnueabihf- --with-local-prefix=/usr/arm-linux-gnueabihf --with-sysroot=/usr/arm-linux-gnueabihf --with-build-sysroot=/usr/arm-linux-gnueabihf --with-as=/usr/bin/arm-linux-gnueabihf-as --with-ld=/usr/bin/arm-linux-gnueabihf-ld --libdir=/usr/lib --libexecdir=/usr/lib --disable-nls --with-newlib --enable-languages=c,c++ --with-isl --with-linker-hash-style=gnu --with-system-zlib --enable-__cxa_atexit --enable-checking=release --enable-clocale=gnu --enable-default-pie --enable-default-ssp --enable-gnu-indirect-function --enable-gnu-unique-object --enable-install-libiberty --enable-linker-build-id --disable-lto --disable-plugin --disable-shared --disable-threads --disable-libssp --disable-libstdcxx-pch --disable-libunwind-exceptions --disable-multilib --disable-werror --target=arm-linux-gnueabihf --host=x86_64-pc-linux-gnu --build=x86_64-pc-linux-gnu --with-arch=armv6 --with-float=hard --with-fpu=vfp
Thread model: single
Supported LTO compression algorithms: zlib zstd
gcc version 10.2.0 (GCC) 
COLLECT_GCC_OPTIONS='-v' '-o' 'CMakeFiles/cmTC_5c015.dir/CMakeCCompilerABI.c.o' '-c'  '-mfloat-abi=hard' '-mfpu=vfp' '-mtls-dialect=gnu' '-marm' '-march=armv6+fp'
 /usr/lib/gcc/arm-linux-gnueabihf/10.2.0/cc1 -quiet -v /usr/share/cmake-3.19/Modules/CMakeCCompilerABI.c -quiet -dumpbase CMakeCCompilerABI.c -mfloat-abi=hard -mfpu=vfp -mtls-dialect=gnu -marm -march=armv6+fp -auxbase-strip CMakeFiles/cmTC_5c015.dir/CMakeCCompilerABI.c.o -version -o /tmp/ccJFLKoj.s
GNU C17 (GCC) version 10.2.0 (arm-linux-gnueabihf)
	compiled by GNU C version 10.2.0, GMP version 6.2.1, MPFR version 4.1.0, MPC version 1.2.1, isl version isl-0.21-GMP

GGC heuristics: --param ggc-min-expand=100 --param ggc-min-heapsize=131072
ignoring nonexistent directory "/usr/arm-linux-gnueabihf/usr/arm-linux-gnueabihf/include"
ignoring nonexistent directory "/usr/arm-linux-gnueabihf/usr/include"
#include "..." search starts here:
#include <...> search starts here:
 /usr/lib/gcc/arm-linux-gnueabihf/10.2.0/include
 /usr/lib/gcc/arm-linux-gnueabihf/10.2.0/include-fixed
 /usr/lib/gcc/arm-linux-gnueabihf/10.2.0/../../../../arm-linux-gnueabihf/include
End of search list.
GNU C17 (GCC) version 10.2.0 (arm-linux-gnueabihf)
	compiled by GNU C version 10.2.0, GMP version 6.2.1, MPFR version 4.1.0, MPC version 1.2.1, isl version isl-0.21-GMP

GGC heuristics: --param ggc-min-expand=100 --param ggc-min-heapsize=131072
Compiler executable checksum: bac3aa4354ab3a70385f8acbbdc87b72
COLLECT_GCC_OPTIONS='-v' '-o' 'CMakeFiles/cmTC_5c015.dir/CMakeCCompilerABI.c.o' '-c'  '-mfloat-abi=hard' '-mfpu=vfp' '-mtls-dialect=gnu' '-marm' '-march=armv6+fp'
 /usr/bin/arm-linux-gnueabihf-as -v -march=armv6 -mfloat-abi=hard -mfpu=vfp -meabi=5 -o CMakeFiles/cmTC_5c015.dir/CMakeCCompilerABI.c.o /tmp/ccJFLKoj.s
GNU assembler version 2.35.1 (arm-linux-gnueabihf) using BFD version (GNU Binutils) 2.35.1
COMPILER_PATH=/usr/lib/gcc/arm-linux-gnueabihf/10.2.0/:/usr/lib/gcc/arm-linux-gnueabihf/10.2.0/:/usr/lib/gcc/arm-linux-gnueabihf/:/usr/lib/gcc/arm-linux-gnueabihf/10.2.0/:/usr/lib/gcc/arm-linux-gnueabihf/:/usr/lib/gcc/arm-linux-gnueabihf/10.2.0/../../../../arm-linux-gnueabihf/bin/
LIBRARY_PATH=/usr/lib/gcc/arm-linux-gnueabihf/10.2.0/:/usr/lib/gcc/arm-linux-gnueabihf/10.2.0/../../../../arm-linux-gnueabihf/lib/:/usr/arm-linux-gnueabihf/lib/
COLLECT_GCC_OPTIONS='-v' '-o' 'CMakeFiles/cmTC_5c015.dir/CMakeCCompilerABI.c.o' '-c'  '-mfloat-abi=hard' '-mfpu=vfp' '-mtls-dialect=gnu' '-marm' '-march=armv6+fp'
[2/2] Linking C executable cmTC_5c015
FAILED: cmTC_5c015 
: && /usr/bin/arm-linux-gnueabihf-gcc-10.2.0  -v CMakeFiles/cmTC_5c015.dir/CMakeCCompilerABI.c.o -o cmTC_5c015   && :
Using built-in specs.
COLLECT_GCC=/usr/bin/arm-linux-gnueabihf-gcc-10.2.0
COLLECT_LTO_WRAPPER=/usr/lib/gcc/arm-linux-gnueabihf/10.2.0/lto-wrapper
Target: arm-linux-gnueabihf
Configured with: /var/tmp/pamac-build-michael/arm-linux-gnueabihf-gcc-stage1/src/gcc/configure --prefix=/usr --program-prefix=arm-linux-gnueabihf- --with-local-prefix=/usr/arm-linux-gnueabihf --with-sysroot=/usr/arm-linux-gnueabihf --with-build-sysroot=/usr/arm-linux-gnueabihf --with-as=/usr/bin/arm-linux-gnueabihf-as --with-ld=/usr/bin/arm-linux-gnueabihf-ld --libdir=/usr/lib --libexecdir=/usr/lib --disable-nls --with-newlib --enable-languages=c,c++ --with-isl --with-linker-hash-style=gnu --with-system-zlib --enable-__cxa_atexit --enable-checking=release --enable-clocale=gnu --enable-default-pie --enable-default-ssp --enable-gnu-indirect-function --enable-gnu-unique-object --enable-install-libiberty --enable-linker-build-id --disable-lto --disable-plugin --disable-shared --disable-threads --disable-libssp --disable-libstdcxx-pch --disable-libunwind-exceptions --disable-multilib --disable-werror --target=arm-linux-gnueabihf --host=x86_64-pc-linux-gnu --build=x86_64-pc-linux-gnu --with-arch=armv6 --with-float=hard --with-fpu=vfp
Thread model: single
Supported LTO compression algorithms: zlib zstd
gcc version 10.2.0 (GCC) 
COMPILER_PATH=/usr/lib/gcc/arm-linux-gnueabihf/10.2.0/:/usr/lib/gcc/arm-linux-gnueabihf/10.2.0/:/usr/lib/gcc/arm-linux-gnueabihf/:/usr/lib/gcc/arm-linux-gnueabihf/10.2.0/:/usr/lib/gcc/arm-linux-gnueabihf/:/usr/lib/gcc/arm-linux-gnueabihf/10.2.0/../../../../arm-linux-gnueabihf/bin/
LIBRARY_PATH=/usr/lib/gcc/arm-linux-gnueabihf/10.2.0/:/usr/lib/gcc/arm-linux-gnueabihf/10.2.0/../../../../arm-linux-gnueabihf/lib/:/usr/arm-linux-gnueabihf/lib/
COLLECT_GCC_OPTIONS='-v' '-o' 'cmTC_5c015'  '-mfloat-abi=hard' '-mfpu=vfp' '-mtls-dialect=gnu' '-marm' '-march=armv6+fp'
 /usr/lib/gcc/arm-linux-gnueabihf/10.2.0/collect2 --hash-style=gnu -dynamic-linker /lib/ld-linux-armhf.so.3 -X -m armelf_linux_eabi -o cmTC_5c015 Scrt1.o crti.o /usr/lib/gcc/arm-linux-gnueabihf/10.2.0/crtbeginS.o -L/usr/lib/gcc/arm-linux-gnueabihf/10.2.0 -L/usr/lib/gcc/arm-linux-gnueabihf/10.2.0/../../../../arm-linux-gnueabihf/lib -L/usr/arm-linux-gnueabihf/lib CMakeFiles/cmTC_5c015.dir/CMakeCCompilerABI.c.o -lgcc -lc -lgcc /usr/lib/gcc/arm-linux-gnueabihf/10.2.0/crtendS.o crtn.o
/usr/bin/arm-linux-gnueabihf-ld: error while loading shared libraries: libctf.so.0: cannot open shared object file: No such file or directory
collect2: error: ld returned 127 exit status
ninja: build stopped: subcommand failed.




Determining if the C compiler works failed with the following output:
Change Dir: /datahdd/Michi/OTH/GIT/HSP-RPOSC-Redpitaya-Oszilloskop/RP-LogicAnalyser/build/CMakeFiles/CMakeTmp

Run Build Command(s):/usr/bin/ninja cmTC_7af27 && [1/2] Building C object CMakeFiles/cmTC_7af27.dir/testCCompiler.c.o
[2/2] Linking C executable cmTC_7af27
FAILED: cmTC_7af27 
: && /usr/bin/arm-linux-gnueabihf-gcc-10.2.0   CMakeFiles/cmTC_7af27.dir/testCCompiler.c.o -o cmTC_7af27   && :
/usr/bin/arm-linux-gnueabihf-ld: error while loading shared libraries: libctf.so.0: cannot open shared object file: No such file or directory
collect2: error: ld returned 127 exit status
ninja: build stopped: subcommand failed.



Compiling the C compiler identification source file "CMakeCCompilerId.c" failed.
Compiler: /usr/bin/arm-linux-gnueabihf-gcc-10.2.0 
Build flags: 
Id flags:  

The output was:
1
/usr/bin/arm-linux-gnueabihf-ld: error while loading shared libraries: libctf.so.0: cannot open shared object file: No such file or directory
collect2: error: ld returned 127 exit status


Detecting C compiler ABI info failed to compile with the following output:
Change Dir: /datahdd/Michi/OTH/GIT/HSP-RPOSC-Redpitaya-Oszilloskop/RP-LogicAnalyser/build/CMakeFiles/CMakeTmp

Run Build Command(s):/usr/bin/ninja cmTC_fc346 && [1/2] Building C object CMakeFiles/cmTC_fc346.dir/CMakeCCompilerABI.c.o
Using built-in specs.
COLLECT_GCC=/usr/bin/arm-linux-gnueabihf-gcc-10.2.0
Target: arm-linux-gnueabihf
Configured with: /var/tmp/pamac-build-michael/arm-linux-gnueabihf-gcc-stage1/src/gcc/configure --prefix=/usr --program-prefix=arm-linux-gnueabihf- --with-local-prefix=/usr/arm-linux-gnueabihf --with-sysroot=/usr/arm-linux-gnueabihf --with-build-sysroot=/usr/arm-linux-gnueabihf --with-as=/usr/bin/arm-linux-gnueabihf-as --with-ld=/usr/bin/arm-linux-gnueabihf-ld --libdir=/usr/lib --libexecdir=/usr/lib --disable-nls --with-newlib --enable-languages=c,c++ --with-isl --with-linker-hash-style=gnu --with-system-zlib --enable-__cxa_atexit --enable-checking=release --enable-clocale=gnu --enable-default-pie --enable-default-ssp --enable-gnu-indirect-function --enable-gnu-unique-object --enable-install-libiberty --enable-linker-build-id --disable-lto --disable-plugin --disable-shared --disable-threads --disable-libssp --disable-libstdcxx-pch --disable-libunwind-exceptions --disable-multilib --disable-werror --target=arm-linux-gnueabihf --host=x86_64-pc-linux-gnu --build=x86_64-pc-linux-gnu --with-arch=armv6 --with-float=hard --with-fpu=vfp
Thread model: single
Supported LTO compression algorithms: zlib zstd
gcc version 10.2.0 (GCC) 
COLLECT_GCC_OPTIONS='-v' '-o' 'CMakeFiles/cmTC_fc346.dir/CMakeCCompilerABI.c.o' '-c'  '-mfloat-abi=hard' '-mfpu=vfp' '-mtls-dialect=gnu' '-marm' '-march=armv6+fp'
 /usr/lib/gcc/arm-linux-gnueabihf/10.2.0/cc1 -quiet -v /usr/share/cmake-3.19/Modules/CMakeCCompilerABI.c -quiet -dumpbase CMakeCCompilerABI.c -mfloat-abi=hard -mfpu=vfp -mtls-dialect=gnu -marm -march=armv6+fp -auxbase-strip CMakeFiles/cmTC_fc346.dir/CMakeCCompilerABI.c.o -version -o /tmp/ccD4xbii.s
GNU C17 (GCC) version 10.2.0 (arm-linux-gnueabihf)
	compiled by GNU C version 10.2.0, GMP version 6.2.1, MPFR version 4.1.0, MPC version 1.2.1, isl version isl-0.21-GMP

GGC heuristics: --param ggc-min-expand=100 --param ggc-min-heapsize=131072
ignoring nonexistent directory "/usr/arm-linux-gnueabihf/usr/arm-linux-gnueabihf/include"
ignoring nonexistent directory "/usr/arm-linux-gnueabihf/usr/include"
#include "..." search starts here:
#include <...> search starts here:
 /usr/lib/gcc/arm-linux-gnueabihf/10.2.0/include
 /usr/lib/gcc/arm-linux-gnueabihf/10.2.0/include-fixed
 /usr/lib/gcc/arm-linux-gnueabihf/10.2.0/../../../../arm-linux-gnueabihf/include
End of search list.
GNU C17 (GCC) version 10.2.0 (arm-linux-gnueabihf)
	compiled by GNU C version 10.2.0, GMP version 6.2.1, MPFR version 4.1.0, MPC version 1.2.1, isl version isl-0.21-GMP

GGC heuristics: --param ggc-min-expand=100 --param ggc-min-heapsize=131072
Compiler executable checksum: bac3aa4354ab3a70385f8acbbdc87b72
COLLECT_GCC_OPTIONS='-v' '-o' 'CMakeFiles/cmTC_fc346.dir/CMakeCCompilerABI.c.o' '-c'  '-mfloat-abi=hard' '-mfpu=vfp' '-mtls-dialect=gnu' '-marm' '-march=armv6+fp'
 /usr/bin/arm-linux-gnueabihf-as -v -march=armv6 -mfloat-abi=hard -mfpu=vfp -meabi=5 -o CMakeFiles/cmTC_fc346.dir/CMakeCCompilerABI.c.o /tmp/ccD4xbii.s
GNU assembler version 2.35.1 (arm-linux-gnueabihf) using BFD version (GNU Binutils) 2.35.1
COMPILER_PATH=/usr/lib/gcc/arm-linux-gnueabihf/10.2.0/:/usr/lib/gcc/arm-linux-gnueabihf/10.2.0/:/usr/lib/gcc/arm-linux-gnueabihf/:/usr/lib/gcc/arm-linux-gnueabihf/10.2.0/:/usr/lib/gcc/arm-linux-gnueabihf/:/usr/lib/gcc/arm-linux-gnueabihf/10.2.0/../../../../arm-linux-gnueabihf/bin/
LIBRARY_PATH=/usr/lib/gcc/arm-linux-gnueabihf/10.2.0/:/usr/lib/gcc/arm-linux-gnueabihf/10.2.0/../../../../arm-linux-gnueabihf/lib/:/usr/arm-linux-gnueabihf/lib/
COLLECT_GCC_OPTIONS='-v' '-o' 'CMakeFiles/cmTC_fc346.dir/CMakeCCompilerABI.c.o' '-c'  '-mfloat-abi=hard' '-mfpu=vfp' '-mtls-dialect=gnu' '-marm' '-march=armv6+fp'
[2/2] Linking C executable cmTC_fc346
FAILED: cmTC_fc346 
: && /usr/bin/arm-linux-gnueabihf-gcc-10.2.0  -v CMakeFiles/cmTC_fc346.dir/CMakeCCompilerABI.c.o -o cmTC_fc346   && :
Using built-in specs.
COLLECT_GCC=/usr/bin/arm-linux-gnueabihf-gcc-10.2.0
COLLECT_LTO_WRAPPER=/usr/lib/gcc/arm-linux-gnueabihf/10.2.0/lto-wrapper
Target: arm-linux-gnueabihf
Configured with: /var/tmp/pamac-build-michael/arm-linux-gnueabihf-gcc-stage1/src/gcc/configure --prefix=/usr --program-prefix=arm-linux-gnueabihf- --with-local-prefix=/usr/arm-linux-gnueabihf --with-sysroot=/usr/arm-linux-gnueabihf --with-build-sysroot=/usr/arm-linux-gnueabihf --with-as=/usr/bin/arm-linux-gnueabihf-as --with-ld=/usr/bin/arm-linux-gnueabihf-ld --libdir=/usr/lib --libexecdir=/usr/lib --disable-nls --with-newlib --enable-languages=c,c++ --with-isl --with-linker-hash-style=gnu --with-system-zlib --enable-__cxa_atexit --enable-checking=release --enable-clocale=gnu --enable-default-pie --enable-default-ssp --enable-gnu-indirect-function --enable-gnu-unique-object --enable-install-libiberty --enable-linker-build-id --disable-lto --disable-plugin --disable-shared --disable-threads --disable-libssp --disable-libstdcxx-pch --disable-libunwind-exceptions --disable-multilib --disable-werror --target=arm-linux-gnueabihf --host=x86_64-pc-linux-gnu --build=x86_64-pc-linux-gnu --with-arch=armv6 --with-float=hard --with-fpu=vfp
Thread model: single
Supported LTO compression algorithms: zlib zstd
gcc version 10.2.0 (GCC) 
COMPILER_PATH=/usr/lib/gcc/arm-linux-gnueabihf/10.2.0/:/usr/lib/gcc/arm-linux-gnueabihf/10.2.0/:/usr/lib/gcc/arm-linux-gnueabihf/:/usr/lib/gcc/arm-linux-gnueabihf/10.2.0/:/usr/lib/gcc/arm-linux-gnueabihf/:/usr/lib/gcc/arm-linux-gnueabihf/10.2.0/../../../../arm-linux-gnueabihf/bin/
LIBRARY_PATH=/usr/lib/gcc/arm-linux-gnueabihf/10.2.0/:/usr/lib/gcc/arm-linux-gnueabihf/10.2.0/../../../../arm-linux-gnueabihf/lib/:/usr/arm-linux-gnueabihf/lib/
COLLECT_GCC_OPTIONS='-v' '-o' 'cmTC_fc346'  '-mfloat-abi=hard' '-mfpu=vfp' '-mtls-dialect=gnu' '-marm' '-march=armv6+fp'
 /usr/lib/gcc/arm-linux-gnueabihf/10.2.0/collect2 --hash-style=gnu -dynamic-linker /lib/ld-linux-armhf.so.3 -X -m armelf_linux_eabi -o cmTC_fc346 Scrt1.o crti.o /usr/lib/gcc/arm-linux-gnueabihf/10.2.0/crtbeginS.o -L/usr/lib/gcc/arm-linux-gnueabihf/10.2.0 -L/usr/lib/gcc/arm-linux-gnueabihf/10.2.0/../../../../arm-linux-gnueabihf/lib -L/usr/arm-linux-gnueabihf/lib CMakeFiles/cmTC_fc346.dir/CMakeCCompilerABI.c.o -lgcc -lc -lgcc /usr/lib/gcc/arm-linux-gnueabihf/10.2.0/crtendS.o crtn.o
/usr/bin/arm-linux-gnueabihf-ld: error while loading shared libraries: libctf.so.0: cannot open shared object file: No such file or directory
collect2: error: ld returned 127 exit status
ninja: build stopped: subcommand failed.




Determining if the C compiler works failed with the following output:
Change Dir: /datahdd/Michi/OTH/GIT/HSP-RPOSC-Redpitaya-Oszilloskop/RP-LogicAnalyser/build/CMakeFiles/CMakeTmp

Run Build Command(s):/usr/bin/ninja cmTC_88ae9 && [1/2] Building C object CMakeFiles/cmTC_88ae9.dir/testCCompiler.c.o
[2/2] Linking C executable cmTC_88ae9
FAILED: cmTC_88ae9 
: && /usr/bin/arm-linux-gnueabihf-gcc-10.2.0   CMakeFiles/cmTC_88ae9.dir/testCCompiler.c.o -o cmTC_88ae9   && :
/usr/bin/arm-linux-gnueabihf-ld: error while loading shared libraries: libctf.so.0: cannot open shared object file: No such file or directory
collect2: error: ld returned 127 exit status
ninja: build stopped: subcommand failed.



Compiling the C compiler identification source file "CMakeCCompilerId.c" failed.
Compiler: /usr/bin/arm-linux-gnueabihf-gcc-10.2.0 
Build flags: 
Id flags:  

The output was:
1
/usr/bin/arm-linux-gnueabihf-ld: error while loading shared libraries: libctf.so.0: cannot open shared object file: No such file or directory
collect2: error: ld returned 127 exit status


Detecting C compiler ABI info failed to compile with the following output:
Change Dir: /datahdd/Michi/OTH/GIT/HSP-RPOSC-Redpitaya-Oszilloskop/RP-LogicAnalyser/build/CMakeFiles/CMakeTmp

Run Build Command(s):/usr/bin/ninja cmTC_f9481 && [1/2] Building C object CMakeFiles/cmTC_f9481.dir/CMakeCCompilerABI.c.o
Using built-in specs.
COLLECT_GCC=/usr/bin/arm-linux-gnueabihf-gcc-10.2.0
Target: arm-linux-gnueabihf
Configured with: /var/tmp/pamac-build-michael/arm-linux-gnueabihf-gcc-stage1/src/gcc/configure --prefix=/usr --program-prefix=arm-linux-gnueabihf- --with-local-prefix=/usr/arm-linux-gnueabihf --with-sysroot=/usr/arm-linux-gnueabihf --with-build-sysroot=/usr/arm-linux-gnueabihf --with-as=/usr/bin/arm-linux-gnueabihf-as --with-ld=/usr/bin/arm-linux-gnueabihf-ld --libdir=/usr/lib --libexecdir=/usr/lib --disable-nls --with-newlib --enable-languages=c,c++ --with-isl --with-linker-hash-style=gnu --with-system-zlib --enable-__cxa_atexit --enable-checking=release --enable-clocale=gnu --enable-default-pie --enable-default-ssp --enable-gnu-indirect-function --enable-gnu-unique-object --enable-install-libiberty --enable-linker-build-id --disable-lto --disable-plugin --disable-shared --disable-threads --disable-libssp --disable-libstdcxx-pch --disable-libunwind-exceptions --disable-multilib --disable-werror --target=arm-linux-gnueabihf --host=x86_64-pc-linux-gnu --build=x86_64-pc-linux-gnu --with-arch=armv6 --with-float=hard --with-fpu=vfp
Thread model: single
Supported LTO compression algorithms: zlib zstd
gcc version 10.2.0 (GCC) 
COLLECT_GCC_OPTIONS='-v' '-o' 'CMakeFiles/cmTC_f9481.dir/CMakeCCompilerABI.c.o' '-c'  '-mfloat-abi=hard' '-mfpu=vfp' '-mtls-dialect=gnu' '-marm' '-march=armv6+fp'
 /usr/lib/gcc/arm-linux-gnueabihf/10.2.0/cc1 -quiet -v /usr/share/cmake-3.19/Modules/CMakeCCompilerABI.c -quiet -dumpbase CMakeCCompilerABI.c -mfloat-abi=hard -mfpu=vfp -mtls-dialect=gnu -marm -march=armv6+fp -auxbase-strip CMakeFiles/cmTC_f9481.dir/CMakeCCompilerABI.c.o -version -o /tmp/ccGi42DF.s
GNU C17 (GCC) version 10.2.0 (arm-linux-gnueabihf)
	compiled by GNU C version 10.2.0, GMP version 6.2.1, MPFR version 4.1.0, MPC version 1.2.1, isl version isl-0.21-GMP

GGC heuristics: --param ggc-min-expand=100 --param ggc-min-heapsize=131072
ignoring nonexistent directory "/usr/arm-linux-gnueabihf/usr/arm-linux-gnueabihf/include"
ignoring nonexistent directory "/usr/arm-linux-gnueabihf/usr/include"
#include "..." search starts here:
#include <...> search starts here:
 /usr/lib/gcc/arm-linux-gnueabihf/10.2.0/include
 /usr/lib/gcc/arm-linux-gnueabihf/10.2.0/include-fixed
 /usr/lib/gcc/arm-linux-gnueabihf/10.2.0/../../../../arm-linux-gnueabihf/include
End of search list.
GNU C17 (GCC) version 10.2.0 (arm-linux-gnueabihf)
	compiled by GNU C version 10.2.0, GMP version 6.2.1, MPFR version 4.1.0, MPC version 1.2.1, isl version isl-0.21-GMP

GGC heuristics: --param ggc-min-expand=100 --param ggc-min-heapsize=131072
Compiler executable checksum: bac3aa4354ab3a70385f8acbbdc87b72
COLLECT_GCC_OPTIONS='-v' '-o' 'CMakeFiles/cmTC_f9481.dir/CMakeCCompilerABI.c.o' '-c'  '-mfloat-abi=hard' '-mfpu=vfp' '-mtls-dialect=gnu' '-marm' '-march=armv6+fp'
 /usr/bin/arm-linux-gnueabihf-as -v -march=armv6 -mfloat-abi=hard -mfpu=vfp -meabi=5 -o CMakeFiles/cmTC_f9481.dir/CMakeCCompilerABI.c.o /tmp/ccGi42DF.s
GNU assembler version 2.35.1 (arm-linux-gnueabihf) using BFD version (GNU Binutils) 2.35.1
COMPILER_PATH=/usr/lib/gcc/arm-linux-gnueabihf/10.2.0/:/usr/lib/gcc/arm-linux-gnueabihf/10.2.0/:/usr/lib/gcc/arm-linux-gnueabihf/:/usr/lib/gcc/arm-linux-gnueabihf/10.2.0/:/usr/lib/gcc/arm-linux-gnueabihf/:/usr/lib/gcc/arm-linux-gnueabihf/10.2.0/../../../../arm-linux-gnueabihf/bin/
LIBRARY_PATH=/usr/lib/gcc/arm-linux-gnueabihf/10.2.0/:/usr/lib/gcc/arm-linux-gnueabihf/10.2.0/../../../../arm-linux-gnueabihf/lib/:/usr/arm-linux-gnueabihf/lib/
COLLECT_GCC_OPTIONS='-v' '-o' 'CMakeFiles/cmTC_f9481.dir/CMakeCCompilerABI.c.o' '-c'  '-mfloat-abi=hard' '-mfpu=vfp' '-mtls-dialect=gnu' '-marm' '-march=armv6+fp'
[2/2] Linking C executable cmTC_f9481
FAILED: cmTC_f9481 
: && /usr/bin/arm-linux-gnueabihf-gcc-10.2.0  -v CMakeFiles/cmTC_f9481.dir/CMakeCCompilerABI.c.o -o cmTC_f9481   && :
Using built-in specs.
COLLECT_GCC=/usr/bin/arm-linux-gnueabihf-gcc-10.2.0
COLLECT_LTO_WRAPPER=/usr/lib/gcc/arm-linux-gnueabihf/10.2.0/lto-wrapper
Target: arm-linux-gnueabihf
Configured with: /var/tmp/pamac-build-michael/arm-linux-gnueabihf-gcc-stage1/src/gcc/configure --prefix=/usr --program-prefix=arm-linux-gnueabihf- --with-local-prefix=/usr/arm-linux-gnueabihf --with-sysroot=/usr/arm-linux-gnueabihf --with-build-sysroot=/usr/arm-linux-gnueabihf --with-as=/usr/bin/arm-linux-gnueabihf-as --with-ld=/usr/bin/arm-linux-gnueabihf-ld --libdir=/usr/lib --libexecdir=/usr/lib --disable-nls --with-newlib --enable-languages=c,c++ --with-isl --with-linker-hash-style=gnu --with-system-zlib --enable-__cxa_atexit --enable-checking=release --enable-clocale=gnu --enable-default-pie --enable-default-ssp --enable-gnu-indirect-function --enable-gnu-unique-object --enable-install-libiberty --enable-linker-build-id --disable-lto --disable-plugin --disable-shared --disable-threads --disable-libssp --disable-libstdcxx-pch --disable-libunwind-exceptions --disable-multilib --disable-werror --target=arm-linux-gnueabihf --host=x86_64-pc-linux-gnu --build=x86_64-pc-linux-gnu --with-arch=armv6 --with-float=hard --with-fpu=vfp
Thread model: single
Supported LTO compression algorithms: zlib zstd
gcc version 10.2.0 (GCC) 
COMPILER_PATH=/usr/lib/gcc/arm-linux-gnueabihf/10.2.0/:/usr/lib/gcc/arm-linux-gnueabihf/10.2.0/:/usr/lib/gcc/arm-linux-gnueabihf/:/usr/lib/gcc/arm-linux-gnueabihf/10.2.0/:/usr/lib/gcc/arm-linux-gnueabihf/:/usr/lib/gcc/arm-linux-gnueabihf/10.2.0/../../../../arm-linux-gnueabihf/bin/
LIBRARY_PATH=/usr/lib/gcc/arm-linux-gnueabihf/10.2.0/:/usr/lib/gcc/arm-linux-gnueabihf/10.2.0/../../../../arm-linux-gnueabihf/lib/:/usr/arm-linux-gnueabihf/lib/
COLLECT_GCC_OPTIONS='-v' '-o' 'cmTC_f9481'  '-mfloat-abi=hard' '-mfpu=vfp' '-mtls-dialect=gnu' '-marm' '-march=armv6+fp'
 /usr/lib/gcc/arm-linux-gnueabihf/10.2.0/collect2 --hash-style=gnu -dynamic-linker /lib/ld-linux-armhf.so.3 -X -m armelf_linux_eabi -o cmTC_f9481 Scrt1.o crti.o /usr/lib/gcc/arm-linux-gnueabihf/10.2.0/crtbeginS.o -L/usr/lib/gcc/arm-linux-gnueabihf/10.2.0 -L/usr/lib/gcc/arm-linux-gnueabihf/10.2.0/../../../../arm-linux-gnueabihf/lib -L/usr/arm-linux-gnueabihf/lib CMakeFiles/cmTC_f9481.dir/CMakeCCompilerABI.c.o -lgcc -lc -lgcc /usr/lib/gcc/arm-linux-gnueabihf/10.2.0/crtendS.o crtn.o
/usr/bin/arm-linux-gnueabihf-ld: error while loading shared libraries: libctf.so.0: cannot open shared object file: No such file or directory
collect2: error: ld returned 127 exit status
ninja: build stopped: subcommand failed.




Determining if the C compiler works failed with the following output:
Change Dir: /datahdd/Michi/OTH/GIT/HSP-RPOSC-Redpitaya-Oszilloskop/RP-LogicAnalyser/build/CMakeFiles/CMakeTmp

Run Build Command(s):/usr/bin/ninja cmTC_0eae9 && [1/2] Building C object CMakeFiles/cmTC_0eae9.dir/testCCompiler.c.o
[2/2] Linking C executable cmTC_0eae9
FAILED: cmTC_0eae9 
: && /usr/bin/arm-linux-gnueabihf-gcc-10.2.0   CMakeFiles/cmTC_0eae9.dir/testCCompiler.c.o -o cmTC_0eae9   && :
/usr/bin/arm-linux-gnueabihf-ld: error while loading shared libraries: libctf.so.0: cannot open shared object file: No such file or directory
collect2: error: ld returned 127 exit status
ninja: build stopped: subcommand failed.



Compiling the C compiler identification source file "CMakeCCompilerId.c" failed.
Compiler: /usr/bin/arm-linux-gnueabihf-gcc-10.2.0 
Build flags: 
Id flags:  

The output was:
1
/usr/bin/arm-linux-gnueabihf-ld: error while loading shared libraries: libctf.so.0: cannot open shared object file: No such file or directory
collect2: error: ld returned 127 exit status


Detecting C compiler ABI info failed to compile with the following output:
Change Dir: /datahdd/Michi/OTH/GIT/HSP-RPOSC-Redpitaya-Oszilloskop/RP-LogicAnalyser/build/CMakeFiles/CMakeTmp

Run Build Command(s):/usr/bin/ninja cmTC_3ef1c && [1/2] Building C object CMakeFiles/cmTC_3ef1c.dir/CMakeCCompilerABI.c.o
Using built-in specs.
COLLECT_GCC=/usr/bin/arm-linux-gnueabihf-gcc-10.2.0
Target: arm-linux-gnueabihf
Configured with: /var/tmp/pamac-build-michael/arm-linux-gnueabihf-gcc-stage1/src/gcc/configure --prefix=/usr --program-prefix=arm-linux-gnueabihf- --with-local-prefix=/usr/arm-linux-gnueabihf --with-sysroot=/usr/arm-linux-gnueabihf --with-build-sysroot=/usr/arm-linux-gnueabihf --with-as=/usr/bin/arm-linux-gnueabihf-as --with-ld=/usr/bin/arm-linux-gnueabihf-ld --libdir=/usr/lib --libexecdir=/usr/lib --disable-nls --with-newlib --enable-languages=c,c++ --with-isl --with-linker-hash-style=gnu --with-system-zlib --enable-__cxa_atexit --enable-checking=release --enable-clocale=gnu --enable-default-pie --enable-default-ssp --enable-gnu-indirect-function --enable-gnu-unique-object --enable-install-libiberty --enable-linker-build-id --disable-lto --disable-plugin --disable-shared --disable-threads --disable-libssp --disable-libstdcxx-pch --disable-libunwind-exceptions --disable-multilib --disable-werror --target=arm-linux-gnueabihf --host=x86_64-pc-linux-gnu --build=x86_64-pc-linux-gnu --with-arch=armv6 --with-float=hard --with-fpu=vfp
Thread model: single
Supported LTO compression algorithms: zlib zstd
gcc version 10.2.0 (GCC) 
COLLECT_GCC_OPTIONS='-v' '-o' 'CMakeFiles/cmTC_3ef1c.dir/CMakeCCompilerABI.c.o' '-c'  '-mfloat-abi=hard' '-mfpu=vfp' '-mtls-dialect=gnu' '-marm' '-march=armv6+fp'
 /usr/lib/gcc/arm-linux-gnueabihf/10.2.0/cc1 -quiet -v /usr/share/cmake-3.19/Modules/CMakeCCompilerABI.c -quiet -dumpbase CMakeCCompilerABI.c -mfloat-abi=hard -mfpu=vfp -mtls-dialect=gnu -marm -march=armv6+fp -auxbase-strip CMakeFiles/cmTC_3ef1c.dir/CMakeCCompilerABI.c.o -version -o /tmp/ccb9Ld6F.s
GNU C17 (GCC) version 10.2.0 (arm-linux-gnueabihf)
	compiled by GNU C version 10.2.0, GMP version 6.2.1, MPFR version 4.1.0, MPC version 1.2.1, isl version isl-0.21-GMP

GGC heuristics: --param ggc-min-expand=100 --param ggc-min-heapsize=131072
ignoring nonexistent directory "/usr/arm-linux-gnueabihf/usr/arm-linux-gnueabihf/include"
ignoring nonexistent directory "/usr/arm-linux-gnueabihf/usr/include"
#include "..." search starts here:
#include <...> search starts here:
 /usr/lib/gcc/arm-linux-gnueabihf/10.2.0/include
 /usr/lib/gcc/arm-linux-gnueabihf/10.2.0/include-fixed
 /usr/lib/gcc/arm-linux-gnueabihf/10.2.0/../../../../arm-linux-gnueabihf/include
End of search list.
GNU C17 (GCC) version 10.2.0 (arm-linux-gnueabihf)
	compiled by GNU C version 10.2.0, GMP version 6.2.1, MPFR version 4.1.0, MPC version 1.2.1, isl version isl-0.21-GMP

GGC heuristics: --param ggc-min-expand=100 --param ggc-min-heapsize=131072
Compiler executable checksum: bac3aa4354ab3a70385f8acbbdc87b72
COLLECT_GCC_OPTIONS='-v' '-o' 'CMakeFiles/cmTC_3ef1c.dir/CMakeCCompilerABI.c.o' '-c'  '-mfloat-abi=hard' '-mfpu=vfp' '-mtls-dialect=gnu' '-marm' '-march=armv6+fp'
 /usr/bin/arm-linux-gnueabihf-as -v -march=armv6 -mfloat-abi=hard -mfpu=vfp -meabi=5 -o CMakeFiles/cmTC_3ef1c.dir/CMakeCCompilerABI.c.o /tmp/ccb9Ld6F.s
GNU assembler version 2.35.1 (arm-linux-gnueabihf) using BFD version (GNU Binutils) 2.35.1
COMPILER_PATH=/usr/lib/gcc/arm-linux-gnueabihf/10.2.0/:/usr/lib/gcc/arm-linux-gnueabihf/10.2.0/:/usr/lib/gcc/arm-linux-gnueabihf/:/usr/lib/gcc/arm-linux-gnueabihf/10.2.0/:/usr/lib/gcc/arm-linux-gnueabihf/:/usr/lib/gcc/arm-linux-gnueabihf/10.2.0/../../../../arm-linux-gnueabihf/bin/
LIBRARY_PATH=/usr/lib/gcc/arm-linux-gnueabihf/10.2.0/:/usr/lib/gcc/arm-linux-gnueabihf/10.2.0/../../../../arm-linux-gnueabihf/lib/:/usr/arm-linux-gnueabihf/lib/
COLLECT_GCC_OPTIONS='-v' '-o' 'CMakeFiles/cmTC_3ef1c.dir/CMakeCCompilerABI.c.o' '-c'  '-mfloat-abi=hard' '-mfpu=vfp' '-mtls-dialect=gnu' '-marm' '-march=armv6+fp'
[2/2] Linking C executable cmTC_3ef1c
FAILED: cmTC_3ef1c 
: && /usr/bin/arm-linux-gnueabihf-gcc-10.2.0  -v CMakeFiles/cmTC_3ef1c.dir/CMakeCCompilerABI.c.o -o cmTC_3ef1c   && :
Using built-in specs.
COLLECT_GCC=/usr/bin/arm-linux-gnueabihf-gcc-10.2.0
COLLECT_LTO_WRAPPER=/usr/lib/gcc/arm-linux-gnueabihf/10.2.0/lto-wrapper
Target: arm-linux-gnueabihf
Configured with: /var/tmp/pamac-build-michael/arm-linux-gnueabihf-gcc-stage1/src/gcc/configure --prefix=/usr --program-prefix=arm-linux-gnueabihf- --with-local-prefix=/usr/arm-linux-gnueabihf --with-sysroot=/usr/arm-linux-gnueabihf --with-build-sysroot=/usr/arm-linux-gnueabihf --with-as=/usr/bin/arm-linux-gnueabihf-as --with-ld=/usr/bin/arm-linux-gnueabihf-ld --libdir=/usr/lib --libexecdir=/usr/lib --disable-nls --with-newlib --enable-languages=c,c++ --with-isl --with-linker-hash-style=gnu --with-system-zlib --enable-__cxa_atexit --enable-checking=release --enable-clocale=gnu --enable-default-pie --enable-default-ssp --enable-gnu-indirect-function --enable-gnu-unique-object --enable-install-libiberty --enable-linker-build-id --disable-lto --disable-plugin --disable-shared --disable-threads --disable-libssp --disable-libstdcxx-pch --disable-libunwind-exceptions --disable-multilib --disable-werror --target=arm-linux-gnueabihf --host=x86_64-pc-linux-gnu --build=x86_64-pc-linux-gnu --with-arch=armv6 --with-float=hard --with-fpu=vfp
Thread model: single
Supported LTO compression algorithms: zlib zstd
gcc version 10.2.0 (GCC) 
COMPILER_PATH=/usr/lib/gcc/arm-linux-gnueabihf/10.2.0/:/usr/lib/gcc/arm-linux-gnueabihf/10.2.0/:/usr/lib/gcc/arm-linux-gnueabihf/:/usr/lib/gcc/arm-linux-gnueabihf/10.2.0/:/usr/lib/gcc/arm-linux-gnueabihf/:/usr/lib/gcc/arm-linux-gnueabihf/10.2.0/../../../../arm-linux-gnueabihf/bin/
LIBRARY_PATH=/usr/lib/gcc/arm-linux-gnueabihf/10.2.0/:/usr/lib/gcc/arm-linux-gnueabihf/10.2.0/../../../../arm-linux-gnueabihf/lib/:/usr/arm-linux-gnueabihf/lib/
COLLECT_GCC_OPTIONS='-v' '-o' 'cmTC_3ef1c'  '-mfloat-abi=hard' '-mfpu=vfp' '-mtls-dialect=gnu' '-marm' '-march=armv6+fp'
 /usr/lib/gcc/arm-linux-gnueabihf/10.2.0/collect2 --hash-style=gnu -dynamic-linker /lib/ld-linux-armhf.so.3 -X -m armelf_linux_eabi -o cmTC_3ef1c Scrt1.o crti.o /usr/lib/gcc/arm-linux-gnueabihf/10.2.0/crtbeginS.o -L/usr/lib/gcc/arm-linux-gnueabihf/10.2.0 -L/usr/lib/gcc/arm-linux-gnueabihf/10.2.0/../../../../arm-linux-gnueabihf/lib -L/usr/arm-linux-gnueabihf/lib CMakeFiles/cmTC_3ef1c.dir/CMakeCCompilerABI.c.o -lgcc -lc -lgcc /usr/lib/gcc/arm-linux-gnueabihf/10.2.0/crtendS.o crtn.o
/usr/bin/arm-linux-gnueabihf-ld: error while loading shared libraries: libctf.so.0: cannot open shared object file: No such file or directory
collect2: error: ld returned 127 exit status
ninja: build stopped: subcommand failed.




Determining if the C compiler works failed with the following output:
Change Dir: /datahdd/Michi/OTH/GIT/HSP-RPOSC-Redpitaya-Oszilloskop/RP-LogicAnalyser/build/CMakeFiles/CMakeTmp

Run Build Command(s):/usr/bin/ninja cmTC_d320d && [1/2] Building C object CMakeFiles/cmTC_d320d.dir/testCCompiler.c.o
[2/2] Linking C executable cmTC_d320d
FAILED: cmTC_d320d 
: && /usr/bin/arm-linux-gnueabihf-gcc-10.2.0   CMakeFiles/cmTC_d320d.dir/testCCompiler.c.o -o cmTC_d320d   && :
/usr/bin/arm-linux-gnueabihf-ld: error while loading shared libraries: libctf.so.0: cannot open shared object file: No such file or directory
collect2: error: ld returned 127 exit status
ninja: build stopped: subcommand failed.



Compiling the C compiler identification source file "CMakeCCompilerId.c" failed.
Compiler: /usr/bin/arm-linux-gnueabihf-gcc-10.2.0 
Build flags: 
Id flags:  

The output was:
1
/usr/bin/arm-linux-gnueabihf-ld: error while loading shared libraries: libctf.so.0: cannot open shared object file: No such file or directory
collect2: error: ld returned 127 exit status


Detecting C compiler ABI info failed to compile with the following output:
Change Dir: /datahdd/Michi/OTH/GIT/HSP-RPOSC-Redpitaya-Oszilloskop/RP-LogicAnalyser/build/CMakeFiles/CMakeTmp

Run Build Command(s):/usr/bin/ninja cmTC_c5e9b && [1/2] Building C object CMakeFiles/cmTC_c5e9b.dir/CMakeCCompilerABI.c.o
Using built-in specs.
COLLECT_GCC=/usr/bin/arm-linux-gnueabihf-gcc-10.2.0
Target: arm-linux-gnueabihf
Configured with: /var/tmp/pamac-build-michael/arm-linux-gnueabihf-gcc-stage1/src/gcc/configure --prefix=/usr --program-prefix=arm-linux-gnueabihf- --with-local-prefix=/usr/arm-linux-gnueabihf --with-sysroot=/usr/arm-linux-gnueabihf --with-build-sysroot=/usr/arm-linux-gnueabihf --with-as=/usr/bin/arm-linux-gnueabihf-as --with-ld=/usr/bin/arm-linux-gnueabihf-ld --libdir=/usr/lib --libexecdir=/usr/lib --disable-nls --with-newlib --enable-languages=c,c++ --with-isl --with-linker-hash-style=gnu --with-system-zlib --enable-__cxa_atexit --enable-checking=release --enable-clocale=gnu --enable-default-pie --enable-default-ssp --enable-gnu-indirect-function --enable-gnu-unique-object --enable-install-libiberty --enable-linker-build-id --disable-lto --disable-plugin --disable-shared --disable-threads --disable-libssp --disable-libstdcxx-pch --disable-libunwind-exceptions --disable-multilib --disable-werror --target=arm-linux-gnueabihf --host=x86_64-pc-linux-gnu --build=x86_64-pc-linux-gnu --with-arch=armv6 --with-float=hard --with-fpu=vfp
Thread model: single
Supported LTO compression algorithms: zlib zstd
gcc version 10.2.0 (GCC) 
COLLECT_GCC_OPTIONS='-v' '-o' 'CMakeFiles/cmTC_c5e9b.dir/CMakeCCompilerABI.c.o' '-c'  '-mfloat-abi=hard' '-mfpu=vfp' '-mtls-dialect=gnu' '-marm' '-march=armv6+fp'
 /usr/lib/gcc/arm-linux-gnueabihf/10.2.0/cc1 -quiet -v /usr/share/cmake-3.19/Modules/CMakeCCompilerABI.c -quiet -dumpbase CMakeCCompilerABI.c -mfloat-abi=hard -mfpu=vfp -mtls-dialect=gnu -marm -march=armv6+fp -auxbase-strip CMakeFiles/cmTC_c5e9b.dir/CMakeCCompilerABI.c.o -version -o /tmp/ccxJYCfb.s
GNU C17 (GCC) version 10.2.0 (arm-linux-gnueabihf)
	compiled by GNU C version 10.2.0, GMP version 6.2.1, MPFR version 4.1.0, MPC version 1.2.1, isl version isl-0.21-GMP

GGC heuristics: --param ggc-min-expand=100 --param ggc-min-heapsize=131072
ignoring nonexistent directory "/usr/arm-linux-gnueabihf/usr/arm-linux-gnueabihf/include"
ignoring nonexistent directory "/usr/arm-linux-gnueabihf/usr/include"
#include "..." search starts here:
#include <...> search starts here:
 /usr/lib/gcc/arm-linux-gnueabihf/10.2.0/include
 /usr/lib/gcc/arm-linux-gnueabihf/10.2.0/include-fixed
 /usr/lib/gcc/arm-linux-gnueabihf/10.2.0/../../../../arm-linux-gnueabihf/include
End of search list.
GNU C17 (GCC) version 10.2.0 (arm-linux-gnueabihf)
	compiled by GNU C version 10.2.0, GMP version 6.2.1, MPFR version 4.1.0, MPC version 1.2.1, isl version isl-0.21-GMP

GGC heuristics: --param ggc-min-expand=100 --param ggc-min-heapsize=131072
Compiler executable checksum: bac3aa4354ab3a70385f8acbbdc87b72
COLLECT_GCC_OPTIONS='-v' '-o' 'CMakeFiles/cmTC_c5e9b.dir/CMakeCCompilerABI.c.o' '-c'  '-mfloat-abi=hard' '-mfpu=vfp' '-mtls-dialect=gnu' '-marm' '-march=armv6+fp'
 /usr/bin/arm-linux-gnueabihf-as -v -march=armv6 -mfloat-abi=hard -mfpu=vfp -meabi=5 -o CMakeFiles/cmTC_c5e9b.dir/CMakeCCompilerABI.c.o /tmp/ccxJYCfb.s
GNU assembler version 2.35.1 (arm-linux-gnueabihf) using BFD version (GNU Binutils) 2.35.1
COMPILER_PATH=/usr/lib/gcc/arm-linux-gnueabihf/10.2.0/:/usr/lib/gcc/arm-linux-gnueabihf/10.2.0/:/usr/lib/gcc/arm-linux-gnueabihf/:/usr/lib/gcc/arm-linux-gnueabihf/10.2.0/:/usr/lib/gcc/arm-linux-gnueabihf/:/usr/lib/gcc/arm-linux-gnueabihf/10.2.0/../../../../arm-linux-gnueabihf/bin/
LIBRARY_PATH=/usr/lib/gcc/arm-linux-gnueabihf/10.2.0/:/usr/lib/gcc/arm-linux-gnueabihf/10.2.0/../../../../arm-linux-gnueabihf/lib/:/usr/arm-linux-gnueabihf/lib/
COLLECT_GCC_OPTIONS='-v' '-o' 'CMakeFiles/cmTC_c5e9b.dir/CMakeCCompilerABI.c.o' '-c'  '-mfloat-abi=hard' '-mfpu=vfp' '-mtls-dialect=gnu' '-marm' '-march=armv6+fp'
[2/2] Linking C executable cmTC_c5e9b
FAILED: cmTC_c5e9b 
: && /usr/bin/arm-linux-gnueabihf-gcc-10.2.0  -v CMakeFiles/cmTC_c5e9b.dir/CMakeCCompilerABI.c.o -o cmTC_c5e9b   && :
Using built-in specs.
COLLECT_GCC=/usr/bin/arm-linux-gnueabihf-gcc-10.2.0
COLLECT_LTO_WRAPPER=/usr/lib/gcc/arm-linux-gnueabihf/10.2.0/lto-wrapper
Target: arm-linux-gnueabihf
Configured with: /var/tmp/pamac-build-michael/arm-linux-gnueabihf-gcc-stage1/src/gcc/configure --prefix=/usr --program-prefix=arm-linux-gnueabihf- --with-local-prefix=/usr/arm-linux-gnueabihf --with-sysroot=/usr/arm-linux-gnueabihf --with-build-sysroot=/usr/arm-linux-gnueabihf --with-as=/usr/bin/arm-linux-gnueabihf-as --with-ld=/usr/bin/arm-linux-gnueabihf-ld --libdir=/usr/lib --libexecdir=/usr/lib --disable-nls --with-newlib --enable-languages=c,c++ --with-isl --with-linker-hash-style=gnu --with-system-zlib --enable-__cxa_atexit --enable-checking=release --enable-clocale=gnu --enable-default-pie --enable-default-ssp --enable-gnu-indirect-function --enable-gnu-unique-object --enable-install-libiberty --enable-linker-build-id --disable-lto --disable-plugin --disable-shared --disable-threads --disable-libssp --disable-libstdcxx-pch --disable-libunwind-exceptions --disable-multilib --disable-werror --target=arm-linux-gnueabihf --host=x86_64-pc-linux-gnu --build=x86_64-pc-linux-gnu --with-arch=armv6 --with-float=hard --with-fpu=vfp
Thread model: single
Supported LTO compression algorithms: zlib zstd
gcc version 10.2.0 (GCC) 
COMPILER_PATH=/usr/lib/gcc/arm-linux-gnueabihf/10.2.0/:/usr/lib/gcc/arm-linux-gnueabihf/10.2.0/:/usr/lib/gcc/arm-linux-gnueabihf/:/usr/lib/gcc/arm-linux-gnueabihf/10.2.0/:/usr/lib/gcc/arm-linux-gnueabihf/:/usr/lib/gcc/arm-linux-gnueabihf/10.2.0/../../../../arm-linux-gnueabihf/bin/
LIBRARY_PATH=/usr/lib/gcc/arm-linux-gnueabihf/10.2.0/:/usr/lib/gcc/arm-linux-gnueabihf/10.2.0/../../../../arm-linux-gnueabihf/lib/:/usr/arm-linux-gnueabihf/lib/
COLLECT_GCC_OPTIONS='-v' '-o' 'cmTC_c5e9b'  '-mfloat-abi=hard' '-mfpu=vfp' '-mtls-dialect=gnu' '-marm' '-march=armv6+fp'
 /usr/lib/gcc/arm-linux-gnueabihf/10.2.0/collect2 --hash-style=gnu -dynamic-linker /lib/ld-linux-armhf.so.3 -X -m armelf_linux_eabi -o cmTC_c5e9b Scrt1.o crti.o /usr/lib/gcc/arm-linux-gnueabihf/10.2.0/crtbeginS.o -L/usr/lib/gcc/arm-linux-gnueabihf/10.2.0 -L/usr/lib/gcc/arm-linux-gnueabihf/10.2.0/../../../../arm-linux-gnueabihf/lib -L/usr/arm-linux-gnueabihf/lib CMakeFiles/cmTC_c5e9b.dir/CMakeCCompilerABI.c.o -lgcc -lc -lgcc /usr/lib/gcc/arm-linux-gnueabihf/10.2.0/crtendS.o crtn.o
/usr/bin/arm-linux-gnueabihf-ld: error while loading shared libraries: libctf.so.0: cannot open shared object file: No such file or directory
collect2: error: ld returned 127 exit status
ninja: build stopped: subcommand failed.




Determining if the C compiler works failed with the following output:
Change Dir: /datahdd/Michi/OTH/GIT/HSP-RPOSC-Redpitaya-Oszilloskop/RP-LogicAnalyser/build/CMakeFiles/CMakeTmp

Run Build Command(s):/usr/bin/ninja cmTC_76c33 && [1/2] Building C object CMakeFiles/cmTC_76c33.dir/testCCompiler.c.o
[2/2] Linking C executable cmTC_76c33
FAILED: cmTC_76c33 
: && /usr/bin/arm-linux-gnueabihf-gcc-10.2.0   CMakeFiles/cmTC_76c33.dir/testCCompiler.c.o -o cmTC_76c33   && :
/usr/bin/arm-linux-gnueabihf-ld: error while loading shared libraries: libctf.so.0: cannot open shared object file: No such file or directory
collect2: error: ld returned 127 exit status
ninja: build stopped: subcommand failed.



Compiling the C compiler identification source file "CMakeCCompilerId.c" failed.
Compiler: /usr/bin/arm-linux-gnueabihf-gcc-10.2.0 
Build flags: 
Id flags:  

The output was:
1
/usr/bin/arm-linux-gnueabihf-ld: cannot find Scrt1.o: No such file or directory
/usr/bin/arm-linux-gnueabihf-ld: cannot find crti.o: No such file or directory
/usr/bin/arm-linux-gnueabihf-ld: cannot find -lc
/usr/bin/arm-linux-gnueabihf-ld: cannot find crtn.o: No such file or directory
collect2: error: ld returned 1 exit status


Detecting C compiler ABI info failed to compile with the following output:
Change Dir: /datahdd/Michi/OTH/GIT/HSP-RPOSC-Redpitaya-Oszilloskop/RP-LogicAnalyser/build/CMakeFiles/CMakeTmp

Run Build Command(s):/usr/bin/ninja cmTC_7bf7f && [1/2] Building C object CMakeFiles/cmTC_7bf7f.dir/CMakeCCompilerABI.c.o
Using built-in specs.
COLLECT_GCC=/usr/bin/arm-linux-gnueabihf-gcc-10.2.0
Target: arm-linux-gnueabihf
Configured with: /var/tmp/pamac-build-michael/arm-linux-gnueabihf-gcc-stage1/src/gcc/configure --prefix=/usr --program-prefix=arm-linux-gnueabihf- --with-local-prefix=/usr/arm-linux-gnueabihf --with-sysroot=/usr/arm-linux-gnueabihf --with-build-sysroot=/usr/arm-linux-gnueabihf --with-as=/usr/bin/arm-linux-gnueabihf-as --with-ld=/usr/bin/arm-linux-gnueabihf-ld --libdir=/usr/lib --libexecdir=/usr/lib --disable-nls --with-newlib --enable-languages=c,c++ --with-isl --with-linker-hash-style=gnu --with-system-zlib --enable-__cxa_atexit --enable-checking=release --enable-clocale=gnu --enable-default-pie --enable-default-ssp --enable-gnu-indirect-function --enable-gnu-unique-object --enable-install-libiberty --enable-linker-build-id --disable-lto --disable-plugin --disable-shared --disable-threads --disable-libssp --disable-libstdcxx-pch --disable-libunwind-exceptions --disable-multilib --disable-werror --target=arm-linux-gnueabihf --host=x86_64-pc-linux-gnu --build=x86_64-pc-linux-gnu --with-arch=armv6 --with-float=hard --with-fpu=vfp
Thread model: single
Supported LTO compression algorithms: zlib zstd
gcc version 10.2.0 (GCC) 
COLLECT_GCC_OPTIONS='-v' '-o' 'CMakeFiles/cmTC_7bf7f.dir/CMakeCCompilerABI.c.o' '-c'  '-mfloat-abi=hard' '-mfpu=vfp' '-mtls-dialect=gnu' '-marm' '-march=armv6+fp'
 /usr/lib/gcc/arm-linux-gnueabihf/10.2.0/cc1 -quiet -v /usr/share/cmake-3.19/Modules/CMakeCCompilerABI.c -quiet -dumpbase CMakeCCompilerABI.c -mfloat-abi=hard -mfpu=vfp -mtls-dialect=gnu -marm -march=armv6+fp -auxbase-strip CMakeFiles/cmTC_7bf7f.dir/CMakeCCompilerABI.c.o -version -o /tmp/ccS0wCGp.s
GNU C17 (GCC) version 10.2.0 (arm-linux-gnueabihf)
	compiled by GNU C version 10.2.0, GMP version 6.2.1, MPFR version 4.1.0, MPC version 1.2.1, isl version isl-0.21-GMP

GGC heuristics: --param ggc-min-expand=100 --param ggc-min-heapsize=131072
ignoring nonexistent directory "/usr/arm-linux-gnueabihf/usr/arm-linux-gnueabihf/include"
ignoring nonexistent directory "/usr/arm-linux-gnueabihf/usr/include"
#include "..." search starts here:
#include <...> search starts here:
 /usr/lib/gcc/arm-linux-gnueabihf/10.2.0/include
 /usr/lib/gcc/arm-linux-gnueabihf/10.2.0/include-fixed
 /usr/lib/gcc/arm-linux-gnueabihf/10.2.0/../../../../arm-linux-gnueabihf/include
End of search list.
GNU C17 (GCC) version 10.2.0 (arm-linux-gnueabihf)
	compiled by GNU C version 10.2.0, GMP version 6.2.1, MPFR version 4.1.0, MPC version 1.2.1, isl version isl-0.21-GMP

GGC heuristics: --param ggc-min-expand=100 --param ggc-min-heapsize=131072
Compiler executable checksum: bac3aa4354ab3a70385f8acbbdc87b72
COLLECT_GCC_OPTIONS='-v' '-o' 'CMakeFiles/cmTC_7bf7f.dir/CMakeCCompilerABI.c.o' '-c'  '-mfloat-abi=hard' '-mfpu=vfp' '-mtls-dialect=gnu' '-marm' '-march=armv6+fp'
 /usr/bin/arm-linux-gnueabihf-as -v -march=armv6 -mfloat-abi=hard -mfpu=vfp -meabi=5 -o CMakeFiles/cmTC_7bf7f.dir/CMakeCCompilerABI.c.o /tmp/ccS0wCGp.s
GNU assembler version 2.35.1 (arm-linux-gnueabihf) using BFD version (GNU Binutils) 2.35.1
COMPILER_PATH=/usr/lib/gcc/arm-linux-gnueabihf/10.2.0/:/usr/lib/gcc/arm-linux-gnueabihf/10.2.0/:/usr/lib/gcc/arm-linux-gnueabihf/:/usr/lib/gcc/arm-linux-gnueabihf/10.2.0/:/usr/lib/gcc/arm-linux-gnueabihf/:/usr/lib/gcc/arm-linux-gnueabihf/10.2.0/../../../../arm-linux-gnueabihf/bin/
LIBRARY_PATH=/usr/lib/gcc/arm-linux-gnueabihf/10.2.0/:/usr/lib/gcc/arm-linux-gnueabihf/10.2.0/../../../../arm-linux-gnueabihf/lib/:/usr/arm-linux-gnueabihf/lib/
COLLECT_GCC_OPTIONS='-v' '-o' 'CMakeFiles/cmTC_7bf7f.dir/CMakeCCompilerABI.c.o' '-c'  '-mfloat-abi=hard' '-mfpu=vfp' '-mtls-dialect=gnu' '-marm' '-march=armv6+fp'
[2/2] Linking C executable cmTC_7bf7f
FAILED: cmTC_7bf7f 
: && /usr/bin/arm-linux-gnueabihf-gcc-10.2.0  -v CMakeFiles/cmTC_7bf7f.dir/CMakeCCompilerABI.c.o -o cmTC_7bf7f   && :
Using built-in specs.
COLLECT_GCC=/usr/bin/arm-linux-gnueabihf-gcc-10.2.0
COLLECT_LTO_WRAPPER=/usr/lib/gcc/arm-linux-gnueabihf/10.2.0/lto-wrapper
Target: arm-linux-gnueabihf
Configured with: /var/tmp/pamac-build-michael/arm-linux-gnueabihf-gcc-stage1/src/gcc/configure --prefix=/usr --program-prefix=arm-linux-gnueabihf- --with-local-prefix=/usr/arm-linux-gnueabihf --with-sysroot=/usr/arm-linux-gnueabihf --with-build-sysroot=/usr/arm-linux-gnueabihf --with-as=/usr/bin/arm-linux-gnueabihf-as --with-ld=/usr/bin/arm-linux-gnueabihf-ld --libdir=/usr/lib --libexecdir=/usr/lib --disable-nls --with-newlib --enable-languages=c,c++ --with-isl --with-linker-hash-style=gnu --with-system-zlib --enable-__cxa_atexit --enable-checking=release --enable-clocale=gnu --enable-default-pie --enable-default-ssp --enable-gnu-indirect-function --enable-gnu-unique-object --enable-install-libiberty --enable-linker-build-id --disable-lto --disable-plugin --disable-shared --disable-threads --disable-libssp --disable-libstdcxx-pch --disable-libunwind-exceptions --disable-multilib --disable-werror --target=arm-linux-gnueabihf --host=x86_64-pc-linux-gnu --build=x86_64-pc-linux-gnu --with-arch=armv6 --with-float=hard --with-fpu=vfp
Thread model: single
Supported LTO compression algorithms: zlib zstd
gcc version 10.2.0 (GCC) 
COMPILER_PATH=/usr/lib/gcc/arm-linux-gnueabihf/10.2.0/:/usr/lib/gcc/arm-linux-gnueabihf/10.2.0/:/usr/lib/gcc/arm-linux-gnueabihf/:/usr/lib/gcc/arm-linux-gnueabihf/10.2.0/:/usr/lib/gcc/arm-linux-gnueabihf/:/usr/lib/gcc/arm-linux-gnueabihf/10.2.0/../../../../arm-linux-gnueabihf/bin/
LIBRARY_PATH=/usr/lib/gcc/arm-linux-gnueabihf/10.2.0/:/usr/lib/gcc/arm-linux-gnueabihf/10.2.0/../../../../arm-linux-gnueabihf/lib/:/usr/arm-linux-gnueabihf/lib/
COLLECT_GCC_OPTIONS='-v' '-o' 'cmTC_7bf7f'  '-mfloat-abi=hard' '-mfpu=vfp' '-mtls-dialect=gnu' '-marm' '-march=armv6+fp'
 /usr/lib/gcc/arm-linux-gnueabihf/10.2.0/collect2 --hash-style=gnu -dynamic-linker /lib/ld-linux-armhf.so.3 -X -m armelf_linux_eabi -o cmTC_7bf7f Scrt1.o crti.o /usr/lib/gcc/arm-linux-gnueabihf/10.2.0/crtbeginS.o -L/usr/lib/gcc/arm-linux-gnueabihf/10.2.0 -L/usr/lib/gcc/arm-linux-gnueabihf/10.2.0/../../../../arm-linux-gnueabihf/lib -L/usr/arm-linux-gnueabihf/lib CMakeFiles/cmTC_7bf7f.dir/CMakeCCompilerABI.c.o -lgcc -lc -lgcc /usr/lib/gcc/arm-linux-gnueabihf/10.2.0/crtendS.o crtn.o
/usr/bin/arm-linux-gnueabihf-ld: cannot find Scrt1.o: No such file or directory
/usr/bin/arm-linux-gnueabihf-ld: cannot find crti.o: No such file or directory
/usr/bin/arm-linux-gnueabihf-ld: cannot find -lc
/usr/bin/arm-linux-gnueabihf-ld: cannot find crtn.o: No such file or directory
collect2: error: ld returned 1 exit status
ninja: build stopped: subcommand failed.




Determining if the C compiler works failed with the following output:
Change Dir: /datahdd/Michi/OTH/GIT/HSP-RPOSC-Redpitaya-Oszilloskop/RP-LogicAnalyser/build/CMakeFiles/CMakeTmp

Run Build Command(s):/usr/bin/ninja cmTC_958ab && [1/2] Building C object CMakeFiles/cmTC_958ab.dir/testCCompiler.c.o
[2/2] Linking C executable cmTC_958ab
FAILED: cmTC_958ab 
: && /usr/bin/arm-linux-gnueabihf-gcc-10.2.0   CMakeFiles/cmTC_958ab.dir/testCCompiler.c.o -o cmTC_958ab   && :
/usr/bin/arm-linux-gnueabihf-ld: cannot find Scrt1.o: No such file or directory
/usr/bin/arm-linux-gnueabihf-ld: cannot find crti.o: No such file or directory
/usr/bin/arm-linux-gnueabihf-ld: cannot find -lc
/usr/bin/arm-linux-gnueabihf-ld: cannot find crtn.o: No such file or directory
collect2: error: ld returned 1 exit status
ninja: build stopped: subcommand failed.



Compiling the C compiler identification source file "CMakeCCompilerId.c" failed.
Compiler: /usr/bin/arm-linux-gnueabihf-gcc-10.2.0 
Build flags: 
Id flags:  

The output was:
1
/usr/bin/arm-linux-gnueabihf-ld: cannot find Scrt1.o: No such file or directory
/usr/bin/arm-linux-gnueabihf-ld: cannot find crti.o: No such file or directory
/usr/bin/arm-linux-gnueabihf-ld: cannot find -lc
/usr/bin/arm-linux-gnueabihf-ld: cannot find crtn.o: No such file or directory
collect2: error: ld returned 1 exit status


Detecting C compiler ABI info failed to compile with the following output:
Change Dir: /datahdd/Michi/OTH/GIT/HSP-RPOSC-Redpitaya-Oszilloskop/RP-LogicAnalyser/build/CMakeFiles/CMakeTmp

Run Build Command(s):/usr/bin/ninja cmTC_b15d5 && [1/2] Building C object CMakeFiles/cmTC_b15d5.dir/CMakeCCompilerABI.c.o
Using built-in specs.
COLLECT_GCC=/usr/bin/arm-linux-gnueabihf-gcc-10.2.0
Target: arm-linux-gnueabihf
Configured with: /var/tmp/pamac-build-michael/arm-linux-gnueabihf-gcc-stage1/src/gcc/configure --prefix=/usr --program-prefix=arm-linux-gnueabihf- --with-local-prefix=/usr/arm-linux-gnueabihf --with-sysroot=/usr/arm-linux-gnueabihf --with-build-sysroot=/usr/arm-linux-gnueabihf --with-as=/usr/bin/arm-linux-gnueabihf-as --with-ld=/usr/bin/arm-linux-gnueabihf-ld --libdir=/usr/lib --libexecdir=/usr/lib --disable-nls --with-newlib --enable-languages=c,c++ --with-isl --with-linker-hash-style=gnu --with-system-zlib --enable-__cxa_atexit --enable-checking=release --enable-clocale=gnu --enable-default-pie --enable-default-ssp --enable-gnu-indirect-function --enable-gnu-unique-object --enable-install-libiberty --enable-linker-build-id --disable-lto --disable-plugin --disable-shared --disable-threads --disable-libssp --disable-libstdcxx-pch --disable-libunwind-exceptions --disable-multilib --disable-werror --target=arm-linux-gnueabihf --host=x86_64-pc-linux-gnu --build=x86_64-pc-linux-gnu --with-arch=armv6 --with-float=hard --with-fpu=vfp
Thread model: single
Supported LTO compression algorithms: zlib zstd
gcc version 10.2.0 (GCC) 
COLLECT_GCC_OPTIONS='-v' '-o' 'CMakeFiles/cmTC_b15d5.dir/CMakeCCompilerABI.c.o' '-c'  '-mfloat-abi=hard' '-mfpu=vfp' '-mtls-dialect=gnu' '-marm' '-march=armv6+fp'
 /usr/lib/gcc/arm-linux-gnueabihf/10.2.0/cc1 -quiet -v /usr/share/cmake-3.19/Modules/CMakeCCompilerABI.c -quiet -dumpbase CMakeCCompilerABI.c -mfloat-abi=hard -mfpu=vfp -mtls-dialect=gnu -marm -march=armv6+fp -auxbase-strip CMakeFiles/cmTC_b15d5.dir/CMakeCCompilerABI.c.o -version -o /tmp/cc1QfUDh.s
GNU C17 (GCC) version 10.2.0 (arm-linux-gnueabihf)
	compiled by GNU C version 10.2.0, GMP version 6.2.1, MPFR version 4.1.0, MPC version 1.2.1, isl version isl-0.21-GMP

GGC heuristics: --param ggc-min-expand=100 --param ggc-min-heapsize=131072
ignoring nonexistent directory "/usr/arm-linux-gnueabihf/usr/arm-linux-gnueabihf/include"
ignoring nonexistent directory "/usr/arm-linux-gnueabihf/usr/include"
#include "..." search starts here:
#include <...> search starts here:
 /usr/lib/gcc/arm-linux-gnueabihf/10.2.0/include
 /usr/lib/gcc/arm-linux-gnueabihf/10.2.0/include-fixed
 /usr/lib/gcc/arm-linux-gnueabihf/10.2.0/../../../../arm-linux-gnueabihf/include
End of search list.
GNU C17 (GCC) version 10.2.0 (arm-linux-gnueabihf)
	compiled by GNU C version 10.2.0, GMP version 6.2.1, MPFR version 4.1.0, MPC version 1.2.1, isl version isl-0.21-GMP

GGC heuristics: --param ggc-min-expand=100 --param ggc-min-heapsize=131072
Compiler executable checksum: bac3aa4354ab3a70385f8acbbdc87b72
COLLECT_GCC_OPTIONS='-v' '-o' 'CMakeFiles/cmTC_b15d5.dir/CMakeCCompilerABI.c.o' '-c'  '-mfloat-abi=hard' '-mfpu=vfp' '-mtls-dialect=gnu' '-marm' '-march=armv6+fp'
 /usr/bin/arm-linux-gnueabihf-as -v -march=armv6 -mfloat-abi=hard -mfpu=vfp -meabi=5 -o CMakeFiles/cmTC_b15d5.dir/CMakeCCompilerABI.c.o /tmp/cc1QfUDh.s
GNU assembler version 2.35.1 (arm-linux-gnueabihf) using BFD version (GNU Binutils) 2.35.1
COMPILER_PATH=/usr/lib/gcc/arm-linux-gnueabihf/10.2.0/:/usr/lib/gcc/arm-linux-gnueabihf/10.2.0/:/usr/lib/gcc/arm-linux-gnueabihf/:/usr/lib/gcc/arm-linux-gnueabihf/10.2.0/:/usr/lib/gcc/arm-linux-gnueabihf/:/usr/lib/gcc/arm-linux-gnueabihf/10.2.0/../../../../arm-linux-gnueabihf/bin/
LIBRARY_PATH=/usr/lib/gcc/arm-linux-gnueabihf/10.2.0/:/usr/lib/gcc/arm-linux-gnueabihf/10.2.0/../../../../arm-linux-gnueabihf/lib/:/usr/arm-linux-gnueabihf/lib/
COLLECT_GCC_OPTIONS='-v' '-o' 'CMakeFiles/cmTC_b15d5.dir/CMakeCCompilerABI.c.o' '-c'  '-mfloat-abi=hard' '-mfpu=vfp' '-mtls-dialect=gnu' '-marm' '-march=armv6+fp'
[2/2] Linking C executable cmTC_b15d5
FAILED: cmTC_b15d5 
: && /usr/bin/arm-linux-gnueabihf-gcc-10.2.0  -v CMakeFiles/cmTC_b15d5.dir/CMakeCCompilerABI.c.o -o cmTC_b15d5   && :
Using built-in specs.
COLLECT_GCC=/usr/bin/arm-linux-gnueabihf-gcc-10.2.0
COLLECT_LTO_WRAPPER=/usr/lib/gcc/arm-linux-gnueabihf/10.2.0/lto-wrapper
Target: arm-linux-gnueabihf
Configured with: /var/tmp/pamac-build-michael/arm-linux-gnueabihf-gcc-stage1/src/gcc/configure --prefix=/usr --program-prefix=arm-linux-gnueabihf- --with-local-prefix=/usr/arm-linux-gnueabihf --with-sysroot=/usr/arm-linux-gnueabihf --with-build-sysroot=/usr/arm-linux-gnueabihf --with-as=/usr/bin/arm-linux-gnueabihf-as --with-ld=/usr/bin/arm-linux-gnueabihf-ld --libdir=/usr/lib --libexecdir=/usr/lib --disable-nls --with-newlib --enable-languages=c,c++ --with-isl --with-linker-hash-style=gnu --with-system-zlib --enable-__cxa_atexit --enable-checking=release --enable-clocale=gnu --enable-default-pie --enable-default-ssp --enable-gnu-indirect-function --enable-gnu-unique-object --enable-install-libiberty --enable-linker-build-id --disable-lto --disable-plugin --disable-shared --disable-threads --disable-libssp --disable-libstdcxx-pch --disable-libunwind-exceptions --disable-multilib --disable-werror --target=arm-linux-gnueabihf --host=x86_64-pc-linux-gnu --build=x86_64-pc-linux-gnu --with-arch=armv6 --with-float=hard --with-fpu=vfp
Thread model: single
Supported LTO compression algorithms: zlib zstd
gcc version 10.2.0 (GCC) 
COMPILER_PATH=/usr/lib/gcc/arm-linux-gnueabihf/10.2.0/:/usr/lib/gcc/arm-linux-gnueabihf/10.2.0/:/usr/lib/gcc/arm-linux-gnueabihf/:/usr/lib/gcc/arm-linux-gnueabihf/10.2.0/:/usr/lib/gcc/arm-linux-gnueabihf/:/usr/lib/gcc/arm-linux-gnueabihf/10.2.0/../../../../arm-linux-gnueabihf/bin/
LIBRARY_PATH=/usr/lib/gcc/arm-linux-gnueabihf/10.2.0/:/usr/lib/gcc/arm-linux-gnueabihf/10.2.0/../../../../arm-linux-gnueabihf/lib/:/usr/arm-linux-gnueabihf/lib/
COLLECT_GCC_OPTIONS='-v' '-o' 'cmTC_b15d5'  '-mfloat-abi=hard' '-mfpu=vfp' '-mtls-dialect=gnu' '-marm' '-march=armv6+fp'
 /usr/lib/gcc/arm-linux-gnueabihf/10.2.0/collect2 --hash-style=gnu -dynamic-linker /lib/ld-linux-armhf.so.3 -X -m armelf_linux_eabi -o cmTC_b15d5 Scrt1.o crti.o /usr/lib/gcc/arm-linux-gnueabihf/10.2.0/crtbeginS.o -L/usr/lib/gcc/arm-linux-gnueabihf/10.2.0 -L/usr/lib/gcc/arm-linux-gnueabihf/10.2.0/../../../../arm-linux-gnueabihf/lib -L/usr/arm-linux-gnueabihf/lib CMakeFiles/cmTC_b15d5.dir/CMakeCCompilerABI.c.o -lgcc -lc -lgcc /usr/lib/gcc/arm-linux-gnueabihf/10.2.0/crtendS.o crtn.o
/usr/bin/arm-linux-gnueabihf-ld: cannot find Scrt1.o: No such file or directory
/usr/bin/arm-linux-gnueabihf-ld: cannot find crti.o: No such file or directory
/usr/bin/arm-linux-gnueabihf-ld: cannot find -lc
/usr/bin/arm-linux-gnueabihf-ld: cannot find crtn.o: No such file or directory
collect2: error: ld returned 1 exit status
ninja: build stopped: subcommand failed.




Determining if the C compiler works failed with the following output:
Change Dir: /datahdd/Michi/OTH/GIT/HSP-RPOSC-Redpitaya-Oszilloskop/RP-LogicAnalyser/build/CMakeFiles/CMakeTmp

Run Build Command(s):/usr/bin/ninja cmTC_4d8d5 && [1/2] Building C object CMakeFiles/cmTC_4d8d5.dir/testCCompiler.c.o
[2/2] Linking C executable cmTC_4d8d5
FAILED: cmTC_4d8d5 
: && /usr/bin/arm-linux-gnueabihf-gcc-10.2.0   CMakeFiles/cmTC_4d8d5.dir/testCCompiler.c.o -o cmTC_4d8d5   && :
/usr/bin/arm-linux-gnueabihf-ld: cannot find Scrt1.o: No such file or directory
/usr/bin/arm-linux-gnueabihf-ld: cannot find crti.o: No such file or directory
/usr/bin/arm-linux-gnueabihf-ld: cannot find -lc
/usr/bin/arm-linux-gnueabihf-ld: cannot find crtn.o: No such file or directory
collect2: error: ld returned 1 exit status
ninja: build stopped: subcommand failed.



Compiling the C compiler identification source file "CMakeCCompilerId.c" failed.
Compiler: /usr/bin/arm-linux-gnueabihf-gcc-10.2.0 
Build flags: 
Id flags:  

The output was:
1
/usr/bin/arm-linux-gnueabihf-ld: cannot find Scrt1.o: No such file or directory
/usr/bin/arm-linux-gnueabihf-ld: cannot find crti.o: No such file or directory
/usr/bin/arm-linux-gnueabihf-ld: cannot find -lc
/usr/bin/arm-linux-gnueabihf-ld: cannot find crtn.o: No such file or directory
collect2: error: ld returned 1 exit status


Detecting C compiler ABI info failed to compile with the following output:
Change Dir: /datahdd/Michi/OTH/GIT/HSP-RPOSC-Redpitaya-Oszilloskop/RP-LogicAnalyser/build/CMakeFiles/CMakeTmp

Run Build Command(s):/usr/bin/ninja cmTC_f1f50 && [1/2] Building C object CMakeFiles/cmTC_f1f50.dir/CMakeCCompilerABI.c.o
Using built-in specs.
COLLECT_GCC=/usr/bin/arm-linux-gnueabihf-gcc-10.2.0
Target: arm-linux-gnueabihf
Configured with: /var/tmp/pamac-build-michael/arm-linux-gnueabihf-gcc-stage1/src/gcc/configure --prefix=/usr --program-prefix=arm-linux-gnueabihf- --with-local-prefix=/usr/arm-linux-gnueabihf --with-sysroot=/usr/arm-linux-gnueabihf --with-build-sysroot=/usr/arm-linux-gnueabihf --with-as=/usr/bin/arm-linux-gnueabihf-as --with-ld=/usr/bin/arm-linux-gnueabihf-ld --libdir=/usr/lib --libexecdir=/usr/lib --disable-nls --with-newlib --enable-languages=c,c++ --with-isl --with-linker-hash-style=gnu --with-system-zlib --enable-__cxa_atexit --enable-checking=release --enable-clocale=gnu --enable-default-pie --enable-default-ssp --enable-gnu-indirect-function --enable-gnu-unique-object --enable-install-libiberty --enable-linker-build-id --disable-lto --disable-plugin --disable-shared --disable-threads --disable-libssp --disable-libstdcxx-pch --disable-libunwind-exceptions --disable-multilib --disable-werror --target=arm-linux-gnueabihf --host=x86_64-pc-linux-gnu --build=x86_64-pc-linux-gnu --with-arch=armv6 --with-float=hard --with-fpu=vfp
Thread model: single
Supported LTO compression algorithms: zlib zstd
gcc version 10.2.0 (GCC) 
COLLECT_GCC_OPTIONS='-v' '-o' 'CMakeFiles/cmTC_f1f50.dir/CMakeCCompilerABI.c.o' '-c'  '-mfloat-abi=hard' '-mfpu=vfp' '-mtls-dialect=gnu' '-marm' '-march=armv6+fp'
 /usr/lib/gcc/arm-linux-gnueabihf/10.2.0/cc1 -quiet -v /usr/share/cmake-3.19/Modules/CMakeCCompilerABI.c -quiet -dumpbase CMakeCCompilerABI.c -mfloat-abi=hard -mfpu=vfp -mtls-dialect=gnu -marm -march=armv6+fp -auxbase-strip CMakeFiles/cmTC_f1f50.dir/CMakeCCompilerABI.c.o -version -o /tmp/ccazGHn6.s
GNU C17 (GCC) version 10.2.0 (arm-linux-gnueabihf)
	compiled by GNU C version 10.2.0, GMP version 6.2.1, MPFR version 4.1.0, MPC version 1.2.1, isl version isl-0.21-GMP

GGC heuristics: --param ggc-min-expand=100 --param ggc-min-heapsize=131072
ignoring nonexistent directory "/usr/arm-linux-gnueabihf/usr/arm-linux-gnueabihf/include"
ignoring nonexistent directory "/usr/arm-linux-gnueabihf/usr/include"
#include "..." search starts here:
#include <...> search starts here:
 /usr/lib/gcc/arm-linux-gnueabihf/10.2.0/include
 /usr/lib/gcc/arm-linux-gnueabihf/10.2.0/include-fixed
 /usr/lib/gcc/arm-linux-gnueabihf/10.2.0/../../../../arm-linux-gnueabihf/include
End of search list.
GNU C17 (GCC) version 10.2.0 (arm-linux-gnueabihf)
	compiled by GNU C version 10.2.0, GMP version 6.2.1, MPFR version 4.1.0, MPC version 1.2.1, isl version isl-0.21-GMP

GGC heuristics: --param ggc-min-expand=100 --param ggc-min-heapsize=131072
Compiler executable checksum: bac3aa4354ab3a70385f8acbbdc87b72
COLLECT_GCC_OPTIONS='-v' '-o' 'CMakeFiles/cmTC_f1f50.dir/CMakeCCompilerABI.c.o' '-c'  '-mfloat-abi=hard' '-mfpu=vfp' '-mtls-dialect=gnu' '-marm' '-march=armv6+fp'
 /usr/bin/arm-linux-gnueabihf-as -v -march=armv6 -mfloat-abi=hard -mfpu=vfp -meabi=5 -o CMakeFiles/cmTC_f1f50.dir/CMakeCCompilerABI.c.o /tmp/ccazGHn6.s
GNU assembler version 2.35.1 (arm-linux-gnueabihf) using BFD version (GNU Binutils) 2.35.1
COMPILER_PATH=/usr/lib/gcc/arm-linux-gnueabihf/10.2.0/:/usr/lib/gcc/arm-linux-gnueabihf/10.2.0/:/usr/lib/gcc/arm-linux-gnueabihf/:/usr/lib/gcc/arm-linux-gnueabihf/10.2.0/:/usr/lib/gcc/arm-linux-gnueabihf/:/usr/lib/gcc/arm-linux-gnueabihf/10.2.0/../../../../arm-linux-gnueabihf/bin/
LIBRARY_PATH=/usr/lib/gcc/arm-linux-gnueabihf/10.2.0/:/usr/lib/gcc/arm-linux-gnueabihf/10.2.0/../../../../arm-linux-gnueabihf/lib/:/usr/arm-linux-gnueabihf/lib/
COLLECT_GCC_OPTIONS='-v' '-o' 'CMakeFiles/cmTC_f1f50.dir/CMakeCCompilerABI.c.o' '-c'  '-mfloat-abi=hard' '-mfpu=vfp' '-mtls-dialect=gnu' '-marm' '-march=armv6+fp'
[2/2] Linking C executable cmTC_f1f50
FAILED: cmTC_f1f50 
: && /usr/bin/arm-linux-gnueabihf-gcc-10.2.0  -v CMakeFiles/cmTC_f1f50.dir/CMakeCCompilerABI.c.o -o cmTC_f1f50   && :
Using built-in specs.
COLLECT_GCC=/usr/bin/arm-linux-gnueabihf-gcc-10.2.0
COLLECT_LTO_WRAPPER=/usr/lib/gcc/arm-linux-gnueabihf/10.2.0/lto-wrapper
Target: arm-linux-gnueabihf
Configured with: /var/tmp/pamac-build-michael/arm-linux-gnueabihf-gcc-stage1/src/gcc/configure --prefix=/usr --program-prefix=arm-linux-gnueabihf- --with-local-prefix=/usr/arm-linux-gnueabihf --with-sysroot=/usr/arm-linux-gnueabihf --with-build-sysroot=/usr/arm-linux-gnueabihf --with-as=/usr/bin/arm-linux-gnueabihf-as --with-ld=/usr/bin/arm-linux-gnueabihf-ld --libdir=/usr/lib --libexecdir=/usr/lib --disable-nls --with-newlib --enable-languages=c,c++ --with-isl --with-linker-hash-style=gnu --with-system-zlib --enable-__cxa_atexit --enable-checking=release --enable-clocale=gnu --enable-default-pie --enable-default-ssp --enable-gnu-indirect-function --enable-gnu-unique-object --enable-install-libiberty --enable-linker-build-id --disable-lto --disable-plugin --disable-shared --disable-threads --disable-libssp --disable-libstdcxx-pch --disable-libunwind-exceptions --disable-multilib --disable-werror --target=arm-linux-gnueabihf --host=x86_64-pc-linux-gnu --build=x86_64-pc-linux-gnu --with-arch=armv6 --with-float=hard --with-fpu=vfp
Thread model: single
Supported LTO compression algorithms: zlib zstd
gcc version 10.2.0 (GCC) 
COMPILER_PATH=/usr/lib/gcc/arm-linux-gnueabihf/10.2.0/:/usr/lib/gcc/arm-linux-gnueabihf/10.2.0/:/usr/lib/gcc/arm-linux-gnueabihf/:/usr/lib/gcc/arm-linux-gnueabihf/10.2.0/:/usr/lib/gcc/arm-linux-gnueabihf/:/usr/lib/gcc/arm-linux-gnueabihf/10.2.0/../../../../arm-linux-gnueabihf/bin/
LIBRARY_PATH=/usr/lib/gcc/arm-linux-gnueabihf/10.2.0/:/usr/lib/gcc/arm-linux-gnueabihf/10.2.0/../../../../arm-linux-gnueabihf/lib/:/usr/arm-linux-gnueabihf/lib/
COLLECT_GCC_OPTIONS='-v' '-o' 'cmTC_f1f50'  '-mfloat-abi=hard' '-mfpu=vfp' '-mtls-dialect=gnu' '-marm' '-march=armv6+fp'
 /usr/lib/gcc/arm-linux-gnueabihf/10.2.0/collect2 --hash-style=gnu -dynamic-linker /lib/ld-linux-armhf.so.3 -X -m armelf_linux_eabi -o cmTC_f1f50 Scrt1.o crti.o /usr/lib/gcc/arm-linux-gnueabihf/10.2.0/crtbeginS.o -L/usr/lib/gcc/arm-linux-gnueabihf/10.2.0 -L/usr/lib/gcc/arm-linux-gnueabihf/10.2.0/../../../../arm-linux-gnueabihf/lib -L/usr/arm-linux-gnueabihf/lib CMakeFiles/cmTC_f1f50.dir/CMakeCCompilerABI.c.o -lgcc -lc -lgcc /usr/lib/gcc/arm-linux-gnueabihf/10.2.0/crtendS.o crtn.o
/usr/bin/arm-linux-gnueabihf-ld: cannot find Scrt1.o: No such file or directory
/usr/bin/arm-linux-gnueabihf-ld: cannot find crti.o: No such file or directory
/usr/bin/arm-linux-gnueabihf-ld: cannot find -lc
/usr/bin/arm-linux-gnueabihf-ld: cannot find crtn.o: No such file or directory
collect2: error: ld returned 1 exit status
ninja: build stopped: subcommand failed.




Determining if the C compiler works failed with the following output:
Change Dir: /datahdd/Michi/OTH/GIT/HSP-RPOSC-Redpitaya-Oszilloskop/RP-LogicAnalyser/build/CMakeFiles/CMakeTmp

Run Build Command(s):/usr/bin/ninja cmTC_b3486 && [1/2] Building C object CMakeFiles/cmTC_b3486.dir/testCCompiler.c.o
[2/2] Linking C executable cmTC_b3486
FAILED: cmTC_b3486 
: && /usr/bin/arm-linux-gnueabihf-gcc-10.2.0   CMakeFiles/cmTC_b3486.dir/testCCompiler.c.o -o cmTC_b3486   && :
/usr/bin/arm-linux-gnueabihf-ld: cannot find Scrt1.o: No such file or directory
/usr/bin/arm-linux-gnueabihf-ld: cannot find crti.o: No such file or directory
/usr/bin/arm-linux-gnueabihf-ld: cannot find -lc
/usr/bin/arm-linux-gnueabihf-ld: cannot find crtn.o: No such file or directory
collect2: error: ld returned 1 exit status
ninja: build stopped: subcommand failed.



Compiling the C compiler identification source file "CMakeCCompilerId.c" failed.
Compiler: /usr/bin/arm-linux-gnueabihf-gcc-10.2.0 
Build flags: 
Id flags:  

The output was:
1
/usr/bin/arm-linux-gnueabihf-ld: cannot find Scrt1.o: No such file or directory
/usr/bin/arm-linux-gnueabihf-ld: cannot find crti.o: No such file or directory
/usr/bin/arm-linux-gnueabihf-ld: cannot find -lc
/usr/bin/arm-linux-gnueabihf-ld: cannot find crtn.o: No such file or directory
collect2: error: ld returned 1 exit status


Detecting C compiler ABI info failed to compile with the following output:
Change Dir: /datahdd/Michi/OTH/GIT/HSP-RPOSC-Redpitaya-Oszilloskop/RP-LogicAnalyser/build/CMakeFiles/CMakeTmp

Run Build Command(s):/usr/bin/ninja cmTC_b0479 && [1/2] Building C object CMakeFiles/cmTC_b0479.dir/CMakeCCompilerABI.c.o
Using built-in specs.
COLLECT_GCC=/usr/bin/arm-linux-gnueabihf-gcc-10.2.0
Target: arm-linux-gnueabihf
Configured with: /var/tmp/pamac-build-michael/arm-linux-gnueabihf-gcc-stage1/src/gcc/configure --prefix=/usr --program-prefix=arm-linux-gnueabihf- --with-local-prefix=/usr/arm-linux-gnueabihf --with-sysroot=/usr/arm-linux-gnueabihf --with-build-sysroot=/usr/arm-linux-gnueabihf --with-as=/usr/bin/arm-linux-gnueabihf-as --with-ld=/usr/bin/arm-linux-gnueabihf-ld --libdir=/usr/lib --libexecdir=/usr/lib --disable-nls --with-newlib --enable-languages=c,c++ --with-isl --with-linker-hash-style=gnu --with-system-zlib --enable-__cxa_atexit --enable-checking=release --enable-clocale=gnu --enable-default-pie --enable-default-ssp --enable-gnu-indirect-function --enable-gnu-unique-object --enable-install-libiberty --enable-linker-build-id --disable-lto --disable-plugin --disable-shared --disable-threads --disable-libssp --disable-libstdcxx-pch --disable-libunwind-exceptions --disable-multilib --disable-werror --target=arm-linux-gnueabihf --host=x86_64-pc-linux-gnu --build=x86_64-pc-linux-gnu --with-arch=armv6 --with-float=hard --with-fpu=vfp
Thread model: single
Supported LTO compression algorithms: zlib zstd
gcc version 10.2.0 (GCC) 
COLLECT_GCC_OPTIONS='-v' '-o' 'CMakeFiles/cmTC_b0479.dir/CMakeCCompilerABI.c.o' '-c'  '-mfloat-abi=hard' '-mfpu=vfp' '-mtls-dialect=gnu' '-marm' '-march=armv6+fp'
 /usr/lib/gcc/arm-linux-gnueabihf/10.2.0/cc1 -quiet -v /usr/share/cmake-3.19/Modules/CMakeCCompilerABI.c -quiet -dumpbase CMakeCCompilerABI.c -mfloat-abi=hard -mfpu=vfp -mtls-dialect=gnu -marm -march=armv6+fp -auxbase-strip CMakeFiles/cmTC_b0479.dir/CMakeCCompilerABI.c.o -version -o /tmp/ccIyeErC.s
GNU C17 (GCC) version 10.2.0 (arm-linux-gnueabihf)
	compiled by GNU C version 10.2.0, GMP version 6.2.1, MPFR version 4.1.0, MPC version 1.2.1, isl version isl-0.21-GMP

GGC heuristics: --param ggc-min-expand=100 --param ggc-min-heapsize=131072
ignoring nonexistent directory "/usr/arm-linux-gnueabihf/usr/arm-linux-gnueabihf/include"
ignoring nonexistent directory "/usr/arm-linux-gnueabihf/usr/include"
#include "..." search starts here:
#include <...> search starts here:
 /usr/lib/gcc/arm-linux-gnueabihf/10.2.0/include
 /usr/lib/gcc/arm-linux-gnueabihf/10.2.0/include-fixed
 /usr/lib/gcc/arm-linux-gnueabihf/10.2.0/../../../../arm-linux-gnueabihf/include
End of search list.
GNU C17 (GCC) version 10.2.0 (arm-linux-gnueabihf)
	compiled by GNU C version 10.2.0, GMP version 6.2.1, MPFR version 4.1.0, MPC version 1.2.1, isl version isl-0.21-GMP

GGC heuristics: --param ggc-min-expand=100 --param ggc-min-heapsize=131072
Compiler executable checksum: bac3aa4354ab3a70385f8acbbdc87b72
COLLECT_GCC_OPTIONS='-v' '-o' 'CMakeFiles/cmTC_b0479.dir/CMakeCCompilerABI.c.o' '-c'  '-mfloat-abi=hard' '-mfpu=vfp' '-mtls-dialect=gnu' '-marm' '-march=armv6+fp'
 /usr/bin/arm-linux-gnueabihf-as -v -march=armv6 -mfloat-abi=hard -mfpu=vfp -meabi=5 -o CMakeFiles/cmTC_b0479.dir/CMakeCCompilerABI.c.o /tmp/ccIyeErC.s
GNU assembler version 2.35.1 (arm-linux-gnueabihf) using BFD version (GNU Binutils) 2.35.1
COMPILER_PATH=/usr/lib/gcc/arm-linux-gnueabihf/10.2.0/:/usr/lib/gcc/arm-linux-gnueabihf/10.2.0/:/usr/lib/gcc/arm-linux-gnueabihf/:/usr/lib/gcc/arm-linux-gnueabihf/10.2.0/:/usr/lib/gcc/arm-linux-gnueabihf/:/usr/lib/gcc/arm-linux-gnueabihf/10.2.0/../../../../arm-linux-gnueabihf/bin/
LIBRARY_PATH=/usr/lib/gcc/arm-linux-gnueabihf/10.2.0/:/usr/lib/gcc/arm-linux-gnueabihf/10.2.0/../../../../arm-linux-gnueabihf/lib/:/usr/arm-linux-gnueabihf/lib/
COLLECT_GCC_OPTIONS='-v' '-o' 'CMakeFiles/cmTC_b0479.dir/CMakeCCompilerABI.c.o' '-c'  '-mfloat-abi=hard' '-mfpu=vfp' '-mtls-dialect=gnu' '-marm' '-march=armv6+fp'
[2/2] Linking C executable cmTC_b0479
FAILED: cmTC_b0479 
: && /usr/bin/arm-linux-gnueabihf-gcc-10.2.0  -v CMakeFiles/cmTC_b0479.dir/CMakeCCompilerABI.c.o -o cmTC_b0479   && :
Using built-in specs.
COLLECT_GCC=/usr/bin/arm-linux-gnueabihf-gcc-10.2.0
COLLECT_LTO_WRAPPER=/usr/lib/gcc/arm-linux-gnueabihf/10.2.0/lto-wrapper
Target: arm-linux-gnueabihf
Configured with: /var/tmp/pamac-build-michael/arm-linux-gnueabihf-gcc-stage1/src/gcc/configure --prefix=/usr --program-prefix=arm-linux-gnueabihf- --with-local-prefix=/usr/arm-linux-gnueabihf --with-sysroot=/usr/arm-linux-gnueabihf --with-build-sysroot=/usr/arm-linux-gnueabihf --with-as=/usr/bin/arm-linux-gnueabihf-as --with-ld=/usr/bin/arm-linux-gnueabihf-ld --libdir=/usr/lib --libexecdir=/usr/lib --disable-nls --with-newlib --enable-languages=c,c++ --with-isl --with-linker-hash-style=gnu --with-system-zlib --enable-__cxa_atexit --enable-checking=release --enable-clocale=gnu --enable-default-pie --enable-default-ssp --enable-gnu-indirect-function --enable-gnu-unique-object --enable-install-libiberty --enable-linker-build-id --disable-lto --disable-plugin --disable-shared --disable-threads --disable-libssp --disable-libstdcxx-pch --disable-libunwind-exceptions --disable-multilib --disable-werror --target=arm-linux-gnueabihf --host=x86_64-pc-linux-gnu --build=x86_64-pc-linux-gnu --with-arch=armv6 --with-float=hard --with-fpu=vfp
Thread model: single
Supported LTO compression algorithms: zlib zstd
gcc version 10.2.0 (GCC) 
COMPILER_PATH=/usr/lib/gcc/arm-linux-gnueabihf/10.2.0/:/usr/lib/gcc/arm-linux-gnueabihf/10.2.0/:/usr/lib/gcc/arm-linux-gnueabihf/:/usr/lib/gcc/arm-linux-gnueabihf/10.2.0/:/usr/lib/gcc/arm-linux-gnueabihf/:/usr/lib/gcc/arm-linux-gnueabihf/10.2.0/../../../../arm-linux-gnueabihf/bin/
LIBRARY_PATH=/usr/lib/gcc/arm-linux-gnueabihf/10.2.0/:/usr/lib/gcc/arm-linux-gnueabihf/10.2.0/../../../../arm-linux-gnueabihf/lib/:/usr/arm-linux-gnueabihf/lib/
COLLECT_GCC_OPTIONS='-v' '-o' 'cmTC_b0479'  '-mfloat-abi=hard' '-mfpu=vfp' '-mtls-dialect=gnu' '-marm' '-march=armv6+fp'
 /usr/lib/gcc/arm-linux-gnueabihf/10.2.0/collect2 --hash-style=gnu -dynamic-linker /lib/ld-linux-armhf.so.3 -X -m armelf_linux_eabi -o cmTC_b0479 Scrt1.o crti.o /usr/lib/gcc/arm-linux-gnueabihf/10.2.0/crtbeginS.o -L/usr/lib/gcc/arm-linux-gnueabihf/10.2.0 -L/usr/lib/gcc/arm-linux-gnueabihf/10.2.0/../../../../arm-linux-gnueabihf/lib -L/usr/arm-linux-gnueabihf/lib CMakeFiles/cmTC_b0479.dir/CMakeCCompilerABI.c.o -lgcc -lc -lgcc /usr/lib/gcc/arm-linux-gnueabihf/10.2.0/crtendS.o crtn.o
/usr/bin/arm-linux-gnueabihf-ld: cannot find Scrt1.o: No such file or directory
/usr/bin/arm-linux-gnueabihf-ld: cannot find crti.o: No such file or directory
/usr/bin/arm-linux-gnueabihf-ld: cannot find -lc
/usr/bin/arm-linux-gnueabihf-ld: cannot find crtn.o: No such file or directory
collect2: error: ld returned 1 exit status
ninja: build stopped: subcommand failed.




Determining if the C compiler works failed with the following output:
Change Dir: /datahdd/Michi/OTH/GIT/HSP-RPOSC-Redpitaya-Oszilloskop/RP-LogicAnalyser/build/CMakeFiles/CMakeTmp

Run Build Command(s):/usr/bin/ninja cmTC_27abe && [1/2] Building C object CMakeFiles/cmTC_27abe.dir/testCCompiler.c.o
[2/2] Linking C executable cmTC_27abe
FAILED: cmTC_27abe 
: && /usr/bin/arm-linux-gnueabihf-gcc-10.2.0   CMakeFiles/cmTC_27abe.dir/testCCompiler.c.o -o cmTC_27abe   && :
/usr/bin/arm-linux-gnueabihf-ld: cannot find Scrt1.o: No such file or directory
/usr/bin/arm-linux-gnueabihf-ld: cannot find crti.o: No such file or directory
/usr/bin/arm-linux-gnueabihf-ld: cannot find -lc
/usr/bin/arm-linux-gnueabihf-ld: cannot find crtn.o: No such file or directory
collect2: error: ld returned 1 exit status
ninja: build stopped: subcommand failed.



