Compiling the C compiler identification source file "CMakeCCompilerId.c" failed.
Compiler: /usr/bin/arm-linux-gnueabihf-gcc-10.2.0 
Build flags: 
Id flags:  

The output was:
1
/usr/bin/arm-linux-gnueabihf-ld: error while loading shared libraries: libctf.so.0: cannot open shared object file: No such file or directory
collect2: error: ld returned 127 exit status


Detecting C compiler ABI info failed to compile with the following output:
Change Dir: /datahdd/Michi/OTH/GIT/HSP-RPOSC-Redpitaya-Oszilloskop/RP-LogicAnalyzerEclipse/build/CMakeFiles/CMakeTmp

Run Build Command(s):/usr/bin/ninja cmTC_ca349 && [1/2] Building C object CMakeFiles/cmTC_ca349.dir/CMakeCCompilerABI.c.o
Using built-in specs.
COLLECT_GCC=/usr/bin/arm-linux-gnueabihf-gcc-10.2.0
Target: arm-linux-gnueabihf
Configured with: /var/tmp/pamac-build-michael/arm-linux-gnueabihf-gcc-stage1/src/gcc/configure --prefix=/usr --program-prefix=arm-linux-gnueabihf- --with-local-prefix=/usr/arm-linux-gnueabihf --with-sysroot=/usr/arm-linux-gnueabihf --with-build-sysroot=/usr/arm-linux-gnueabihf --with-as=/usr/bin/arm-linux-gnueabihf-as --with-ld=/usr/bin/arm-linux-gnueabihf-ld --libdir=/usr/lib --libexecdir=/usr/lib --disable-nls --with-newlib --enable-languages=c,c++ --with-isl --with-linker-hash-style=gnu --with-system-zlib --enable-__cxa_atexit --enable-checking=release --enable-clocale=gnu --enable-default-pie --enable-default-ssp --enable-gnu-indirect-function --enable-gnu-unique-object --enable-install-libiberty --enable-linker-build-id --disable-lto --disable-plugin --disable-shared --disable-threads --disable-libssp --disable-libstdcxx-pch --disable-libunwind-exceptions --disable-multilib --disable-werror --target=arm-linux-gnueabihf --host=x86_64-pc-linux-gnu --build=x86_64-pc-linux-gnu --with-arch=armv6 --with-float=hard --with-fpu=vfp
Thread model: single
Supported LTO compression algorithms: zlib zstd
gcc version 10.2.0 (GCC) 
COLLECT_GCC_OPTIONS='-v' '-o' 'CMakeFiles/cmTC_ca349.dir/CMakeCCompilerABI.c.o' '-c'  '-mfloat-abi=hard' '-mfpu=vfp' '-mtls-dialect=gnu' '-marm' '-march=armv6+fp'
 /usr/lib/gcc/arm-linux-gnueabihf/10.2.0/cc1 -quiet -v /usr/share/cmake-3.19/Modules/CMakeCCompilerABI.c -quiet -dumpbase CMakeCCompilerABI.c -mfloat-abi=hard -mfpu=vfp -mtls-dialect=gnu -marm -march=armv6+fp -auxbase-strip CMakeFiles/cmTC_ca349.dir/CMakeCCompilerABI.c.o -version -o /tmp/ccz4Ynz3.s
GNU C17 (GCC) version 10.2.0 (arm-linux-gnueabihf)
	compiled by GNU C version 10.2.0, GMP version 6.2.1, MPFR version 4.1.0, MPC version 1.2.1, isl version isl-0.21-GMP

GGC heuristics: --param ggc-min-expand=100 --param ggc-min-heapsize=131072
ignoring nonexistent directory "/usr/arm-linux-gnueabihf/usr/arm-linux-gnueabihf/include"
ignoring nonexistent directory "/usr/arm-linux-gnueabihf/usr/include"
#include "..." search starts here:
#include <...> search starts here:
 /usr/lib/gcc/arm-linux-gnueabihf/10.2.0/include
 /usr/lib/gcc/arm-linux-gnueabihf/10.2.0/include-fixed
 /usr/lib/gcc/arm-linux-gnueabihf/10.2.0/../../../../arm-linux-gnueabihf/include
End of search list.
GNU C17 (GCC) version 10.2.0 (arm-linux-gnueabihf)
	compiled by GNU C version 10.2.0, GMP version 6.2.1, MPFR version 4.1.0, MPC version 1.2.1, isl version isl-0.21-GMP

GGC heuristics: --param ggc-min-expand=100 --param ggc-min-heapsize=131072
Compiler executable checksum: bac3aa4354ab3a70385f8acbbdc87b72
COLLECT_GCC_OPTIONS='-v' '-o' 'CMakeFiles/cmTC_ca349.dir/CMakeCCompilerABI.c.o' '-c'  '-mfloat-abi=hard' '-mfpu=vfp' '-mtls-dialect=gnu' '-marm' '-march=armv6+fp'
 /usr/bin/arm-linux-gnueabihf-as -v -march=armv6 -mfloat-abi=hard -mfpu=vfp -meabi=5 -o CMakeFiles/cmTC_ca349.dir/CMakeCCompilerABI.c.o /tmp/ccz4Ynz3.s
GNU assembler version 2.35.1 (arm-linux-gnueabihf) using BFD version (GNU Binutils) 2.35.1
COMPILER_PATH=/usr/lib/gcc/arm-linux-gnueabihf/10.2.0/:/usr/lib/gcc/arm-linux-gnueabihf/10.2.0/:/usr/lib/gcc/arm-linux-gnueabihf/:/usr/lib/gcc/arm-linux-gnueabihf/10.2.0/:/usr/lib/gcc/arm-linux-gnueabihf/:/usr/lib/gcc/arm-linux-gnueabihf/10.2.0/../../../../arm-linux-gnueabihf/bin/
LIBRARY_PATH=/usr/lib/gcc/arm-linux-gnueabihf/10.2.0/:/usr/lib/gcc/arm-linux-gnueabihf/10.2.0/../../../../arm-linux-gnueabihf/lib/:/usr/arm-linux-gnueabihf/lib/
COLLECT_GCC_OPTIONS='-v' '-o' 'CMakeFiles/cmTC_ca349.dir/CMakeCCompilerABI.c.o' '-c'  '-mfloat-abi=hard' '-mfpu=vfp' '-mtls-dialect=gnu' '-marm' '-march=armv6+fp'
[2/2] Linking C executable cmTC_ca349
FAILED: cmTC_ca349 
: && /usr/bin/arm-linux-gnueabihf-gcc-10.2.0  -v CMakeFiles/cmTC_ca349.dir/CMakeCCompilerABI.c.o -o cmTC_ca349   && :
Using built-in specs.
COLLECT_GCC=/usr/bin/arm-linux-gnueabihf-gcc-10.2.0
COLLECT_LTO_WRAPPER=/usr/lib/gcc/arm-linux-gnueabihf/10.2.0/lto-wrapper
Target: arm-linux-gnueabihf
Configured with: /var/tmp/pamac-build-michael/arm-linux-gnueabihf-gcc-stage1/src/gcc/configure --prefix=/usr --program-prefix=arm-linux-gnueabihf- --with-local-prefix=/usr/arm-linux-gnueabihf --with-sysroot=/usr/arm-linux-gnueabihf --with-build-sysroot=/usr/arm-linux-gnueabihf --with-as=/usr/bin/arm-linux-gnueabihf-as --with-ld=/usr/bin/arm-linux-gnueabihf-ld --libdir=/usr/lib --libexecdir=/usr/lib --disable-nls --with-newlib --enable-languages=c,c++ --with-isl --with-linker-hash-style=gnu --with-system-zlib --enable-__cxa_atexit --enable-checking=release --enable-clocale=gnu --enable-default-pie --enable-default-ssp --enable-gnu-indirect-function --enable-gnu-unique-object --enable-install-libiberty --enable-linker-build-id --disable-lto --disable-plugin --disable-shared --disable-threads --disable-libssp --disable-libstdcxx-pch --disable-libunwind-exceptions --disable-multilib --disable-werror --target=arm-linux-gnueabihf --host=x86_64-pc-linux-gnu --build=x86_64-pc-linux-gnu --with-arch=armv6 --with-float=hard --with-fpu=vfp
Thread model: single
Supported LTO compression algorithms: zlib zstd
gcc version 10.2.0 (GCC) 
COMPILER_PATH=/usr/lib/gcc/arm-linux-gnueabihf/10.2.0/:/usr/lib/gcc/arm-linux-gnueabihf/10.2.0/:/usr/lib/gcc/arm-linux-gnueabihf/:/usr/lib/gcc/arm-linux-gnueabihf/10.2.0/:/usr/lib/gcc/arm-linux-gnueabihf/:/usr/lib/gcc/arm-linux-gnueabihf/10.2.0/../../../../arm-linux-gnueabihf/bin/
LIBRARY_PATH=/usr/lib/gcc/arm-linux-gnueabihf/10.2.0/:/usr/lib/gcc/arm-linux-gnueabihf/10.2.0/../../../../arm-linux-gnueabihf/lib/:/usr/arm-linux-gnueabihf/lib/
COLLECT_GCC_OPTIONS='-v' '-o' 'cmTC_ca349'  '-mfloat-abi=hard' '-mfpu=vfp' '-mtls-dialect=gnu' '-marm' '-march=armv6+fp'
 /usr/lib/gcc/arm-linux-gnueabihf/10.2.0/collect2 --hash-style=gnu -dynamic-linker /lib/ld-linux-armhf.so.3 -X -m armelf_linux_eabi -o cmTC_ca349 Scrt1.o crti.o /usr/lib/gcc/arm-linux-gnueabihf/10.2.0/crtbeginS.o -L/usr/lib/gcc/arm-linux-gnueabihf/10.2.0 -L/usr/lib/gcc/arm-linux-gnueabihf/10.2.0/../../../../arm-linux-gnueabihf/lib -L/usr/arm-linux-gnueabihf/lib CMakeFiles/cmTC_ca349.dir/CMakeCCompilerABI.c.o -lgcc -lc -lgcc /usr/lib/gcc/arm-linux-gnueabihf/10.2.0/crtendS.o crtn.o
/usr/bin/arm-linux-gnueabihf-ld: error while loading shared libraries: libctf.so.0: cannot open shared object file: No such file or directory
collect2: error: ld returned 127 exit status
ninja: build stopped: subcommand failed.




Determining if the C compiler works failed with the following output:
Change Dir: /datahdd/Michi/OTH/GIT/HSP-RPOSC-Redpitaya-Oszilloskop/RP-LogicAnalyzerEclipse/build/CMakeFiles/CMakeTmp

Run Build Command(s):/usr/bin/ninja cmTC_db367 && [1/2] Building C object CMakeFiles/cmTC_db367.dir/testCCompiler.c.o
[2/2] Linking C executable cmTC_db367
FAILED: cmTC_db367 
: && /usr/bin/arm-linux-gnueabihf-gcc-10.2.0   CMakeFiles/cmTC_db367.dir/testCCompiler.c.o -o cmTC_db367   && :
/usr/bin/arm-linux-gnueabihf-ld: error while loading shared libraries: libctf.so.0: cannot open shared object file: No such file or directory
collect2: error: ld returned 127 exit status
ninja: build stopped: subcommand failed.



Compiling the C compiler identification source file "CMakeCCompilerId.c" failed.
Compiler: /usr/bin/arm-linux-gnueabihf-gcc-10.2.0 
Build flags: 
Id flags:  

The output was:
1
/usr/bin/arm-linux-gnueabihf-ld: error while loading shared libraries: libctf.so.0: cannot open shared object file: No such file or directory
collect2: error: ld returned 127 exit status


Detecting C compiler ABI info failed to compile with the following output:
Change Dir: /datahdd/Michi/OTH/GIT/HSP-RPOSC-Redpitaya-Oszilloskop/RP-LogicAnalyzerEclipse/build/CMakeFiles/CMakeTmp

Run Build Command(s):/usr/bin/ninja cmTC_8c391 && [1/2] Building C object CMakeFiles/cmTC_8c391.dir/CMakeCCompilerABI.c.o
Using built-in specs.
COLLECT_GCC=/usr/bin/arm-linux-gnueabihf-gcc-10.2.0
Target: arm-linux-gnueabihf
Configured with: /var/tmp/pamac-build-michael/arm-linux-gnueabihf-gcc-stage1/src/gcc/configure --prefix=/usr --program-prefix=arm-linux-gnueabihf- --with-local-prefix=/usr/arm-linux-gnueabihf --with-sysroot=/usr/arm-linux-gnueabihf --with-build-sysroot=/usr/arm-linux-gnueabihf --with-as=/usr/bin/arm-linux-gnueabihf-as --with-ld=/usr/bin/arm-linux-gnueabihf-ld --libdir=/usr/lib --libexecdir=/usr/lib --disable-nls --with-newlib --enable-languages=c,c++ --with-isl --with-linker-hash-style=gnu --with-system-zlib --enable-__cxa_atexit --enable-checking=release --enable-clocale=gnu --enable-default-pie --enable-default-ssp --enable-gnu-indirect-function --enable-gnu-unique-object --enable-install-libiberty --enable-linker-build-id --disable-lto --disable-plugin --disable-shared --disable-threads --disable-libssp --disable-libstdcxx-pch --disable-libunwind-exceptions --disable-multilib --disable-werror --target=arm-linux-gnueabihf --host=x86_64-pc-linux-gnu --build=x86_64-pc-linux-gnu --with-arch=armv6 --with-float=hard --with-fpu=vfp
Thread model: single
Supported LTO compression algorithms: zlib zstd
gcc version 10.2.0 (GCC) 
COLLECT_GCC_OPTIONS='-v' '-o' 'CMakeFiles/cmTC_8c391.dir/CMakeCCompilerABI.c.o' '-c'  '-mfloat-abi=hard' '-mfpu=vfp' '-mtls-dialect=gnu' '-marm' '-march=armv6+fp'
 /usr/lib/gcc/arm-linux-gnueabihf/10.2.0/cc1 -quiet -v /usr/share/cmake-3.19/Modules/CMakeCCompilerABI.c -quiet -dumpbase CMakeCCompilerABI.c -mfloat-abi=hard -mfpu=vfp -mtls-dialect=gnu -marm -march=armv6+fp -auxbase-strip CMakeFiles/cmTC_8c391.dir/CMakeCCompilerABI.c.o -version -o /tmp/ccKCpoDY.s
GNU C17 (GCC) version 10.2.0 (arm-linux-gnueabihf)
	compiled by GNU C version 10.2.0, GMP version 6.2.1, MPFR version 4.1.0, MPC version 1.2.1, isl version isl-0.21-GMP

GGC heuristics: --param ggc-min-expand=100 --param ggc-min-heapsize=131072
ignoring nonexistent directory "/usr/arm-linux-gnueabihf/usr/arm-linux-gnueabihf/include"
ignoring nonexistent directory "/usr/arm-linux-gnueabihf/usr/include"
#include "..." search starts here:
#include <...> search starts here:
 /usr/lib/gcc/arm-linux-gnueabihf/10.2.0/include
 /usr/lib/gcc/arm-linux-gnueabihf/10.2.0/include-fixed
 /usr/lib/gcc/arm-linux-gnueabihf/10.2.0/../../../../arm-linux-gnueabihf/include
End of search list.
GNU C17 (GCC) version 10.2.0 (arm-linux-gnueabihf)
	compiled by GNU C version 10.2.0, GMP version 6.2.1, MPFR version 4.1.0, MPC version 1.2.1, isl version isl-0.21-GMP

GGC heuristics: --param ggc-min-expand=100 --param ggc-min-heapsize=131072
Compiler executable checksum: bac3aa4354ab3a70385f8acbbdc87b72
COLLECT_GCC_OPTIONS='-v' '-o' 'CMakeFiles/cmTC_8c391.dir/CMakeCCompilerABI.c.o' '-c'  '-mfloat-abi=hard' '-mfpu=vfp' '-mtls-dialect=gnu' '-marm' '-march=armv6+fp'
 /usr/bin/arm-linux-gnueabihf-as -v -march=armv6 -mfloat-abi=hard -mfpu=vfp -meabi=5 -o CMakeFiles/cmTC_8c391.dir/CMakeCCompilerABI.c.o /tmp/ccKCpoDY.s
GNU assembler version 2.35.1 (arm-linux-gnueabihf) using BFD version (GNU Binutils) 2.35.1
COMPILER_PATH=/usr/lib/gcc/arm-linux-gnueabihf/10.2.0/:/usr/lib/gcc/arm-linux-gnueabihf/10.2.0/:/usr/lib/gcc/arm-linux-gnueabihf/:/usr/lib/gcc/arm-linux-gnueabihf/10.2.0/:/usr/lib/gcc/arm-linux-gnueabihf/:/usr/lib/gcc/arm-linux-gnueabihf/10.2.0/../../../../arm-linux-gnueabihf/bin/
LIBRARY_PATH=/usr/lib/gcc/arm-linux-gnueabihf/10.2.0/:/usr/lib/gcc/arm-linux-gnueabihf/10.2.0/../../../../arm-linux-gnueabihf/lib/:/usr/arm-linux-gnueabihf/lib/
COLLECT_GCC_OPTIONS='-v' '-o' 'CMakeFiles/cmTC_8c391.dir/CMakeCCompilerABI.c.o' '-c'  '-mfloat-abi=hard' '-mfpu=vfp' '-mtls-dialect=gnu' '-marm' '-march=armv6+fp'
[2/2] Linking C executable cmTC_8c391
FAILED: cmTC_8c391 
: && /usr/bin/arm-linux-gnueabihf-gcc-10.2.0  -v CMakeFiles/cmTC_8c391.dir/CMakeCCompilerABI.c.o -o cmTC_8c391   && :
Using built-in specs.
COLLECT_GCC=/usr/bin/arm-linux-gnueabihf-gcc-10.2.0
COLLECT_LTO_WRAPPER=/usr/lib/gcc/arm-linux-gnueabihf/10.2.0/lto-wrapper
Target: arm-linux-gnueabihf
Configured with: /var/tmp/pamac-build-michael/arm-linux-gnueabihf-gcc-stage1/src/gcc/configure --prefix=/usr --program-prefix=arm-linux-gnueabihf- --with-local-prefix=/usr/arm-linux-gnueabihf --with-sysroot=/usr/arm-linux-gnueabihf --with-build-sysroot=/usr/arm-linux-gnueabihf --with-as=/usr/bin/arm-linux-gnueabihf-as --with-ld=/usr/bin/arm-linux-gnueabihf-ld --libdir=/usr/lib --libexecdir=/usr/lib --disable-nls --with-newlib --enable-languages=c,c++ --with-isl --with-linker-hash-style=gnu --with-system-zlib --enable-__cxa_atexit --enable-checking=release --enable-clocale=gnu --enable-default-pie --enable-default-ssp --enable-gnu-indirect-function --enable-gnu-unique-object --enable-install-libiberty --enable-linker-build-id --disable-lto --disable-plugin --disable-shared --disable-threads --disable-libssp --disable-libstdcxx-pch --disable-libunwind-exceptions --disable-multilib --disable-werror --target=arm-linux-gnueabihf --host=x86_64-pc-linux-gnu --build=x86_64-pc-linux-gnu --with-arch=armv6 --with-float=hard --with-fpu=vfp
Thread model: single
Supported LTO compression algorithms: zlib zstd
gcc version 10.2.0 (GCC) 
COMPILER_PATH=/usr/lib/gcc/arm-linux-gnueabihf/10.2.0/:/usr/lib/gcc/arm-linux-gnueabihf/10.2.0/:/usr/lib/gcc/arm-linux-gnueabihf/:/usr/lib/gcc/arm-linux-gnueabihf/10.2.0/:/usr/lib/gcc/arm-linux-gnueabihf/:/usr/lib/gcc/arm-linux-gnueabihf/10.2.0/../../../../arm-linux-gnueabihf/bin/
LIBRARY_PATH=/usr/lib/gcc/arm-linux-gnueabihf/10.2.0/:/usr/lib/gcc/arm-linux-gnueabihf/10.2.0/../../../../arm-linux-gnueabihf/lib/:/usr/arm-linux-gnueabihf/lib/
COLLECT_GCC_OPTIONS='-v' '-o' 'cmTC_8c391'  '-mfloat-abi=hard' '-mfpu=vfp' '-mtls-dialect=gnu' '-marm' '-march=armv6+fp'
 /usr/lib/gcc/arm-linux-gnueabihf/10.2.0/collect2 --hash-style=gnu -dynamic-linker /lib/ld-linux-armhf.so.3 -X -m armelf_linux_eabi -o cmTC_8c391 Scrt1.o crti.o /usr/lib/gcc/arm-linux-gnueabihf/10.2.0/crtbeginS.o -L/usr/lib/gcc/arm-linux-gnueabihf/10.2.0 -L/usr/lib/gcc/arm-linux-gnueabihf/10.2.0/../../../../arm-linux-gnueabihf/lib -L/usr/arm-linux-gnueabihf/lib CMakeFiles/cmTC_8c391.dir/CMakeCCompilerABI.c.o -lgcc -lc -lgcc /usr/lib/gcc/arm-linux-gnueabihf/10.2.0/crtendS.o crtn.o
/usr/bin/arm-linux-gnueabihf-ld: error while loading shared libraries: libctf.so.0: cannot open shared object file: No such file or directory
collect2: error: ld returned 127 exit status
ninja: build stopped: subcommand failed.




Determining if the C compiler works failed with the following output:
Change Dir: /datahdd/Michi/OTH/GIT/HSP-RPOSC-Redpitaya-Oszilloskop/RP-LogicAnalyzerEclipse/build/CMakeFiles/CMakeTmp

Run Build Command(s):/usr/bin/ninja cmTC_ad159 && [1/2] Building C object CMakeFiles/cmTC_ad159.dir/testCCompiler.c.o
[2/2] Linking C executable cmTC_ad159
FAILED: cmTC_ad159 
: && /usr/bin/arm-linux-gnueabihf-gcc-10.2.0   CMakeFiles/cmTC_ad159.dir/testCCompiler.c.o -o cmTC_ad159   && :
/usr/bin/arm-linux-gnueabihf-ld: error while loading shared libraries: libctf.so.0: cannot open shared object file: No such file or directory
collect2: error: ld returned 127 exit status
ninja: build stopped: subcommand failed.



Compiling the C compiler identification source file "CMakeCCompilerId.c" failed.
Compiler: /usr/bin/arm-linux-gnueabihf-gcc-10.2.0 
Build flags: 
Id flags:  

The output was:
1
/usr/bin/arm-linux-gnueabihf-ld: error while loading shared libraries: libctf.so.0: cannot open shared object file: No such file or directory
collect2: error: ld returned 127 exit status


Detecting C compiler ABI info failed to compile with the following output:
Change Dir: /datahdd/Michi/OTH/GIT/HSP-RPOSC-Redpitaya-Oszilloskop/RP-LogicAnalyzerEclipse/build/CMakeFiles/CMakeTmp

Run Build Command(s):/usr/bin/ninja cmTC_50d67 && [1/2] Building C object CMakeFiles/cmTC_50d67.dir/CMakeCCompilerABI.c.o
Using built-in specs.
COLLECT_GCC=/usr/bin/arm-linux-gnueabihf-gcc-10.2.0
Target: arm-linux-gnueabihf
Configured with: /var/tmp/pamac-build-michael/arm-linux-gnueabihf-gcc-stage1/src/gcc/configure --prefix=/usr --program-prefix=arm-linux-gnueabihf- --with-local-prefix=/usr/arm-linux-gnueabihf --with-sysroot=/usr/arm-linux-gnueabihf --with-build-sysroot=/usr/arm-linux-gnueabihf --with-as=/usr/bin/arm-linux-gnueabihf-as --with-ld=/usr/bin/arm-linux-gnueabihf-ld --libdir=/usr/lib --libexecdir=/usr/lib --disable-nls --with-newlib --enable-languages=c,c++ --with-isl --with-linker-hash-style=gnu --with-system-zlib --enable-__cxa_atexit --enable-checking=release --enable-clocale=gnu --enable-default-pie --enable-default-ssp --enable-gnu-indirect-function --enable-gnu-unique-object --enable-install-libiberty --enable-linker-build-id --disable-lto --disable-plugin --disable-shared --disable-threads --disable-libssp --disable-libstdcxx-pch --disable-libunwind-exceptions --disable-multilib --disable-werror --target=arm-linux-gnueabihf --host=x86_64-pc-linux-gnu --build=x86_64-pc-linux-gnu --with-arch=armv6 --with-float=hard --with-fpu=vfp
Thread model: single
Supported LTO compression algorithms: zlib zstd
gcc version 10.2.0 (GCC) 
COLLECT_GCC_OPTIONS='-v' '-o' 'CMakeFiles/cmTC_50d67.dir/CMakeCCompilerABI.c.o' '-c'  '-mfloat-abi=hard' '-mfpu=vfp' '-mtls-dialect=gnu' '-marm' '-march=armv6+fp'
 /usr/lib/gcc/arm-linux-gnueabihf/10.2.0/cc1 -quiet -v /usr/share/cmake-3.19/Modules/CMakeCCompilerABI.c -quiet -dumpbase CMakeCCompilerABI.c -mfloat-abi=hard -mfpu=vfp -mtls-dialect=gnu -marm -march=armv6+fp -auxbase-strip CMakeFiles/cmTC_50d67.dir/CMakeCCompilerABI.c.o -version -o /tmp/ccn7hFrr.s
GNU C17 (GCC) version 10.2.0 (arm-linux-gnueabihf)
	compiled by GNU C version 10.2.0, GMP version 6.2.1, MPFR version 4.1.0, MPC version 1.2.1, isl version isl-0.21-GMP

GGC heuristics: --param ggc-min-expand=100 --param ggc-min-heapsize=131072
ignoring nonexistent directory "/usr/arm-linux-gnueabihf/usr/arm-linux-gnueabihf/include"
ignoring nonexistent directory "/usr/arm-linux-gnueabihf/usr/include"
#include "..." search starts here:
#include <...> search starts here:
 /usr/lib/gcc/arm-linux-gnueabihf/10.2.0/include
 /usr/lib/gcc/arm-linux-gnueabihf/10.2.0/include-fixed
 /usr/lib/gcc/arm-linux-gnueabihf/10.2.0/../../../../arm-linux-gnueabihf/include
End of search list.
GNU C17 (GCC) version 10.2.0 (arm-linux-gnueabihf)
	compiled by GNU C version 10.2.0, GMP version 6.2.1, MPFR version 4.1.0, MPC version 1.2.1, isl version isl-0.21-GMP

GGC heuristics: --param ggc-min-expand=100 --param ggc-min-heapsize=131072
Compiler executable checksum: bac3aa4354ab3a70385f8acbbdc87b72
COLLECT_GCC_OPTIONS='-v' '-o' 'CMakeFiles/cmTC_50d67.dir/CMakeCCompilerABI.c.o' '-c'  '-mfloat-abi=hard' '-mfpu=vfp' '-mtls-dialect=gnu' '-marm' '-march=armv6+fp'
 /usr/bin/arm-linux-gnueabihf-as -v -march=armv6 -mfloat-abi=hard -mfpu=vfp -meabi=5 -o CMakeFiles/cmTC_50d67.dir/CMakeCCompilerABI.c.o /tmp/ccn7hFrr.s
GNU assembler version 2.35.1 (arm-linux-gnueabihf) using BFD version (GNU Binutils) 2.35.1
COMPILER_PATH=/usr/lib/gcc/arm-linux-gnueabihf/10.2.0/:/usr/lib/gcc/arm-linux-gnueabihf/10.2.0/:/usr/lib/gcc/arm-linux-gnueabihf/:/usr/lib/gcc/arm-linux-gnueabihf/10.2.0/:/usr/lib/gcc/arm-linux-gnueabihf/:/usr/lib/gcc/arm-linux-gnueabihf/10.2.0/../../../../arm-linux-gnueabihf/bin/
LIBRARY_PATH=/usr/lib/gcc/arm-linux-gnueabihf/10.2.0/:/usr/lib/gcc/arm-linux-gnueabihf/10.2.0/../../../../arm-linux-gnueabihf/lib/:/usr/arm-linux-gnueabihf/lib/
COLLECT_GCC_OPTIONS='-v' '-o' 'CMakeFiles/cmTC_50d67.dir/CMakeCCompilerABI.c.o' '-c'  '-mfloat-abi=hard' '-mfpu=vfp' '-mtls-dialect=gnu' '-marm' '-march=armv6+fp'
[2/2] Linking C executable cmTC_50d67
FAILED: cmTC_50d67 
: && /usr/bin/arm-linux-gnueabihf-gcc-10.2.0  -v CMakeFiles/cmTC_50d67.dir/CMakeCCompilerABI.c.o -o cmTC_50d67   && :
Using built-in specs.
COLLECT_GCC=/usr/bin/arm-linux-gnueabihf-gcc-10.2.0
COLLECT_LTO_WRAPPER=/usr/lib/gcc/arm-linux-gnueabihf/10.2.0/lto-wrapper
Target: arm-linux-gnueabihf
Configured with: /var/tmp/pamac-build-michael/arm-linux-gnueabihf-gcc-stage1/src/gcc/configure --prefix=/usr --program-prefix=arm-linux-gnueabihf- --with-local-prefix=/usr/arm-linux-gnueabihf --with-sysroot=/usr/arm-linux-gnueabihf --with-build-sysroot=/usr/arm-linux-gnueabihf --with-as=/usr/bin/arm-linux-gnueabihf-as --with-ld=/usr/bin/arm-linux-gnueabihf-ld --libdir=/usr/lib --libexecdir=/usr/lib --disable-nls --with-newlib --enable-languages=c,c++ --with-isl --with-linker-hash-style=gnu --with-system-zlib --enable-__cxa_atexit --enable-checking=release --enable-clocale=gnu --enable-default-pie --enable-default-ssp --enable-gnu-indirect-function --enable-gnu-unique-object --enable-install-libiberty --enable-linker-build-id --disable-lto --disable-plugin --disable-shared --disable-threads --disable-libssp --disable-libstdcxx-pch --disable-libunwind-exceptions --disable-multilib --disable-werror --target=arm-linux-gnueabihf --host=x86_64-pc-linux-gnu --build=x86_64-pc-linux-gnu --with-arch=armv6 --with-float=hard --with-fpu=vfp
Thread model: single
Supported LTO compression algorithms: zlib zstd
gcc version 10.2.0 (GCC) 
COMPILER_PATH=/usr/lib/gcc/arm-linux-gnueabihf/10.2.0/:/usr/lib/gcc/arm-linux-gnueabihf/10.2.0/:/usr/lib/gcc/arm-linux-gnueabihf/:/usr/lib/gcc/arm-linux-gnueabihf/10.2.0/:/usr/lib/gcc/arm-linux-gnueabihf/:/usr/lib/gcc/arm-linux-gnueabihf/10.2.0/../../../../arm-linux-gnueabihf/bin/
LIBRARY_PATH=/usr/lib/gcc/arm-linux-gnueabihf/10.2.0/:/usr/lib/gcc/arm-linux-gnueabihf/10.2.0/../../../../arm-linux-gnueabihf/lib/:/usr/arm-linux-gnueabihf/lib/
COLLECT_GCC_OPTIONS='-v' '-o' 'cmTC_50d67'  '-mfloat-abi=hard' '-mfpu=vfp' '-mtls-dialect=gnu' '-marm' '-march=armv6+fp'
 /usr/lib/gcc/arm-linux-gnueabihf/10.2.0/collect2 --hash-style=gnu -dynamic-linker /lib/ld-linux-armhf.so.3 -X -m armelf_linux_eabi -o cmTC_50d67 Scrt1.o crti.o /usr/lib/gcc/arm-linux-gnueabihf/10.2.0/crtbeginS.o -L/usr/lib/gcc/arm-linux-gnueabihf/10.2.0 -L/usr/lib/gcc/arm-linux-gnueabihf/10.2.0/../../../../arm-linux-gnueabihf/lib -L/usr/arm-linux-gnueabihf/lib CMakeFiles/cmTC_50d67.dir/CMakeCCompilerABI.c.o -lgcc -lc -lgcc /usr/lib/gcc/arm-linux-gnueabihf/10.2.0/crtendS.o crtn.o
/usr/bin/arm-linux-gnueabihf-ld: error while loading shared libraries: libctf.so.0: cannot open shared object file: No such file or directory
collect2: error: ld returned 127 exit status
ninja: build stopped: subcommand failed.




Determining if the C compiler works failed with the following output:
Change Dir: /datahdd/Michi/OTH/GIT/HSP-RPOSC-Redpitaya-Oszilloskop/RP-LogicAnalyzerEclipse/build/CMakeFiles/CMakeTmp

Run Build Command(s):/usr/bin/ninja cmTC_f4221 && [1/2] Building C object CMakeFiles/cmTC_f4221.dir/testCCompiler.c.o
[2/2] Linking C executable cmTC_f4221
FAILED: cmTC_f4221 
: && /usr/bin/arm-linux-gnueabihf-gcc-10.2.0   CMakeFiles/cmTC_f4221.dir/testCCompiler.c.o -o cmTC_f4221   && :
/usr/bin/arm-linux-gnueabihf-ld: error while loading shared libraries: libctf.so.0: cannot open shared object file: No such file or directory
collect2: error: ld returned 127 exit status
ninja: build stopped: subcommand failed.



Compiling the C compiler identification source file "CMakeCCompilerId.c" failed.
Compiler: /usr/bin/arm-linux-gnueabihf-gcc-10.2.0 
Build flags: 
Id flags:  

The output was:
1
/usr/bin/arm-linux-gnueabihf-ld: error while loading shared libraries: libctf.so.0: cannot open shared object file: No such file or directory
collect2: error: ld returned 127 exit status


Detecting C compiler ABI info failed to compile with the following output:
Change Dir: /datahdd/Michi/OTH/GIT/HSP-RPOSC-Redpitaya-Oszilloskop/RP-LogicAnalyzerEclipse/build/CMakeFiles/CMakeTmp

Run Build Command(s):/usr/bin/ninja cmTC_d4581 && [1/2] Building C object CMakeFiles/cmTC_d4581.dir/CMakeCCompilerABI.c.o
Using built-in specs.
COLLECT_GCC=/usr/bin/arm-linux-gnueabihf-gcc-10.2.0
Target: arm-linux-gnueabihf
Configured with: /var/tmp/pamac-build-michael/arm-linux-gnueabihf-gcc-stage1/src/gcc/configure --prefix=/usr --program-prefix=arm-linux-gnueabihf- --with-local-prefix=/usr/arm-linux-gnueabihf --with-sysroot=/usr/arm-linux-gnueabihf --with-build-sysroot=/usr/arm-linux-gnueabihf --with-as=/usr/bin/arm-linux-gnueabihf-as --with-ld=/usr/bin/arm-linux-gnueabihf-ld --libdir=/usr/lib --libexecdir=/usr/lib --disable-nls --with-newlib --enable-languages=c,c++ --with-isl --with-linker-hash-style=gnu --with-system-zlib --enable-__cxa_atexit --enable-checking=release --enable-clocale=gnu --enable-default-pie --enable-default-ssp --enable-gnu-indirect-function --enable-gnu-unique-object --enable-install-libiberty --enable-linker-build-id --disable-lto --disable-plugin --disable-shared --disable-threads --disable-libssp --disable-libstdcxx-pch --disable-libunwind-exceptions --disable-multilib --disable-werror --target=arm-linux-gnueabihf --host=x86_64-pc-linux-gnu --build=x86_64-pc-linux-gnu --with-arch=armv6 --with-float=hard --with-fpu=vfp
Thread model: single
Supported LTO compression algorithms: zlib zstd
gcc version 10.2.0 (GCC) 
COLLECT_GCC_OPTIONS='-v' '-o' 'CMakeFiles/cmTC_d4581.dir/CMakeCCompilerABI.c.o' '-c'  '-mfloat-abi=hard' '-mfpu=vfp' '-mtls-dialect=gnu' '-marm' '-march=armv6+fp'
 /usr/lib/gcc/arm-linux-gnueabihf/10.2.0/cc1 -quiet -v /usr/share/cmake-3.19/Modules/CMakeCCompilerABI.c -quiet -dumpbase CMakeCCompilerABI.c -mfloat-abi=hard -mfpu=vfp -mtls-dialect=gnu -marm -march=armv6+fp -auxbase-strip CMakeFiles/cmTC_d4581.dir/CMakeCCompilerABI.c.o -version -o /tmp/cc8RPMZo.s
GNU C17 (GCC) version 10.2.0 (arm-linux-gnueabihf)
	compiled by GNU C version 10.2.0, GMP version 6.2.1, MPFR version 4.1.0, MPC version 1.2.1, isl version isl-0.21-GMP

GGC heuristics: --param ggc-min-expand=100 --param ggc-min-heapsize=131072
ignoring nonexistent directory "/usr/arm-linux-gnueabihf/usr/arm-linux-gnueabihf/include"
ignoring nonexistent directory "/usr/arm-linux-gnueabihf/usr/include"
#include "..." search starts here:
#include <...> search starts here:
 /usr/lib/gcc/arm-linux-gnueabihf/10.2.0/include
 /usr/lib/gcc/arm-linux-gnueabihf/10.2.0/include-fixed
 /usr/lib/gcc/arm-linux-gnueabihf/10.2.0/../../../../arm-linux-gnueabihf/include
End of search list.
GNU C17 (GCC) version 10.2.0 (arm-linux-gnueabihf)
	compiled by GNU C version 10.2.0, GMP version 6.2.1, MPFR version 4.1.0, MPC version 1.2.1, isl version isl-0.21-GMP

GGC heuristics: --param ggc-min-expand=100 --param ggc-min-heapsize=131072
Compiler executable checksum: bac3aa4354ab3a70385f8acbbdc87b72
COLLECT_GCC_OPTIONS='-v' '-o' 'CMakeFiles/cmTC_d4581.dir/CMakeCCompilerABI.c.o' '-c'  '-mfloat-abi=hard' '-mfpu=vfp' '-mtls-dialect=gnu' '-marm' '-march=armv6+fp'
 /usr/bin/arm-linux-gnueabihf-as -v -march=armv6 -mfloat-abi=hard -mfpu=vfp -meabi=5 -o CMakeFiles/cmTC_d4581.dir/CMakeCCompilerABI.c.o /tmp/cc8RPMZo.s
GNU assembler version 2.35.1 (arm-linux-gnueabihf) using BFD version (GNU Binutils) 2.35.1
COMPILER_PATH=/usr/lib/gcc/arm-linux-gnueabihf/10.2.0/:/usr/lib/gcc/arm-linux-gnueabihf/10.2.0/:/usr/lib/gcc/arm-linux-gnueabihf/:/usr/lib/gcc/arm-linux-gnueabihf/10.2.0/:/usr/lib/gcc/arm-linux-gnueabihf/:/usr/lib/gcc/arm-linux-gnueabihf/10.2.0/../../../../arm-linux-gnueabihf/bin/
LIBRARY_PATH=/usr/lib/gcc/arm-linux-gnueabihf/10.2.0/:/usr/lib/gcc/arm-linux-gnueabihf/10.2.0/../../../../arm-linux-gnueabihf/lib/:/usr/arm-linux-gnueabihf/lib/
COLLECT_GCC_OPTIONS='-v' '-o' 'CMakeFiles/cmTC_d4581.dir/CMakeCCompilerABI.c.o' '-c'  '-mfloat-abi=hard' '-mfpu=vfp' '-mtls-dialect=gnu' '-marm' '-march=armv6+fp'
[2/2] Linking C executable cmTC_d4581
FAILED: cmTC_d4581 
: && /usr/bin/arm-linux-gnueabihf-gcc-10.2.0  -v CMakeFiles/cmTC_d4581.dir/CMakeCCompilerABI.c.o -o cmTC_d4581   && :
Using built-in specs.
COLLECT_GCC=/usr/bin/arm-linux-gnueabihf-gcc-10.2.0
COLLECT_LTO_WRAPPER=/usr/lib/gcc/arm-linux-gnueabihf/10.2.0/lto-wrapper
Target: arm-linux-gnueabihf
Configured with: /var/tmp/pamac-build-michael/arm-linux-gnueabihf-gcc-stage1/src/gcc/configure --prefix=/usr --program-prefix=arm-linux-gnueabihf- --with-local-prefix=/usr/arm-linux-gnueabihf --with-sysroot=/usr/arm-linux-gnueabihf --with-build-sysroot=/usr/arm-linux-gnueabihf --with-as=/usr/bin/arm-linux-gnueabihf-as --with-ld=/usr/bin/arm-linux-gnueabihf-ld --libdir=/usr/lib --libexecdir=/usr/lib --disable-nls --with-newlib --enable-languages=c,c++ --with-isl --with-linker-hash-style=gnu --with-system-zlib --enable-__cxa_atexit --enable-checking=release --enable-clocale=gnu --enable-default-pie --enable-default-ssp --enable-gnu-indirect-function --enable-gnu-unique-object --enable-install-libiberty --enable-linker-build-id --disable-lto --disable-plugin --disable-shared --disable-threads --disable-libssp --disable-libstdcxx-pch --disable-libunwind-exceptions --disable-multilib --disable-werror --target=arm-linux-gnueabihf --host=x86_64-pc-linux-gnu --build=x86_64-pc-linux-gnu --with-arch=armv6 --with-float=hard --with-fpu=vfp
Thread model: single
Supported LTO compression algorithms: zlib zstd
gcc version 10.2.0 (GCC) 
COMPILER_PATH=/usr/lib/gcc/arm-linux-gnueabihf/10.2.0/:/usr/lib/gcc/arm-linux-gnueabihf/10.2.0/:/usr/lib/gcc/arm-linux-gnueabihf/:/usr/lib/gcc/arm-linux-gnueabihf/10.2.0/:/usr/lib/gcc/arm-linux-gnueabihf/:/usr/lib/gcc/arm-linux-gnueabihf/10.2.0/../../../../arm-linux-gnueabihf/bin/
LIBRARY_PATH=/usr/lib/gcc/arm-linux-gnueabihf/10.2.0/:/usr/lib/gcc/arm-linux-gnueabihf/10.2.0/../../../../arm-linux-gnueabihf/lib/:/usr/arm-linux-gnueabihf/lib/
COLLECT_GCC_OPTIONS='-v' '-o' 'cmTC_d4581'  '-mfloat-abi=hard' '-mfpu=vfp' '-mtls-dialect=gnu' '-marm' '-march=armv6+fp'
 /usr/lib/gcc/arm-linux-gnueabihf/10.2.0/collect2 --hash-style=gnu -dynamic-linker /lib/ld-linux-armhf.so.3 -X -m armelf_linux_eabi -o cmTC_d4581 Scrt1.o crti.o /usr/lib/gcc/arm-linux-gnueabihf/10.2.0/crtbeginS.o -L/usr/lib/gcc/arm-linux-gnueabihf/10.2.0 -L/usr/lib/gcc/arm-linux-gnueabihf/10.2.0/../../../../arm-linux-gnueabihf/lib -L/usr/arm-linux-gnueabihf/lib CMakeFiles/cmTC_d4581.dir/CMakeCCompilerABI.c.o -lgcc -lc -lgcc /usr/lib/gcc/arm-linux-gnueabihf/10.2.0/crtendS.o crtn.o
/usr/bin/arm-linux-gnueabihf-ld: error while loading shared libraries: libctf.so.0: cannot open shared object file: No such file or directory
collect2: error: ld returned 127 exit status
ninja: build stopped: subcommand failed.




Determining if the C compiler works failed with the following output:
Change Dir: /datahdd/Michi/OTH/GIT/HSP-RPOSC-Redpitaya-Oszilloskop/RP-LogicAnalyzerEclipse/build/CMakeFiles/CMakeTmp

Run Build Command(s):/usr/bin/ninja cmTC_1c05d && [1/2] Building C object CMakeFiles/cmTC_1c05d.dir/testCCompiler.c.o
[2/2] Linking C executable cmTC_1c05d
FAILED: cmTC_1c05d 
: && /usr/bin/arm-linux-gnueabihf-gcc-10.2.0   CMakeFiles/cmTC_1c05d.dir/testCCompiler.c.o -o cmTC_1c05d   && :
/usr/bin/arm-linux-gnueabihf-ld: error while loading shared libraries: libctf.so.0: cannot open shared object file: No such file or directory
collect2: error: ld returned 127 exit status
ninja: build stopped: subcommand failed.



Compiling the C compiler identification source file "CMakeCCompilerId.c" failed.
Compiler: /usr/bin/arm-linux-gnueabihf-gcc-10.2.0 
Build flags: 
Id flags:  

The output was:
1
/usr/bin/arm-linux-gnueabihf-ld: error while loading shared libraries: libctf.so.0: cannot open shared object file: No such file or directory
collect2: error: ld returned 127 exit status


Detecting C compiler ABI info failed to compile with the following output:
Change Dir: /datahdd/Michi/OTH/GIT/HSP-RPOSC-Redpitaya-Oszilloskop/RP-LogicAnalyzerEclipse/build/CMakeFiles/CMakeTmp

Run Build Command(s):/usr/bin/ninja cmTC_cd762 && [1/2] Building C object CMakeFiles/cmTC_cd762.dir/CMakeCCompilerABI.c.o
Using built-in specs.
COLLECT_GCC=/usr/bin/arm-linux-gnueabihf-gcc-10.2.0
Target: arm-linux-gnueabihf
Configured with: /var/tmp/pamac-build-michael/arm-linux-gnueabihf-gcc-stage1/src/gcc/configure --prefix=/usr --program-prefix=arm-linux-gnueabihf- --with-local-prefix=/usr/arm-linux-gnueabihf --with-sysroot=/usr/arm-linux-gnueabihf --with-build-sysroot=/usr/arm-linux-gnueabihf --with-as=/usr/bin/arm-linux-gnueabihf-as --with-ld=/usr/bin/arm-linux-gnueabihf-ld --libdir=/usr/lib --libexecdir=/usr/lib --disable-nls --with-newlib --enable-languages=c,c++ --with-isl --with-linker-hash-style=gnu --with-system-zlib --enable-__cxa_atexit --enable-checking=release --enable-clocale=gnu --enable-default-pie --enable-default-ssp --enable-gnu-indirect-function --enable-gnu-unique-object --enable-install-libiberty --enable-linker-build-id --disable-lto --disable-plugin --disable-shared --disable-threads --disable-libssp --disable-libstdcxx-pch --disable-libunwind-exceptions --disable-multilib --disable-werror --target=arm-linux-gnueabihf --host=x86_64-pc-linux-gnu --build=x86_64-pc-linux-gnu --with-arch=armv6 --with-float=hard --with-fpu=vfp
Thread model: single
Supported LTO compression algorithms: zlib zstd
gcc version 10.2.0 (GCC) 
COLLECT_GCC_OPTIONS='-v' '-o' 'CMakeFiles/cmTC_cd762.dir/CMakeCCompilerABI.c.o' '-c'  '-mfloat-abi=hard' '-mfpu=vfp' '-mtls-dialect=gnu' '-marm' '-march=armv6+fp'
 /usr/lib/gcc/arm-linux-gnueabihf/10.2.0/cc1 -quiet -v /usr/share/cmake-3.19/Modules/CMakeCCompilerABI.c -quiet -dumpbase CMakeCCompilerABI.c -mfloat-abi=hard -mfpu=vfp -mtls-dialect=gnu -marm -march=armv6+fp -auxbase-strip CMakeFiles/cmTC_cd762.dir/CMakeCCompilerABI.c.o -version -o /tmp/cc7YoIX9.s
GNU C17 (GCC) version 10.2.0 (arm-linux-gnueabihf)
	compiled by GNU C version 10.2.0, GMP version 6.2.1, MPFR version 4.1.0, MPC version 1.2.1, isl version isl-0.21-GMP

GGC heuristics: --param ggc-min-expand=100 --param ggc-min-heapsize=131072
ignoring nonexistent directory "/usr/arm-linux-gnueabihf/usr/arm-linux-gnueabihf/include"
ignoring nonexistent directory "/usr/arm-linux-gnueabihf/usr/include"
#include "..." search starts here:
#include <...> search starts here:
 /usr/lib/gcc/arm-linux-gnueabihf/10.2.0/include
 /usr/lib/gcc/arm-linux-gnueabihf/10.2.0/include-fixed
 /usr/lib/gcc/arm-linux-gnueabihf/10.2.0/../../../../arm-linux-gnueabihf/include
End of search list.
GNU C17 (GCC) version 10.2.0 (arm-linux-gnueabihf)
	compiled by GNU C version 10.2.0, GMP version 6.2.1, MPFR version 4.1.0, MPC version 1.2.1, isl version isl-0.21-GMP

GGC heuristics: --param ggc-min-expand=100 --param ggc-min-heapsize=131072
Compiler executable checksum: bac3aa4354ab3a70385f8acbbdc87b72
COLLECT_GCC_OPTIONS='-v' '-o' 'CMakeFiles/cmTC_cd762.dir/CMakeCCompilerABI.c.o' '-c'  '-mfloat-abi=hard' '-mfpu=vfp' '-mtls-dialect=gnu' '-marm' '-march=armv6+fp'
 /usr/bin/arm-linux-gnueabihf-as -v -march=armv6 -mfloat-abi=hard -mfpu=vfp -meabi=5 -o CMakeFiles/cmTC_cd762.dir/CMakeCCompilerABI.c.o /tmp/cc7YoIX9.s
GNU assembler version 2.35.1 (arm-linux-gnueabihf) using BFD version (GNU Binutils) 2.35.1
COMPILER_PATH=/usr/lib/gcc/arm-linux-gnueabihf/10.2.0/:/usr/lib/gcc/arm-linux-gnueabihf/10.2.0/:/usr/lib/gcc/arm-linux-gnueabihf/:/usr/lib/gcc/arm-linux-gnueabihf/10.2.0/:/usr/lib/gcc/arm-linux-gnueabihf/:/usr/lib/gcc/arm-linux-gnueabihf/10.2.0/../../../../arm-linux-gnueabihf/bin/
LIBRARY_PATH=/usr/lib/gcc/arm-linux-gnueabihf/10.2.0/:/usr/lib/gcc/arm-linux-gnueabihf/10.2.0/../../../../arm-linux-gnueabihf/lib/:/usr/arm-linux-gnueabihf/lib/
COLLECT_GCC_OPTIONS='-v' '-o' 'CMakeFiles/cmTC_cd762.dir/CMakeCCompilerABI.c.o' '-c'  '-mfloat-abi=hard' '-mfpu=vfp' '-mtls-dialect=gnu' '-marm' '-march=armv6+fp'
[2/2] Linking C executable cmTC_cd762
FAILED: cmTC_cd762 
: && /usr/bin/arm-linux-gnueabihf-gcc-10.2.0  -v CMakeFiles/cmTC_cd762.dir/CMakeCCompilerABI.c.o -o cmTC_cd762   && :
Using built-in specs.
COLLECT_GCC=/usr/bin/arm-linux-gnueabihf-gcc-10.2.0
COLLECT_LTO_WRAPPER=/usr/lib/gcc/arm-linux-gnueabihf/10.2.0/lto-wrapper
Target: arm-linux-gnueabihf
Configured with: /var/tmp/pamac-build-michael/arm-linux-gnueabihf-gcc-stage1/src/gcc/configure --prefix=/usr --program-prefix=arm-linux-gnueabihf- --with-local-prefix=/usr/arm-linux-gnueabihf --with-sysroot=/usr/arm-linux-gnueabihf --with-build-sysroot=/usr/arm-linux-gnueabihf --with-as=/usr/bin/arm-linux-gnueabihf-as --with-ld=/usr/bin/arm-linux-gnueabihf-ld --libdir=/usr/lib --libexecdir=/usr/lib --disable-nls --with-newlib --enable-languages=c,c++ --with-isl --with-linker-hash-style=gnu --with-system-zlib --enable-__cxa_atexit --enable-checking=release --enable-clocale=gnu --enable-default-pie --enable-default-ssp --enable-gnu-indirect-function --enable-gnu-unique-object --enable-install-libiberty --enable-linker-build-id --disable-lto --disable-plugin --disable-shared --disable-threads --disable-libssp --disable-libstdcxx-pch --disable-libunwind-exceptions --disable-multilib --disable-werror --target=arm-linux-gnueabihf --host=x86_64-pc-linux-gnu --build=x86_64-pc-linux-gnu --with-arch=armv6 --with-float=hard --with-fpu=vfp
Thread model: single
Supported LTO compression algorithms: zlib zstd
gcc version 10.2.0 (GCC) 
COMPILER_PATH=/usr/lib/gcc/arm-linux-gnueabihf/10.2.0/:/usr/lib/gcc/arm-linux-gnueabihf/10.2.0/:/usr/lib/gcc/arm-linux-gnueabihf/:/usr/lib/gcc/arm-linux-gnueabihf/10.2.0/:/usr/lib/gcc/arm-linux-gnueabihf/:/usr/lib/gcc/arm-linux-gnueabihf/10.2.0/../../../../arm-linux-gnueabihf/bin/
LIBRARY_PATH=/usr/lib/gcc/arm-linux-gnueabihf/10.2.0/:/usr/lib/gcc/arm-linux-gnueabihf/10.2.0/../../../../arm-linux-gnueabihf/lib/:/usr/arm-linux-gnueabihf/lib/
COLLECT_GCC_OPTIONS='-v' '-o' 'cmTC_cd762'  '-mfloat-abi=hard' '-mfpu=vfp' '-mtls-dialect=gnu' '-marm' '-march=armv6+fp'
 /usr/lib/gcc/arm-linux-gnueabihf/10.2.0/collect2 --hash-style=gnu -dynamic-linker /lib/ld-linux-armhf.so.3 -X -m armelf_linux_eabi -o cmTC_cd762 Scrt1.o crti.o /usr/lib/gcc/arm-linux-gnueabihf/10.2.0/crtbeginS.o -L/usr/lib/gcc/arm-linux-gnueabihf/10.2.0 -L/usr/lib/gcc/arm-linux-gnueabihf/10.2.0/../../../../arm-linux-gnueabihf/lib -L/usr/arm-linux-gnueabihf/lib CMakeFiles/cmTC_cd762.dir/CMakeCCompilerABI.c.o -lgcc -lc -lgcc /usr/lib/gcc/arm-linux-gnueabihf/10.2.0/crtendS.o crtn.o
/usr/bin/arm-linux-gnueabihf-ld: error while loading shared libraries: libctf.so.0: cannot open shared object file: No such file or directory
collect2: error: ld returned 127 exit status
ninja: build stopped: subcommand failed.




Determining if the C compiler works failed with the following output:
Change Dir: /datahdd/Michi/OTH/GIT/HSP-RPOSC-Redpitaya-Oszilloskop/RP-LogicAnalyzerEclipse/build/CMakeFiles/CMakeTmp

Run Build Command(s):/usr/bin/ninja cmTC_b4ef3 && [1/2] Building C object CMakeFiles/cmTC_b4ef3.dir/testCCompiler.c.o
[2/2] Linking C executable cmTC_b4ef3
FAILED: cmTC_b4ef3 
: && /usr/bin/arm-linux-gnueabihf-gcc-10.2.0   CMakeFiles/cmTC_b4ef3.dir/testCCompiler.c.o -o cmTC_b4ef3   && :
/usr/bin/arm-linux-gnueabihf-ld: error while loading shared libraries: libctf.so.0: cannot open shared object file: No such file or directory
collect2: error: ld returned 127 exit status
ninja: build stopped: subcommand failed.



Compiling the C compiler identification source file "CMakeCCompilerId.c" failed.
Compiler: /usr/bin/arm-linux-gnueabihf-gcc-10.2.0 
Build flags: 
Id flags:  

The output was:
1
/usr/bin/arm-linux-gnueabihf-ld: cannot find Scrt1.o: No such file or directory
/usr/bin/arm-linux-gnueabihf-ld: cannot find crti.o: No such file or directory
/usr/bin/arm-linux-gnueabihf-ld: cannot find -lc
/usr/bin/arm-linux-gnueabihf-ld: cannot find crtn.o: No such file or directory
collect2: error: ld returned 1 exit status


Detecting C compiler ABI info failed to compile with the following output:
Change Dir: /datahdd/Michi/OTH/GIT/HSP-RPOSC-Redpitaya-Oszilloskop/RP-LogicAnalyzerEclipse/build/CMakeFiles/CMakeTmp

Run Build Command(s):/usr/bin/ninja cmTC_34672 && [1/2] Building C object CMakeFiles/cmTC_34672.dir/CMakeCCompilerABI.c.o
Using built-in specs.
COLLECT_GCC=/usr/bin/arm-linux-gnueabihf-gcc-10.2.0
Target: arm-linux-gnueabihf
Configured with: /var/tmp/pamac-build-michael/arm-linux-gnueabihf-gcc-stage1/src/gcc/configure --prefix=/usr --program-prefix=arm-linux-gnueabihf- --with-local-prefix=/usr/arm-linux-gnueabihf --with-sysroot=/usr/arm-linux-gnueabihf --with-build-sysroot=/usr/arm-linux-gnueabihf --with-as=/usr/bin/arm-linux-gnueabihf-as --with-ld=/usr/bin/arm-linux-gnueabihf-ld --libdir=/usr/lib --libexecdir=/usr/lib --disable-nls --with-newlib --enable-languages=c,c++ --with-isl --with-linker-hash-style=gnu --with-system-zlib --enable-__cxa_atexit --enable-checking=release --enable-clocale=gnu --enable-default-pie --enable-default-ssp --enable-gnu-indirect-function --enable-gnu-unique-object --enable-install-libiberty --enable-linker-build-id --disable-lto --disable-plugin --disable-shared --disable-threads --disable-libssp --disable-libstdcxx-pch --disable-libunwind-exceptions --disable-multilib --disable-werror --target=arm-linux-gnueabihf --host=x86_64-pc-linux-gnu --build=x86_64-pc-linux-gnu --with-arch=armv6 --with-float=hard --with-fpu=vfp
Thread model: single
Supported LTO compression algorithms: zlib zstd
gcc version 10.2.0 (GCC) 
COLLECT_GCC_OPTIONS='-v' '-o' 'CMakeFiles/cmTC_34672.dir/CMakeCCompilerABI.c.o' '-c'  '-mfloat-abi=hard' '-mfpu=vfp' '-mtls-dialect=gnu' '-marm' '-march=armv6+fp'
 /usr/lib/gcc/arm-linux-gnueabihf/10.2.0/cc1 -quiet -v /usr/share/cmake-3.19/Modules/CMakeCCompilerABI.c -quiet -dumpbase CMakeCCompilerABI.c -mfloat-abi=hard -mfpu=vfp -mtls-dialect=gnu -marm -march=armv6+fp -auxbase-strip CMakeFiles/cmTC_34672.dir/CMakeCCompilerABI.c.o -version -o /tmp/ccjXC0w4.s
GNU C17 (GCC) version 10.2.0 (arm-linux-gnueabihf)
	compiled by GNU C version 10.2.0, GMP version 6.2.1, MPFR version 4.1.0, MPC version 1.2.1, isl version isl-0.21-GMP

GGC heuristics: --param ggc-min-expand=100 --param ggc-min-heapsize=131072
ignoring nonexistent directory "/usr/arm-linux-gnueabihf/usr/arm-linux-gnueabihf/include"
ignoring nonexistent directory "/usr/arm-linux-gnueabihf/usr/include"
#include "..." search starts here:
#include <...> search starts here:
 /usr/lib/gcc/arm-linux-gnueabihf/10.2.0/include
 /usr/lib/gcc/arm-linux-gnueabihf/10.2.0/include-fixed
 /usr/lib/gcc/arm-linux-gnueabihf/10.2.0/../../../../arm-linux-gnueabihf/include
End of search list.
GNU C17 (GCC) version 10.2.0 (arm-linux-gnueabihf)
	compiled by GNU C version 10.2.0, GMP version 6.2.1, MPFR version 4.1.0, MPC version 1.2.1, isl version isl-0.21-GMP

GGC heuristics: --param ggc-min-expand=100 --param ggc-min-heapsize=131072
Compiler executable checksum: bac3aa4354ab3a70385f8acbbdc87b72
COLLECT_GCC_OPTIONS='-v' '-o' 'CMakeFiles/cmTC_34672.dir/CMakeCCompilerABI.c.o' '-c'  '-mfloat-abi=hard' '-mfpu=vfp' '-mtls-dialect=gnu' '-marm' '-march=armv6+fp'
 /usr/bin/arm-linux-gnueabihf-as -v -march=armv6 -mfloat-abi=hard -mfpu=vfp -meabi=5 -o CMakeFiles/cmTC_34672.dir/CMakeCCompilerABI.c.o /tmp/ccjXC0w4.s
GNU assembler version 2.35.1 (arm-linux-gnueabihf) using BFD version (GNU Binutils) 2.35.1
COMPILER_PATH=/usr/lib/gcc/arm-linux-gnueabihf/10.2.0/:/usr/lib/gcc/arm-linux-gnueabihf/10.2.0/:/usr/lib/gcc/arm-linux-gnueabihf/:/usr/lib/gcc/arm-linux-gnueabihf/10.2.0/:/usr/lib/gcc/arm-linux-gnueabihf/:/usr/lib/gcc/arm-linux-gnueabihf/10.2.0/../../../../arm-linux-gnueabihf/bin/
LIBRARY_PATH=/usr/lib/gcc/arm-linux-gnueabihf/10.2.0/:/usr/lib/gcc/arm-linux-gnueabihf/10.2.0/../../../../arm-linux-gnueabihf/lib/:/usr/arm-linux-gnueabihf/lib/
COLLECT_GCC_OPTIONS='-v' '-o' 'CMakeFiles/cmTC_34672.dir/CMakeCCompilerABI.c.o' '-c'  '-mfloat-abi=hard' '-mfpu=vfp' '-mtls-dialect=gnu' '-marm' '-march=armv6+fp'
[2/2] Linking C executable cmTC_34672
FAILED: cmTC_34672 
: && /usr/bin/arm-linux-gnueabihf-gcc-10.2.0  -v CMakeFiles/cmTC_34672.dir/CMakeCCompilerABI.c.o -o cmTC_34672   && :
Using built-in specs.
COLLECT_GCC=/usr/bin/arm-linux-gnueabihf-gcc-10.2.0
COLLECT_LTO_WRAPPER=/usr/lib/gcc/arm-linux-gnueabihf/10.2.0/lto-wrapper
Target: arm-linux-gnueabihf
Configured with: /var/tmp/pamac-build-michael/arm-linux-gnueabihf-gcc-stage1/src/gcc/configure --prefix=/usr --program-prefix=arm-linux-gnueabihf- --with-local-prefix=/usr/arm-linux-gnueabihf --with-sysroot=/usr/arm-linux-gnueabihf --with-build-sysroot=/usr/arm-linux-gnueabihf --with-as=/usr/bin/arm-linux-gnueabihf-as --with-ld=/usr/bin/arm-linux-gnueabihf-ld --libdir=/usr/lib --libexecdir=/usr/lib --disable-nls --with-newlib --enable-languages=c,c++ --with-isl --with-linker-hash-style=gnu --with-system-zlib --enable-__cxa_atexit --enable-checking=release --enable-clocale=gnu --enable-default-pie --enable-default-ssp --enable-gnu-indirect-function --enable-gnu-unique-object --enable-install-libiberty --enable-linker-build-id --disable-lto --disable-plugin --disable-shared --disable-threads --disable-libssp --disable-libstdcxx-pch --disable-libunwind-exceptions --disable-multilib --disable-werror --target=arm-linux-gnueabihf --host=x86_64-pc-linux-gnu --build=x86_64-pc-linux-gnu --with-arch=armv6 --with-float=hard --with-fpu=vfp
Thread model: single
Supported LTO compression algorithms: zlib zstd
gcc version 10.2.0 (GCC) 
COMPILER_PATH=/usr/lib/gcc/arm-linux-gnueabihf/10.2.0/:/usr/lib/gcc/arm-linux-gnueabihf/10.2.0/:/usr/lib/gcc/arm-linux-gnueabihf/:/usr/lib/gcc/arm-linux-gnueabihf/10.2.0/:/usr/lib/gcc/arm-linux-gnueabihf/:/usr/lib/gcc/arm-linux-gnueabihf/10.2.0/../../../../arm-linux-gnueabihf/bin/
LIBRARY_PATH=/usr/lib/gcc/arm-linux-gnueabihf/10.2.0/:/usr/lib/gcc/arm-linux-gnueabihf/10.2.0/../../../../arm-linux-gnueabihf/lib/:/usr/arm-linux-gnueabihf/lib/
COLLECT_GCC_OPTIONS='-v' '-o' 'cmTC_34672'  '-mfloat-abi=hard' '-mfpu=vfp' '-mtls-dialect=gnu' '-marm' '-march=armv6+fp'
 /usr/lib/gcc/arm-linux-gnueabihf/10.2.0/collect2 --hash-style=gnu -dynamic-linker /lib/ld-linux-armhf.so.3 -X -m armelf_linux_eabi -o cmTC_34672 Scrt1.o crti.o /usr/lib/gcc/arm-linux-gnueabihf/10.2.0/crtbeginS.o -L/usr/lib/gcc/arm-linux-gnueabihf/10.2.0 -L/usr/lib/gcc/arm-linux-gnueabihf/10.2.0/../../../../arm-linux-gnueabihf/lib -L/usr/arm-linux-gnueabihf/lib CMakeFiles/cmTC_34672.dir/CMakeCCompilerABI.c.o -lgcc -lc -lgcc /usr/lib/gcc/arm-linux-gnueabihf/10.2.0/crtendS.o crtn.o
/usr/bin/arm-linux-gnueabihf-ld: cannot find Scrt1.o: No such file or directory
/usr/bin/arm-linux-gnueabihf-ld: cannot find crti.o: No such file or directory
/usr/bin/arm-linux-gnueabihf-ld: cannot find -lc
/usr/bin/arm-linux-gnueabihf-ld: cannot find crtn.o: No such file or directory
collect2: error: ld returned 1 exit status
ninja: build stopped: subcommand failed.




Determining if the C compiler works failed with the following output:
Change Dir: /datahdd/Michi/OTH/GIT/HSP-RPOSC-Redpitaya-Oszilloskop/RP-LogicAnalyzerEclipse/build/CMakeFiles/CMakeTmp

Run Build Command(s):/usr/bin/ninja cmTC_d622f && [1/2] Building C object CMakeFiles/cmTC_d622f.dir/testCCompiler.c.o
[2/2] Linking C executable cmTC_d622f
FAILED: cmTC_d622f 
: && /usr/bin/arm-linux-gnueabihf-gcc-10.2.0   CMakeFiles/cmTC_d622f.dir/testCCompiler.c.o -o cmTC_d622f   && :
/usr/bin/arm-linux-gnueabihf-ld: cannot find Scrt1.o: No such file or directory
/usr/bin/arm-linux-gnueabihf-ld: cannot find crti.o: No such file or directory
/usr/bin/arm-linux-gnueabihf-ld: cannot find -lc
/usr/bin/arm-linux-gnueabihf-ld: cannot find crtn.o: No such file or directory
collect2: error: ld returned 1 exit status
ninja: build stopped: subcommand failed.



Compiling the C compiler identification source file "CMakeCCompilerId.c" failed.
Compiler: /usr/bin/arm-linux-gnueabihf-gcc-10.2.0 
Build flags: 
Id flags:  

The output was:
1
/usr/bin/arm-linux-gnueabihf-ld: cannot find Scrt1.o: No such file or directory
/usr/bin/arm-linux-gnueabihf-ld: cannot find crti.o: No such file or directory
/usr/bin/arm-linux-gnueabihf-ld: cannot find -lc
/usr/bin/arm-linux-gnueabihf-ld: cannot find crtn.o: No such file or directory
collect2: error: ld returned 1 exit status


Detecting C compiler ABI info failed to compile with the following output:
Change Dir: /datahdd/Michi/OTH/GIT/HSP-RPOSC-Redpitaya-Oszilloskop/RP-LogicAnalyzerEclipse/build/CMakeFiles/CMakeTmp

Run Build Command(s):/usr/bin/ninja cmTC_490df && [1/2] Building C object CMakeFiles/cmTC_490df.dir/CMakeCCompilerABI.c.o
Using built-in specs.
COLLECT_GCC=/usr/bin/arm-linux-gnueabihf-gcc-10.2.0
Target: arm-linux-gnueabihf
Configured with: /var/tmp/pamac-build-michael/arm-linux-gnueabihf-gcc-stage1/src/gcc/configure --prefix=/usr --program-prefix=arm-linux-gnueabihf- --with-local-prefix=/usr/arm-linux-gnueabihf --with-sysroot=/usr/arm-linux-gnueabihf --with-build-sysroot=/usr/arm-linux-gnueabihf --with-as=/usr/bin/arm-linux-gnueabihf-as --with-ld=/usr/bin/arm-linux-gnueabihf-ld --libdir=/usr/lib --libexecdir=/usr/lib --disable-nls --with-newlib --enable-languages=c,c++ --with-isl --with-linker-hash-style=gnu --with-system-zlib --enable-__cxa_atexit --enable-checking=release --enable-clocale=gnu --enable-default-pie --enable-default-ssp --enable-gnu-indirect-function --enable-gnu-unique-object --enable-install-libiberty --enable-linker-build-id --disable-lto --disable-plugin --disable-shared --disable-threads --disable-libssp --disable-libstdcxx-pch --disable-libunwind-exceptions --disable-multilib --disable-werror --target=arm-linux-gnueabihf --host=x86_64-pc-linux-gnu --build=x86_64-pc-linux-gnu --with-arch=armv6 --with-float=hard --with-fpu=vfp
Thread model: single
Supported LTO compression algorithms: zlib zstd
gcc version 10.2.0 (GCC) 
COLLECT_GCC_OPTIONS='-v' '-o' 'CMakeFiles/cmTC_490df.dir/CMakeCCompilerABI.c.o' '-c'  '-mfloat-abi=hard' '-mfpu=vfp' '-mtls-dialect=gnu' '-marm' '-march=armv6+fp'
 /usr/lib/gcc/arm-linux-gnueabihf/10.2.0/cc1 -quiet -v /usr/share/cmake-3.19/Modules/CMakeCCompilerABI.c -quiet -dumpbase CMakeCCompilerABI.c -mfloat-abi=hard -mfpu=vfp -mtls-dialect=gnu -marm -march=armv6+fp -auxbase-strip CMakeFiles/cmTC_490df.dir/CMakeCCompilerABI.c.o -version -o /tmp/ccRXfv0V.s
GNU C17 (GCC) version 10.2.0 (arm-linux-gnueabihf)
	compiled by GNU C version 10.2.0, GMP version 6.2.1, MPFR version 4.1.0, MPC version 1.2.1, isl version isl-0.21-GMP

GGC heuristics: --param ggc-min-expand=100 --param ggc-min-heapsize=131072
ignoring nonexistent directory "/usr/arm-linux-gnueabihf/usr/arm-linux-gnueabihf/include"
ignoring nonexistent directory "/usr/arm-linux-gnueabihf/usr/include"
#include "..." search starts here:
#include <...> search starts here:
 /usr/lib/gcc/arm-linux-gnueabihf/10.2.0/include
 /usr/lib/gcc/arm-linux-gnueabihf/10.2.0/include-fixed
 /usr/lib/gcc/arm-linux-gnueabihf/10.2.0/../../../../arm-linux-gnueabihf/include
End of search list.
GNU C17 (GCC) version 10.2.0 (arm-linux-gnueabihf)
	compiled by GNU C version 10.2.0, GMP version 6.2.1, MPFR version 4.1.0, MPC version 1.2.1, isl version isl-0.21-GMP

GGC heuristics: --param ggc-min-expand=100 --param ggc-min-heapsize=131072
Compiler executable checksum: bac3aa4354ab3a70385f8acbbdc87b72
COLLECT_GCC_OPTIONS='-v' '-o' 'CMakeFiles/cmTC_490df.dir/CMakeCCompilerABI.c.o' '-c'  '-mfloat-abi=hard' '-mfpu=vfp' '-mtls-dialect=gnu' '-marm' '-march=armv6+fp'
 /usr/bin/arm-linux-gnueabihf-as -v -march=armv6 -mfloat-abi=hard -mfpu=vfp -meabi=5 -o CMakeFiles/cmTC_490df.dir/CMakeCCompilerABI.c.o /tmp/ccRXfv0V.s
GNU assembler version 2.35.1 (arm-linux-gnueabihf) using BFD version (GNU Binutils) 2.35.1
COMPILER_PATH=/usr/lib/gcc/arm-linux-gnueabihf/10.2.0/:/usr/lib/gcc/arm-linux-gnueabihf/10.2.0/:/usr/lib/gcc/arm-linux-gnueabihf/:/usr/lib/gcc/arm-linux-gnueabihf/10.2.0/:/usr/lib/gcc/arm-linux-gnueabihf/:/usr/lib/gcc/arm-linux-gnueabihf/10.2.0/../../../../arm-linux-gnueabihf/bin/
LIBRARY_PATH=/usr/lib/gcc/arm-linux-gnueabihf/10.2.0/:/usr/lib/gcc/arm-linux-gnueabihf/10.2.0/../../../../arm-linux-gnueabihf/lib/:/usr/arm-linux-gnueabihf/lib/
COLLECT_GCC_OPTIONS='-v' '-o' 'CMakeFiles/cmTC_490df.dir/CMakeCCompilerABI.c.o' '-c'  '-mfloat-abi=hard' '-mfpu=vfp' '-mtls-dialect=gnu' '-marm' '-march=armv6+fp'
[2/2] Linking C executable cmTC_490df
FAILED: cmTC_490df 
: && /usr/bin/arm-linux-gnueabihf-gcc-10.2.0  -v CMakeFiles/cmTC_490df.dir/CMakeCCompilerABI.c.o -o cmTC_490df   && :
Using built-in specs.
COLLECT_GCC=/usr/bin/arm-linux-gnueabihf-gcc-10.2.0
COLLECT_LTO_WRAPPER=/usr/lib/gcc/arm-linux-gnueabihf/10.2.0/lto-wrapper
Target: arm-linux-gnueabihf
Configured with: /var/tmp/pamac-build-michael/arm-linux-gnueabihf-gcc-stage1/src/gcc/configure --prefix=/usr --program-prefix=arm-linux-gnueabihf- --with-local-prefix=/usr/arm-linux-gnueabihf --with-sysroot=/usr/arm-linux-gnueabihf --with-build-sysroot=/usr/arm-linux-gnueabihf --with-as=/usr/bin/arm-linux-gnueabihf-as --with-ld=/usr/bin/arm-linux-gnueabihf-ld --libdir=/usr/lib --libexecdir=/usr/lib --disable-nls --with-newlib --enable-languages=c,c++ --with-isl --with-linker-hash-style=gnu --with-system-zlib --enable-__cxa_atexit --enable-checking=release --enable-clocale=gnu --enable-default-pie --enable-default-ssp --enable-gnu-indirect-function --enable-gnu-unique-object --enable-install-libiberty --enable-linker-build-id --disable-lto --disable-plugin --disable-shared --disable-threads --disable-libssp --disable-libstdcxx-pch --disable-libunwind-exceptions --disable-multilib --disable-werror --target=arm-linux-gnueabihf --host=x86_64-pc-linux-gnu --build=x86_64-pc-linux-gnu --with-arch=armv6 --with-float=hard --with-fpu=vfp
Thread model: single
Supported LTO compression algorithms: zlib zstd
gcc version 10.2.0 (GCC) 
COMPILER_PATH=/usr/lib/gcc/arm-linux-gnueabihf/10.2.0/:/usr/lib/gcc/arm-linux-gnueabihf/10.2.0/:/usr/lib/gcc/arm-linux-gnueabihf/:/usr/lib/gcc/arm-linux-gnueabihf/10.2.0/:/usr/lib/gcc/arm-linux-gnueabihf/:/usr/lib/gcc/arm-linux-gnueabihf/10.2.0/../../../../arm-linux-gnueabihf/bin/
LIBRARY_PATH=/usr/lib/gcc/arm-linux-gnueabihf/10.2.0/:/usr/lib/gcc/arm-linux-gnueabihf/10.2.0/../../../../arm-linux-gnueabihf/lib/:/usr/arm-linux-gnueabihf/lib/
COLLECT_GCC_OPTIONS='-v' '-o' 'cmTC_490df'  '-mfloat-abi=hard' '-mfpu=vfp' '-mtls-dialect=gnu' '-marm' '-march=armv6+fp'
 /usr/lib/gcc/arm-linux-gnueabihf/10.2.0/collect2 --hash-style=gnu -dynamic-linker /lib/ld-linux-armhf.so.3 -X -m armelf_linux_eabi -o cmTC_490df Scrt1.o crti.o /usr/lib/gcc/arm-linux-gnueabihf/10.2.0/crtbeginS.o -L/usr/lib/gcc/arm-linux-gnueabihf/10.2.0 -L/usr/lib/gcc/arm-linux-gnueabihf/10.2.0/../../../../arm-linux-gnueabihf/lib -L/usr/arm-linux-gnueabihf/lib CMakeFiles/cmTC_490df.dir/CMakeCCompilerABI.c.o -lgcc -lc -lgcc /usr/lib/gcc/arm-linux-gnueabihf/10.2.0/crtendS.o crtn.o
/usr/bin/arm-linux-gnueabihf-ld: cannot find Scrt1.o: No such file or directory
/usr/bin/arm-linux-gnueabihf-ld: cannot find crti.o: No such file or directory
/usr/bin/arm-linux-gnueabihf-ld: cannot find -lc
/usr/bin/arm-linux-gnueabihf-ld: cannot find crtn.o: No such file or directory
collect2: error: ld returned 1 exit status
ninja: build stopped: subcommand failed.




Determining if the C compiler works failed with the following output:
Change Dir: /datahdd/Michi/OTH/GIT/HSP-RPOSC-Redpitaya-Oszilloskop/RP-LogicAnalyzerEclipse/build/CMakeFiles/CMakeTmp

Run Build Command(s):/usr/bin/ninja cmTC_98942 && [1/2] Building C object CMakeFiles/cmTC_98942.dir/testCCompiler.c.o
[2/2] Linking C executable cmTC_98942
FAILED: cmTC_98942 
: && /usr/bin/arm-linux-gnueabihf-gcc-10.2.0   CMakeFiles/cmTC_98942.dir/testCCompiler.c.o -o cmTC_98942   && :
/usr/bin/arm-linux-gnueabihf-ld: cannot find Scrt1.o: No such file or directory
/usr/bin/arm-linux-gnueabihf-ld: cannot find crti.o: No such file or directory
/usr/bin/arm-linux-gnueabihf-ld: cannot find -lc
/usr/bin/arm-linux-gnueabihf-ld: cannot find crtn.o: No such file or directory
collect2: error: ld returned 1 exit status
ninja: build stopped: subcommand failed.



Compiling the C compiler identification source file "CMakeCCompilerId.c" failed.
Compiler: /usr/bin/arm-linux-gnueabihf-gcc-10.2.0 
Build flags: 
Id flags:  

The output was:
1
/usr/bin/arm-linux-gnueabihf-ld: cannot find Scrt1.o: No such file or directory
/usr/bin/arm-linux-gnueabihf-ld: cannot find crti.o: No such file or directory
/usr/bin/arm-linux-gnueabihf-ld: cannot find -lc
/usr/bin/arm-linux-gnueabihf-ld: cannot find crtn.o: No such file or directory
collect2: error: ld returned 1 exit status


Detecting C compiler ABI info failed to compile with the following output:
Change Dir: /datahdd/Michi/OTH/GIT/HSP-RPOSC-Redpitaya-Oszilloskop/RP-LogicAnalyzerEclipse/build/CMakeFiles/CMakeTmp

Run Build Command(s):/usr/bin/ninja cmTC_e27cb && [1/2] Building C object CMakeFiles/cmTC_e27cb.dir/CMakeCCompilerABI.c.o
Using built-in specs.
COLLECT_GCC=/usr/bin/arm-linux-gnueabihf-gcc-10.2.0
Target: arm-linux-gnueabihf
Configured with: /var/tmp/pamac-build-michael/arm-linux-gnueabihf-gcc-stage1/src/gcc/configure --prefix=/usr --program-prefix=arm-linux-gnueabihf- --with-local-prefix=/usr/arm-linux-gnueabihf --with-sysroot=/usr/arm-linux-gnueabihf --with-build-sysroot=/usr/arm-linux-gnueabihf --with-as=/usr/bin/arm-linux-gnueabihf-as --with-ld=/usr/bin/arm-linux-gnueabihf-ld --libdir=/usr/lib --libexecdir=/usr/lib --disable-nls --with-newlib --enable-languages=c,c++ --with-isl --with-linker-hash-style=gnu --with-system-zlib --enable-__cxa_atexit --enable-checking=release --enable-clocale=gnu --enable-default-pie --enable-default-ssp --enable-gnu-indirect-function --enable-gnu-unique-object --enable-install-libiberty --enable-linker-build-id --disable-lto --disable-plugin --disable-shared --disable-threads --disable-libssp --disable-libstdcxx-pch --disable-libunwind-exceptions --disable-multilib --disable-werror --target=arm-linux-gnueabihf --host=x86_64-pc-linux-gnu --build=x86_64-pc-linux-gnu --with-arch=armv6 --with-float=hard --with-fpu=vfp
Thread model: single
Supported LTO compression algorithms: zlib zstd
gcc version 10.2.0 (GCC) 
COLLECT_GCC_OPTIONS='-v' '-o' 'CMakeFiles/cmTC_e27cb.dir/CMakeCCompilerABI.c.o' '-c'  '-mfloat-abi=hard' '-mfpu=vfp' '-mtls-dialect=gnu' '-marm' '-march=armv6+fp'
 /usr/lib/gcc/arm-linux-gnueabihf/10.2.0/cc1 -quiet -v /usr/share/cmake-3.19/Modules/CMakeCCompilerABI.c -quiet -dumpbase CMakeCCompilerABI.c -mfloat-abi=hard -mfpu=vfp -mtls-dialect=gnu -marm -march=armv6+fp -auxbase-strip CMakeFiles/cmTC_e27cb.dir/CMakeCCompilerABI.c.o -version -o /tmp/ccb4NzNW.s
GNU C17 (GCC) version 10.2.0 (arm-linux-gnueabihf)
	compiled by GNU C version 10.2.0, GMP version 6.2.1, MPFR version 4.1.0, MPC version 1.2.1, isl version isl-0.21-GMP

GGC heuristics: --param ggc-min-expand=100 --param ggc-min-heapsize=131072
ignoring nonexistent directory "/usr/arm-linux-gnueabihf/usr/arm-linux-gnueabihf/include"
ignoring nonexistent directory "/usr/arm-linux-gnueabihf/usr/include"
#include "..." search starts here:
#include <...> search starts here:
 /usr/lib/gcc/arm-linux-gnueabihf/10.2.0/include
 /usr/lib/gcc/arm-linux-gnueabihf/10.2.0/include-fixed
 /usr/lib/gcc/arm-linux-gnueabihf/10.2.0/../../../../arm-linux-gnueabihf/include
End of search list.
GNU C17 (GCC) version 10.2.0 (arm-linux-gnueabihf)
	compiled by GNU C version 10.2.0, GMP version 6.2.1, MPFR version 4.1.0, MPC version 1.2.1, isl version isl-0.21-GMP

GGC heuristics: --param ggc-min-expand=100 --param ggc-min-heapsize=131072
Compiler executable checksum: bac3aa4354ab3a70385f8acbbdc87b72
COLLECT_GCC_OPTIONS='-v' '-o' 'CMakeFiles/cmTC_e27cb.dir/CMakeCCompilerABI.c.o' '-c'  '-mfloat-abi=hard' '-mfpu=vfp' '-mtls-dialect=gnu' '-marm' '-march=armv6+fp'
 /usr/bin/arm-linux-gnueabihf-as -v -march=armv6 -mfloat-abi=hard -mfpu=vfp -meabi=5 -o CMakeFiles/cmTC_e27cb.dir/CMakeCCompilerABI.c.o /tmp/ccb4NzNW.s
GNU assembler version 2.35.1 (arm-linux-gnueabihf) using BFD version (GNU Binutils) 2.35.1
COMPILER_PATH=/usr/lib/gcc/arm-linux-gnueabihf/10.2.0/:/usr/lib/gcc/arm-linux-gnueabihf/10.2.0/:/usr/lib/gcc/arm-linux-gnueabihf/:/usr/lib/gcc/arm-linux-gnueabihf/10.2.0/:/usr/lib/gcc/arm-linux-gnueabihf/:/usr/lib/gcc/arm-linux-gnueabihf/10.2.0/../../../../arm-linux-gnueabihf/bin/
LIBRARY_PATH=/usr/lib/gcc/arm-linux-gnueabihf/10.2.0/:/usr/lib/gcc/arm-linux-gnueabihf/10.2.0/../../../../arm-linux-gnueabihf/lib/:/usr/arm-linux-gnueabihf/lib/
COLLECT_GCC_OPTIONS='-v' '-o' 'CMakeFiles/cmTC_e27cb.dir/CMakeCCompilerABI.c.o' '-c'  '-mfloat-abi=hard' '-mfpu=vfp' '-mtls-dialect=gnu' '-marm' '-march=armv6+fp'
[2/2] Linking C executable cmTC_e27cb
FAILED: cmTC_e27cb 
: && /usr/bin/arm-linux-gnueabihf-gcc-10.2.0  -v CMakeFiles/cmTC_e27cb.dir/CMakeCCompilerABI.c.o -o cmTC_e27cb   && :
Using built-in specs.
COLLECT_GCC=/usr/bin/arm-linux-gnueabihf-gcc-10.2.0
COLLECT_LTO_WRAPPER=/usr/lib/gcc/arm-linux-gnueabihf/10.2.0/lto-wrapper
Target: arm-linux-gnueabihf
Configured with: /var/tmp/pamac-build-michael/arm-linux-gnueabihf-gcc-stage1/src/gcc/configure --prefix=/usr --program-prefix=arm-linux-gnueabihf- --with-local-prefix=/usr/arm-linux-gnueabihf --with-sysroot=/usr/arm-linux-gnueabihf --with-build-sysroot=/usr/arm-linux-gnueabihf --with-as=/usr/bin/arm-linux-gnueabihf-as --with-ld=/usr/bin/arm-linux-gnueabihf-ld --libdir=/usr/lib --libexecdir=/usr/lib --disable-nls --with-newlib --enable-languages=c,c++ --with-isl --with-linker-hash-style=gnu --with-system-zlib --enable-__cxa_atexit --enable-checking=release --enable-clocale=gnu --enable-default-pie --enable-default-ssp --enable-gnu-indirect-function --enable-gnu-unique-object --enable-install-libiberty --enable-linker-build-id --disable-lto --disable-plugin --disable-shared --disable-threads --disable-libssp --disable-libstdcxx-pch --disable-libunwind-exceptions --disable-multilib --disable-werror --target=arm-linux-gnueabihf --host=x86_64-pc-linux-gnu --build=x86_64-pc-linux-gnu --with-arch=armv6 --with-float=hard --with-fpu=vfp
Thread model: single
Supported LTO compression algorithms: zlib zstd
gcc version 10.2.0 (GCC) 
COMPILER_PATH=/usr/lib/gcc/arm-linux-gnueabihf/10.2.0/:/usr/lib/gcc/arm-linux-gnueabihf/10.2.0/:/usr/lib/gcc/arm-linux-gnueabihf/:/usr/lib/gcc/arm-linux-gnueabihf/10.2.0/:/usr/lib/gcc/arm-linux-gnueabihf/:/usr/lib/gcc/arm-linux-gnueabihf/10.2.0/../../../../arm-linux-gnueabihf/bin/
LIBRARY_PATH=/usr/lib/gcc/arm-linux-gnueabihf/10.2.0/:/usr/lib/gcc/arm-linux-gnueabihf/10.2.0/../../../../arm-linux-gnueabihf/lib/:/usr/arm-linux-gnueabihf/lib/
COLLECT_GCC_OPTIONS='-v' '-o' 'cmTC_e27cb'  '-mfloat-abi=hard' '-mfpu=vfp' '-mtls-dialect=gnu' '-marm' '-march=armv6+fp'
 /usr/lib/gcc/arm-linux-gnueabihf/10.2.0/collect2 --hash-style=gnu -dynamic-linker /lib/ld-linux-armhf.so.3 -X -m armelf_linux_eabi -o cmTC_e27cb Scrt1.o crti.o /usr/lib/gcc/arm-linux-gnueabihf/10.2.0/crtbeginS.o -L/usr/lib/gcc/arm-linux-gnueabihf/10.2.0 -L/usr/lib/gcc/arm-linux-gnueabihf/10.2.0/../../../../arm-linux-gnueabihf/lib -L/usr/arm-linux-gnueabihf/lib CMakeFiles/cmTC_e27cb.dir/CMakeCCompilerABI.c.o -lgcc -lc -lgcc /usr/lib/gcc/arm-linux-gnueabihf/10.2.0/crtendS.o crtn.o
/usr/bin/arm-linux-gnueabihf-ld: cannot find Scrt1.o: No such file or directory
/usr/bin/arm-linux-gnueabihf-ld: cannot find crti.o: No such file or directory
/usr/bin/arm-linux-gnueabihf-ld: cannot find -lc
/usr/bin/arm-linux-gnueabihf-ld: cannot find crtn.o: No such file or directory
collect2: error: ld returned 1 exit status
ninja: build stopped: subcommand failed.




Determining if the C compiler works failed with the following output:
Change Dir: /datahdd/Michi/OTH/GIT/HSP-RPOSC-Redpitaya-Oszilloskop/RP-LogicAnalyzerEclipse/build/CMakeFiles/CMakeTmp

Run Build Command(s):/usr/bin/ninja cmTC_67fc9 && [1/2] Building C object CMakeFiles/cmTC_67fc9.dir/testCCompiler.c.o
[2/2] Linking C executable cmTC_67fc9
FAILED: cmTC_67fc9 
: && /usr/bin/arm-linux-gnueabihf-gcc-10.2.0   CMakeFiles/cmTC_67fc9.dir/testCCompiler.c.o -o cmTC_67fc9   && :
/usr/bin/arm-linux-gnueabihf-ld: cannot find Scrt1.o: No such file or directory
/usr/bin/arm-linux-gnueabihf-ld: cannot find crti.o: No such file or directory
/usr/bin/arm-linux-gnueabihf-ld: cannot find -lc
/usr/bin/arm-linux-gnueabihf-ld: cannot find crtn.o: No such file or directory
collect2: error: ld returned 1 exit status
ninja: build stopped: subcommand failed.



