The system is: Linux - 5.10.23-1-MANJARO - x86_64
Compiling the C compiler identification source file "CMakeCCompilerId.c" succeeded.
Compiler: /usr/bin/arm-linux-gnueabihf-gcc-10.2.0 
Build flags: 
Id flags: -c 

The output was:
0


Compilation of the C compiler identification source "CMakeCCompilerId.c" produced "CMakeCCompilerId.o"

The C compiler identification is GNU, found in "/datahdd/Michi/OTH/GIT/HSP-RPOSC-Redpitaya-Oszilloskop/RP-LogicAnalyzerEclipse/build/CMakeFiles/3.19.7/CompilerIdC/CMakeCCompilerId.o"

Compiling the CXX compiler identification source file "CMakeCXXCompilerId.cpp" succeeded.
Compiler: /usr/bin/c++ 
Build flags: 
Id flags:  

The output was:
0


Compilation of the CXX compiler identification source "CMakeCXXCompilerId.cpp" produced "a.out"

The CXX compiler identification is GNU, found in "/datahdd/Michi/OTH/GIT/HSP-RPOSC-Redpitaya-Oszilloskop/RP-LogicAnalyzerEclipse/build/CMakeFiles/3.19.7/CompilerIdCXX/a.out"

Compiling the C compiler identification source file "CMakeCCompilerId.c" succeeded.
Compiler: /usr/bin/arm-linux-gnueabihf-gcc-10.2.0 
Build flags: 
Id flags: -c 

The output was:
0


Compilation of the C compiler identification source "CMakeCCompilerId.c" produced "CMakeCCompilerId.o"

The C compiler identification is GNU, found in "/datahdd/Michi/OTH/GIT/HSP-RPOSC-Redpitaya-Oszilloskop/RP-LogicAnalyzerEclipse/build/CMakeFiles/3.19.7/CompilerIdC/CMakeCCompilerId.o"

Compiling the CXX compiler identification source file "CMakeCXXCompilerId.cpp" succeeded.
Compiler: /usr/bin/c++ 
Build flags: 
Id flags:  

The output was:
0


Compilation of the CXX compiler identification source "CMakeCXXCompilerId.cpp" produced "a.out"

The CXX compiler identification is GNU, found in "/datahdd/Michi/OTH/GIT/HSP-RPOSC-Redpitaya-Oszilloskop/RP-LogicAnalyzerEclipse/build/CMakeFiles/3.19.7/CompilerIdCXX/a.out"

Compiling the C compiler identification source file "CMakeCCompilerId.c" succeeded.
Compiler: /usr/bin/arm-linux-gnueabihf-gcc-10.2.0 
Build flags: 
Id flags: -c 

The output was:
0


Compilation of the C compiler identification source "CMakeCCompilerId.c" produced "CMakeCCompilerId.o"

The C compiler identification is GNU, found in "/datahdd/Michi/OTH/GIT/HSP-RPOSC-Redpitaya-Oszilloskop/RP-LogicAnalyzerEclipse/build/CMakeFiles/3.19.7/CompilerIdC/CMakeCCompilerId.o"

Compiling the CXX compiler identification source file "CMakeCXXCompilerId.cpp" succeeded.
Compiler: /usr/bin/c++ 
Build flags: 
Id flags:  

The output was:
0


Compilation of the CXX compiler identification source "CMakeCXXCompilerId.cpp" produced "a.out"

The CXX compiler identification is GNU, found in "/datahdd/Michi/OTH/GIT/HSP-RPOSC-Redpitaya-Oszilloskop/RP-LogicAnalyzerEclipse/build/CMakeFiles/3.19.7/CompilerIdCXX/a.out"

Compiling the C compiler identification source file "CMakeCCompilerId.c" succeeded.
Compiler: /usr/bin/arm-linux-gnueabihf-gcc-10.2.0 
Build flags: 
Id flags: -c 

The output was:
0


Compilation of the C compiler identification source "CMakeCCompilerId.c" produced "CMakeCCompilerId.o"

The C compiler identification is GNU, found in "/datahdd/Michi/OTH/GIT/HSP-RPOSC-Redpitaya-Oszilloskop/RP-LogicAnalyzerEclipse/build/CMakeFiles/3.19.7/CompilerIdC/CMakeCCompilerId.o"

Compiling the CXX compiler identification source file "CMakeCXXCompilerId.cpp" succeeded.
Compiler: /usr/bin/c++ 
Build flags: 
Id flags:  

The output was:
0


Compilation of the CXX compiler identification source "CMakeCXXCompilerId.cpp" produced "a.out"

The CXX compiler identification is GNU, found in "/datahdd/Michi/OTH/GIT/HSP-RPOSC-Redpitaya-Oszilloskop/RP-LogicAnalyzerEclipse/build/CMakeFiles/3.19.7/CompilerIdCXX/a.out"

Compiling the C compiler identification source file "CMakeCCompilerId.c" succeeded.
Compiler: /usr/bin/arm-linux-gnueabihf-gcc-10.2.0 
Build flags: 
Id flags: -c 

The output was:
0


Compilation of the C compiler identification source "CMakeCCompilerId.c" produced "CMakeCCompilerId.o"

The C compiler identification is GNU, found in "/datahdd/Michi/OTH/GIT/HSP-RPOSC-Redpitaya-Oszilloskop/RP-LogicAnalyzerEclipse/build/CMakeFiles/3.19.7/CompilerIdC/CMakeCCompilerId.o"

Compiling the CXX compiler identification source file "CMakeCXXCompilerId.cpp" succeeded.
Compiler: /usr/bin/c++ 
Build flags: 
Id flags:  

The output was:
0


Compilation of the CXX compiler identification source "CMakeCXXCompilerId.cpp" produced "a.out"

The CXX compiler identification is GNU, found in "/datahdd/Michi/OTH/GIT/HSP-RPOSC-Redpitaya-Oszilloskop/RP-LogicAnalyzerEclipse/build/CMakeFiles/3.19.7/CompilerIdCXX/a.out"

Compiling the C compiler identification source file "CMakeCCompilerId.c" succeeded.
Compiler: /usr/bin/arm-linux-gnueabihf-gcc-10.2.0 
Build flags: 
Id flags: -c 

The output was:
0


Compilation of the C compiler identification source "CMakeCCompilerId.c" produced "CMakeCCompilerId.o"

The C compiler identification is GNU, found in "/datahdd/Michi/OTH/GIT/HSP-RPOSC-Redpitaya-Oszilloskop/RP-LogicAnalyzerEclipse/build/CMakeFiles/3.19.7/CompilerIdC/CMakeCCompilerId.o"

Compiling the CXX compiler identification source file "CMakeCXXCompilerId.cpp" succeeded.
Compiler: /usr/bin/c++ 
Build flags: 
Id flags:  

The output was:
0


Compilation of the CXX compiler identification source "CMakeCXXCompilerId.cpp" produced "a.out"

The CXX compiler identification is GNU, found in "/datahdd/Michi/OTH/GIT/HSP-RPOSC-Redpitaya-Oszilloskop/RP-LogicAnalyzerEclipse/build/CMakeFiles/3.19.7/CompilerIdCXX/a.out"

Compiling the C compiler identification source file "CMakeCCompilerId.c" succeeded.
Compiler: /usr/bin/arm-linux-gnueabihf-gcc-10.2.0 
Build flags: 
Id flags: -c 

The output was:
0


Compilation of the C compiler identification source "CMakeCCompilerId.c" produced "CMakeCCompilerId.o"

The C compiler identification is GNU, found in "/datahdd/Michi/OTH/GIT/HSP-RPOSC-Redpitaya-Oszilloskop/RP-LogicAnalyzerEclipse/build/CMakeFiles/3.19.7/CompilerIdC/CMakeCCompilerId.o"

Compiling the CXX compiler identification source file "CMakeCXXCompilerId.cpp" succeeded.
Compiler: /usr/bin/c++ 
Build flags: 
Id flags:  

The output was:
0


Compilation of the CXX compiler identification source "CMakeCXXCompilerId.cpp" produced "a.out"

The CXX compiler identification is GNU, found in "/datahdd/Michi/OTH/GIT/HSP-RPOSC-Redpitaya-Oszilloskop/RP-LogicAnalyzerEclipse/build/CMakeFiles/3.19.7/CompilerIdCXX/a.out"

Compiling the C compiler identification source file "CMakeCCompilerId.c" succeeded.
Compiler: /usr/bin/arm-linux-gnueabihf-gcc-10.2.0 
Build flags: 
Id flags: -c 

The output was:
0


Compilation of the C compiler identification source "CMakeCCompilerId.c" produced "CMakeCCompilerId.o"

The C compiler identification is GNU, found in "/datahdd/Michi/OTH/GIT/HSP-RPOSC-Redpitaya-Oszilloskop/RP-LogicAnalyzerEclipse/build/CMakeFiles/3.19.7/CompilerIdC/CMakeCCompilerId.o"

Compiling the CXX compiler identification source file "CMakeCXXCompilerId.cpp" succeeded.
Compiler: /usr/bin/c++ 
Build flags: 
Id flags:  

The output was:
0


Compilation of the CXX compiler identification source "CMakeCXXCompilerId.cpp" produced "a.out"

The CXX compiler identification is GNU, found in "/datahdd/Michi/OTH/GIT/HSP-RPOSC-Redpitaya-Oszilloskop/RP-LogicAnalyzerEclipse/build/CMakeFiles/3.19.7/CompilerIdCXX/a.out"

